# JRE version: Java(TM) SE Runtime Environment 18.9 (11.0.16+11) (build 11.0.16+11-LTS-199)
# Java VM: Java HotSpot(TM) 64-Bit Server VM 18.9 (11.0.16+11-LTS-199, mixed mode, tiered, compressed oops, g1 gc, windows-amd64)
Heap:
 garbage-first heap   total 157696K, used 20598K [0x0000000080000000, 0x0000000100000000)
  region size 1024K, 18 young (18432K), 4 survivors (4096K)
 Metaspace       used 27302K, capacity 27966K, committed 28288K, reserved 1075200K
  class space    used 3099K, capacity 3357K, committed 3456K, reserved 1048576K
GC Heap History (10 events):
Event: 0.938 GC heap before
{Heap before GC invocations=1 (full 0):
 garbage-first heap   total 131072K, used 8148K [0x0000000080000000, 0x0000000100000000)
  region size 1024K, 6 young (6144K), 1 survivors (1024K)
 Metaspace       used 9943K, capacity 10073K, committed 10240K, reserved 1058816K
  class space    used 928K, capacity 976K, committed 1024K, reserved 1048576K
}
Event: 0.943 GC heap after
{Heap after GC invocations=2 (full 0):
 garbage-first heap   total 131072K, used 3653K [0x0000000080000000, 0x0000000100000000)
  region size 1024K, 1 young (1024K), 1 survivors (1024K)
 Metaspace       used 9943K, capacity 10073K, committed 10240K, reserved 1058816K
  class space    used 928K, capacity 976K, committed 1024K, reserved 1048576K
}
Event: 1.643 GC heap before
{Heap before GC invocations=2 (full 0):
 garbage-first heap   total 131072K, used 15941K [0x0000000080000000, 0x0000000100000000)
  region size 1024K, 13 young (13312K), 1 survivors (1024K)
 Metaspace       used 14249K, capacity 14566K, committed 14720K, reserved 1062912K
  class space    used 1451K, capacity 1573K, committed 1664K, reserved 1048576K
}
Event: 1.649 GC heap after
{Heap after GC invocations=3 (full 0):
 garbage-first heap   total 131072K, used 4647K [0x0000000080000000, 0x0000000100000000)
  region size 1024K, 2 young (2048K), 2 survivors (2048K)
 Metaspace       used 14249K, capacity 14566K, committed 14720K, reserved 1062912K
  class space    used 1451K, capacity 1573K, committed 1664K, reserved 1048576K
}
Event: 2.323 GC heap before
{Heap before GC invocations=3 (full 0):
 garbage-first heap   total 131072K, used 21031K [0x0000000080000000, 0x0000000100000000)
  region size 1024K, 19 young (19456K), 2 survivors (2048K)
 Metaspace       used 18335K, capacity 18816K, committed 18944K, reserved 1067008K
  class space    used 2000K, capacity 2193K, committed 2304K, reserved 1048576K
}
Event: 2.332 GC heap after
{Heap after GC invocations=4 (full 0):
 garbage-first heap   total 131072K, used 5616K [0x0000000080000000, 0x0000000100000000)
  region size 1024K, 3 young (3072K), 3 survivors (3072K)
 Metaspace       used 18335K, capacity 18816K, committed 18944K, reserved 1067008K
  class space    used 2000K, capacity 2193K, committed 2304K, reserved 1048576K
}
Event: 2.574 GC heap before
{Heap before GC invocations=4 (full 0):
 garbage-first heap   total 131072K, used 15856K [0x0000000080000000, 0x0000000100000000)
  region size 1024K, 14 young (14336K), 3 survivors (3072K)
 Metaspace       used 20628K, capacity 21075K, committed 21248K, reserved 1069056K
  class space    used 2253K, capacity 2435K, committed 2560K, reserved 1048576K
}
Event: 2.583 GC heap after
{Heap after GC invocations=5 (full 0):
 garbage-first heap   total 157696K, used 5835K [0x0000000080000000, 0x0000000100000000)
  region size 1024K, 3 young (3072K), 3 survivors (3072K)
 Metaspace       used 20628K, capacity 21075K, committed 21248K, reserved 1069056K
  class space    used 2253K, capacity 2435K, committed 2560K, reserved 1048576K
}
Event: 3.787 GC heap before
{Heap before GC invocations=6 (full 0):
 garbage-first heap   total 157696K, used 37579K [0x0000000080000000, 0x0000000100000000)
  region size 1024K, 34 young (34816K), 3 survivors (3072K)
 Metaspace       used 24802K, capacity 25435K, committed 25600K, reserved 1071104K
  class space    used 2783K, capacity 3033K, committed 3072K, reserved 1048576K
}
Event: 3.797 GC heap after
{Heap after GC invocations=7 (full 0):
 garbage-first heap   total 157696K, used 7286K [0x0000000080000000, 0x0000000100000000)
  region size 1024K, 4 young (4096K), 4 survivors (4096K)
 Metaspace       used 24802K, capacity 25435K, committed 25600K, reserved 1071104K
  class space    used 2783K, capacity 3033K, committed 3072K, reserved 1048576K
}

