# JRE version: Java(TM) SE Runtime Environment 18.9 (11.0.16+11) (build 11.0.16+11-LTS-199)
# Java VM: Java HotSpot(TM) 64-Bit Server VM 18.9 (11.0.16+11-LTS-199, mixed mode, tiered, compressed oops, g1 gc, windows-amd64)
Heap:
 garbage-first heap   total 157696K, used 60337K [0x0000000080000000, 0x0000000100000000)
  region size 1024K, 54 young (55296K), 6 survivors (6144K)
 Metaspace       used 23394K, capacity 23855K, committed 23984K, reserved 1071104K
  class space    used 2382K, capacity 2545K, committed 2560K, reserved 1048576K
GC Heap History (10 events):
Event: 1.440 GC heap before
{Heap before GC invocations=2 (full 0):
 garbage-first heap   total 131072K, used 16675K [0x0000000080000000, 0x0000000100000000)
  region size 1024K, 14 young (14336K), 1 survivors (1024K)
 Metaspace       used 13431K, capacity 13725K, committed 14080K, reserved 1062912K
  class space    used 1353K, capacity 1431K, committed 1536K, reserved 1048576K
}
Event: 1.445 GC heap after
{Heap after GC invocations=3 (full 0):
 garbage-first heap   total 131072K, used 4076K [0x0000000080000000, 0x0000000100000000)
  region size 1024K, 2 young (2048K), 2 survivors (2048K)
 Metaspace       used 13431K, capacity 13725K, committed 14080K, reserved 1062912K
  class space    used 1353K, capacity 1431K, committed 1536K, reserved 1048576K
}
Event: 1.938 GC heap before
{Heap before GC invocations=3 (full 0):
 garbage-first heap   total 131072K, used 22508K [0x0000000080000000, 0x0000000100000000)
  region size 1024K, 20 young (20480K), 2 survivors (2048K)
 Metaspace       used 15062K, capacity 15293K, committed 15488K, reserved 1062912K
  class space    used 1553K, capacity 1629K, committed 1664K, reserved 1048576K
}
Event: 1.946 GC heap after
{Heap after GC invocations=4 (full 0):
 garbage-first heap   total 131072K, used 4820K [0x0000000080000000, 0x0000000100000000)
  region size 1024K, 2 young (2048K), 2 survivors (2048K)
 Metaspace       used 15062K, capacity 15293K, committed 15488K, reserved 1062912K
  class space    used 1553K, capacity 1629K, committed 1664K, reserved 1048576K
}
Event: 2.840 GC heap before
{Heap before GC invocations=4 (full 0):
 garbage-first heap   total 131072K, used 30420K [0x0000000080000000, 0x0000000100000000)
  region size 1024K, 28 young (28672K), 2 survivors (2048K)
 Metaspace       used 19356K, capacity 19655K, committed 19968K, reserved 1067008K
  class space    used 2085K, capacity 2195K, committed 2304K, reserved 1048576K
}
Event: 2.850 GC heap after
{Heap after GC invocations=5 (full 0):
 garbage-first heap   total 157696K, used 6172K [0x0000000080000000, 0x0000000100000000)
  region size 1024K, 3 young (3072K), 3 survivors (3072K)
 Metaspace       used 19356K, capacity 19655K, committed 19968K, reserved 1067008K
  class space    used 2085K, capacity 2195K, committed 2304K, reserved 1048576K
}
Event: 3.969 GC heap before
{Heap before GC invocations=5 (full 0):
 garbage-first heap   total 157696K, used 25628K [0x0000000080000000, 0x0000000100000000)
  region size 1024K, 23 young (23552K), 3 survivors (3072K)
 Metaspace       used 20863K, capacity 21143K, committed 21296K, reserved 1069056K
  class space    used 2207K, capacity 2328K, committed 2432K, reserved 1048576K
}
Event: 3.983 GC heap after
{Heap after GC invocations=6 (full 0):
 garbage-first heap   total 157696K, used 8705K [0x0000000080000000, 0x0000000100000000)
  region size 1024K, 6 young (6144K), 6 survivors (6144K)
 Metaspace       used 20863K, capacity 21143K, committed 21296K, reserved 1069056K
  class space    used 2207K, capacity 2328K, committed 2432K, reserved 1048576K
}
Event: 6.125 GC heap before
{Heap before GC invocations=7 (full 0):
 garbage-first heap   total 157696K, used 57857K [0x0000000080000000, 0x0000000100000000)
  region size 1024K, 54 young (55296K), 6 survivors (6144K)
 Metaspace       used 21676K, capacity 22128K, committed 22320K, reserved 1069056K
  class space    used 2243K, capacity 2398K, committed 2432K, reserved 1048576K
}
Event: 6.148 GC heap after
{Heap after GC invocations=8 (full 0):
 garbage-first heap   total 157696K, used 12209K [0x0000000080000000, 0x0000000100000000)
  region size 1024K, 6 young (6144K), 6 survivors (6144K)
 Metaspace       used 21676K, capacity 22128K, committed 22320K, reserved 1069056K
  class space    used 2243K, capacity 2398K, committed 2432K, reserved 1048576K
}

