# JRE version: Java(TM) SE Runtime Environment 18.9 (11.0.16+11) (build 11.0.16+11-LTS-199)
# Java VM: Java HotSpot(TM) 64-Bit Server VM 18.9 (11.0.16+11-LTS-199, mixed mode, tiered, compressed oops, g1 gc, windows-amd64)
Heap:
 garbage-first heap   total 235520K, used 20150K [0x0000000080000000, 0x0000000100000000)
  region size 1024K, 10 young (10240K), 10 survivors (10240K)
 Metaspace       used 34551K, capacity 35777K, committed 35888K, reserved 1081344K
  class space    used 4395K, capacity 4894K, committed 4992K, reserved 1048576K
GC Heap History (10 events):
Event: 1.417 GC heap after
{Heap after GC invocations=4 (full 0):
 garbage-first heap   total 131072K, used 7401K [0x0000000080000000, 0x0000000100000000)
  region size 1024K, 2 young (2048K), 2 survivors (2048K)
 Metaspace       used 13533K, capacity 13817K, committed 13952K, reserved 1060864K
  class space    used 1447K, capacity 1583K, committed 1664K, reserved 1048576K
}
Event: 2.016 GC heap before
{Heap before GC invocations=4 (full 0):
 garbage-first heap   total 131072K, used 28905K [0x0000000080000000, 0x0000000100000000)
  region size 1024K, 23 young (23552K), 2 survivors (2048K)
 Metaspace       used 18140K, capacity 18702K, committed 18944K, reserved 1067008K
  class space    used 2071K, capacity 2288K, committed 2304K, reserved 1048576K
}
Event: 2.036 GC heap after
{Heap after GC invocations=5 (full 0):
 garbage-first heap   total 157696K, used 8300K [0x0000000080000000, 0x0000000100000000)
  region size 1024K, 3 young (3072K), 3 survivors (3072K)
 Metaspace       used 18140K, capacity 18702K, committed 18944K, reserved 1067008K
  class space    used 2071K, capacity 2288K, committed 2304K, reserved 1048576K
}
Event: 2.506 GC heap before
{Heap before GC invocations=5 (full 0):
 garbage-first heap   total 157696K, used 23660K [0x0000000080000000, 0x0000000100000000)
  region size 1024K, 19 young (19456K), 3 survivors (3072K)
 Metaspace       used 20633K, capacity 21204K, committed 21296K, reserved 1069056K
  class space    used 2429K, capacity 2683K, committed 2688K, reserved 1048576K
}
Event: 2.524 GC heap after
{Heap after GC invocations=6 (full 0):
 garbage-first heap   total 157696K, used 8921K [0x0000000080000000, 0x0000000100000000)
  region size 1024K, 3 young (3072K), 3 survivors (3072K)
 Metaspace       used 20633K, capacity 21204K, committed 21296K, reserved 1069056K
  class space    used 2429K, capacity 2683K, committed 2688K, reserved 1048576K
}
Event: 3.515 GC heap before
{Heap before GC invocations=7 (full 0):
 garbage-first heap   total 157696K, used 57049K [0x0000000080000000, 0x0000000100000000)
  region size 1024K, 50 young (51200K), 3 survivors (3072K)
 Metaspace       used 23287K, capacity 24018K, committed 24240K, reserved 1071104K
  class space    used 2785K, capacity 3058K, committed 3072K, reserved 1048576K
}
Event: 3.531 GC heap after
{Heap after GC invocations=8 (full 0):
 garbage-first heap   total 157696K, used 11502K [0x0000000080000000, 0x0000000100000000)
  region size 1024K, 6 young (6144K), 6 survivors (6144K)
 Metaspace       used 23287K, capacity 24018K, committed 24240K, reserved 1071104K
  class space    used 2785K, capacity 3058K, committed 3072K, reserved 1048576K
}
Event: 4.495 GC heap before
{Heap before GC invocations=8 (full 0):
 garbage-first heap   total 157696K, used 74990K [0x0000000080000000, 0x0000000100000000)
  region size 1024K, 68 young (69632K), 6 survivors (6144K)
 Metaspace       used 28872K, capacity 29798K, committed 30128K, reserved 1075200K
  class space    used 3621K, capacity 3979K, committed 4096K, reserved 1048576K
}
Event: 4.521 GC heap after
{Heap after GC invocations=9 (full 0):
 garbage-first heap   total 157696K, used 14265K [0x0000000080000000, 0x0000000100000000)
  region size 1024K, 7 young (7168K), 7 survivors (7168K)
 Metaspace       used 28872K, capacity 29798K, committed 30128K, reserved 1075200K
  class space    used 3621K, capacity 3979K, committed 4096K, reserved 1048576K
}
Event: 6.124 GC heap before
{Heap before GC invocations=9 (full 0):
 garbage-first heap   total 157696K, used 100281K [0x0000000080000000, 0x0000000100000000)
  region size 1024K, 87 young (89088K), 7 survivors (7168K)
 Metaspace       used 34551K, capacity 35777K, committed 35888K, reserved 1081344K
  class space    used 4395K, capacity 4894K, committed 4992K, reserved 1048576K
}

