# JRE version: Java(TM) SE Runtime Environment 18.9 (11.0.16+11) (build 11.0.16+11-LTS-199)
# Java VM: Java HotSpot(TM) 64-Bit Server VM 18.9 (11.0.16+11-LTS-199, mixed mode, tiered, compressed oops, g1 gc, windows-amd64)
Heap:
 garbage-first heap   total 157696K, used 43954K [0x0000000080000000, 0x0000000100000000)
  region size 1024K, 34 young (34816K), 6 survivors (6144K)
 Metaspace       used 31293K, capacity 31914K, committed 32000K, reserved 1077248K
  class space    used 3303K, capacity 3502K, committed 3584K, reserved 1048576K
GC Heap History (10 events):
Event: 2.348 GC heap before
{Heap before GC invocations=3 (full 0):
 garbage-first heap   total 131072K, used 23520K [0x0000000080000000, 0x0000000100000000)
  region size 1024K, 21 young (21504K), 2 survivors (2048K)
 Metaspace       used 15276K, capacity 15525K, committed 15872K, reserved 1062912K
  class space    used 1576K, capacity 1665K, committed 1792K, reserved 1048576K
}
Event: 2.354 GC heap after
{Heap after GC invocations=4 (full 0):
 garbage-first heap   total 131072K, used 4585K [0x0000000080000000, 0x0000000100000000)
  region size 1024K, 2 young (2048K), 2 survivors (2048K)
 Metaspace       used 15276K, capacity 15525K, committed 15872K, reserved 1062912K
  class space    used 1576K, capacity 1665K, committed 1792K, reserved 1048576K
}
Event: 4.099 GC heap before
{Heap before GC invocations=4 (full 0):
 garbage-first heap   total 131072K, used 39401K [0x0000000080000000, 0x0000000100000000)
  region size 1024K, 36 young (36864K), 2 survivors (2048K)
 Metaspace       used 20628K, capacity 20910K, committed 20992K, reserved 1069056K
  class space    used 2201K, capacity 2293K, committed 2304K, reserved 1048576K
}
Event: 4.119 GC heap after
{Heap after GC invocations=5 (full 0):
 garbage-first heap   total 157696K, used 7788K [0x0000000080000000, 0x0000000100000000)
  region size 1024K, 5 young (5120K), 5 survivors (5120K)
 Metaspace       used 20628K, capacity 20910K, committed 20992K, reserved 1069056K
  class space    used 2201K, capacity 2293K, committed 2304K, reserved 1048576K
}
Event: 5.567 GC heap before
{Heap before GC invocations=5 (full 0):
 garbage-first heap   total 157696K, used 17004K [0x0000000080000000, 0x0000000100000000)
  region size 1024K, 15 young (15360K), 5 survivors (5120K)
 Metaspace       used 20836K, capacity 21111K, committed 21248K, reserved 1069056K
  class space    used 2203K, capacity 2296K, committed 2304K, reserved 1048576K
}
Event: 5.586 GC heap after
{Heap after GC invocations=6 (full 0):
 garbage-first heap   total 157696K, used 9073K [0x0000000080000000, 0x0000000100000000)
  region size 1024K, 2 young (2048K), 2 survivors (2048K)
 Metaspace       used 20836K, capacity 21111K, committed 21248K, reserved 1069056K
  class space    used 2203K, capacity 2296K, committed 2304K, reserved 1048576K
}
Event: 7.802 GC heap before
{Heap before GC invocations=7 (full 0):
 garbage-first heap   total 157696K, used 50033K [0x0000000080000000, 0x0000000100000000)
  region size 1024K, 42 young (43008K), 2 survivors (2048K)
 Metaspace       used 21601K, capacity 22058K, committed 22144K, reserved 1069056K
  class space    used 2242K, capacity 2396K, committed 2432K, reserved 1048576K
}
Event: 7.814 GC heap after
{Heap after GC invocations=8 (full 0):
 garbage-first heap   total 157696K, used 11979K [0x0000000080000000, 0x0000000100000000)
  region size 1024K, 5 young (5120K), 5 survivors (5120K)
 Metaspace       used 21601K, capacity 22058K, committed 22144K, reserved 1069056K
  class space    used 2242K, capacity 2396K, committed 2432K, reserved 1048576K
}
Event: 10.869 GC heap before
{Heap before GC invocations=8 (full 0):
 garbage-first heap   total 157696K, used 66251K [0x0000000080000000, 0x0000000100000000)
  region size 1024K, 58 young (59392K), 5 survivors (5120K)
 Metaspace       used 23383K, capacity 23854K, committed 24064K, reserved 1071104K
  class space    used 2383K, capacity 2545K, committed 2560K, reserved 1048576K
}
Event: 10.884 GC heap after
{Heap after GC invocations=9 (full 0):
 garbage-first heap   total 157696K, used 14258K [0x0000000080000000, 0x0000000100000000)
  region size 1024K, 6 young (6144K), 6 survivors (6144K)
 Metaspace       used 23383K, capacity 23854K, committed 24064K, reserved 1071104K
  class space    used 2383K, capacity 2545K, committed 2560K, reserved 1048576K
}

