# JRE version: Java(TM) SE Runtime Environment 18.9 (11.0.16+11) (build 11.0.16+11-LTS-199)
# Java VM: Java HotSpot(TM) 64-Bit Server VM 18.9 (11.0.16+11-LTS-199, mixed mode, tiered, compressed oops, g1 gc, windows-amd64)
Heap:
 garbage-first heap   total 157696K, used 32220K [0x0000000080000000, 0x0000000100000000)
  region size 1024K, 25 young (25600K), 8 survivors (8192K)
 Metaspace       used 35707K, capacity 36913K, committed 37040K, reserved 1081344K
  class space    used 4284K, capacity 4754K, committed 4784K, reserved 1048576K
GC Heap History (10 events):
Event: 1.778 GC heap before
{Heap before GC invocations=3 (full 0):
 garbage-first heap   total 131072K, used 20631K [0x0000000080000000, 0x0000000100000000)
  region size 1024K, 14 young (14336K), 2 survivors (2048K)
 Metaspace       used 12743K, capacity 13119K, committed 13312K, reserved 1060864K
  class space    used 1283K, capacity 1425K, committed 1536K, reserved 1048576K
}
Event: 1.782 GC heap after
{Heap after GC invocations=4 (full 0):
 garbage-first heap   total 131072K, used 8767K [0x0000000080000000, 0x0000000100000000)
  region size 1024K, 2 young (2048K), 2 survivors (2048K)
 Metaspace       used 12743K, capacity 13119K, committed 13312K, reserved 1060864K
  class space    used 1283K, capacity 1425K, committed 1536K, reserved 1048576K
}
Event: 2.794 GC heap before
{Heap before GC invocations=4 (full 0):
 garbage-first heap   total 131072K, used 40511K [0x0000000080000000, 0x0000000100000000)
  region size 1024K, 33 young (33792K), 2 survivors (2048K)
 Metaspace       used 17333K, capacity 17943K, committed 18048K, reserved 1064960K
  class space    used 1858K, capacity 2084K, committed 2176K, reserved 1048576K
}
Event: 2.803 GC heap after
{Heap after GC invocations=5 (full 0):
 garbage-first heap   total 157696K, used 9817K [0x0000000080000000, 0x0000000100000000)
  region size 1024K, 3 young (3072K), 3 survivors (3072K)
 Metaspace       used 17333K, capacity 17943K, committed 18048K, reserved 1064960K
  class space    used 1858K, capacity 2084K, committed 2176K, reserved 1048576K
}
Event: 3.533 GC heap before
{Heap before GC invocations=5 (full 0):
 garbage-first heap   total 157696K, used 29273K [0x0000000080000000, 0x0000000100000000)
  region size 1024K, 23 young (23552K), 3 survivors (3072K)
 Metaspace       used 20558K, capacity 21202K, committed 21296K, reserved 1069056K
  class space    used 2285K, capacity 2564K, committed 2608K, reserved 1048576K
}
Event: 3.543 GC heap after
{Heap after GC invocations=6 (full 0):
 garbage-first heap   total 157696K, used 10777K [0x0000000080000000, 0x0000000100000000)
  region size 1024K, 3 young (3072K), 3 survivors (3072K)
 Metaspace       used 20558K, capacity 21202K, committed 21296K, reserved 1069056K
  class space    used 2285K, capacity 2564K, committed 2608K, reserved 1048576K
}
Event: 6.147 GC heap before
{Heap before GC invocations=7 (full 0):
 garbage-first heap   total 157696K, used 101913K [0x0000000080000000, 0x0000000100000000)
  region size 1024K, 92 young (94208K), 3 survivors (3072K)
 Metaspace       used 31082K, capacity 32079K, committed 32304K, reserved 1077248K
  class space    used 3612K, capacity 4046K, committed 4144K, reserved 1048576K
}
Event: 6.170 GC heap after
{Heap after GC invocations=8 (full 0):
 garbage-first heap   total 157696K, used 13786K [0x0000000080000000, 0x0000000100000000)
  region size 1024K, 6 young (6144K), 6 survivors (6144K)
 Metaspace       used 31082K, capacity 32079K, committed 32304K, reserved 1077248K
  class space    used 3612K, capacity 4046K, committed 4144K, reserved 1048576K
}
Event: 7.472 GC heap before
{Heap before GC invocations=8 (full 0):
 garbage-first heap   total 157696K, used 50650K [0x0000000080000000, 0x0000000100000000)
  region size 1024K, 43 young (44032K), 6 survivors (6144K)
 Metaspace       used 34620K, capacity 35764K, committed 35888K, reserved 1081344K
  class space    used 4102K, capacity 4562K, committed 4656K, reserved 1048576K
}
Event: 7.494 GC heap after
{Heap after GC invocations=9 (full 0):
 garbage-first heap   total 157696K, used 15836K [0x0000000080000000, 0x0000000100000000)
  region size 1024K, 8 young (8192K), 8 survivors (8192K)
 Metaspace       used 34620K, capacity 35764K, committed 35888K, reserved 1081344K
  class space    used 4102K, capacity 4562K, committed 4656K, reserved 1048576K
}

