# JRE version: Java(TM) SE Runtime Environment 18.9 (11.0.16+11) (build 11.0.16+11-LTS-199)
# Java VM: Java HotSpot(TM) 64-Bit Server VM 18.9 (11.0.16+11-LTS-199, mixed mode, tiered, compressed oops, g1 gc, windows-amd64)
Heap:
 garbage-first heap   total 157696K, used 74470K [0x0000000080000000, 0x0000000100000000)
  region size 1024K, 58 young (59392K), 10 survivors (10240K)
 Metaspace       used 32553K, capacity 33178K, committed 33536K, reserved 1079296K
  class space    used 3454K, capacity 3715K, committed 3840K, reserved 1048576K
GC Heap History (10 events):
Event: 1.414 GC heap before
{Heap before GC invocations=2 (full 0):
 garbage-first heap   total 131072K, used 14378K [0x0000000080000000, 0x0000000100000000)
  region size 1024K, 13 young (13312K), 2 survivors (2048K)
 Metaspace       used 12530K, capacity 12692K, committed 12928K, reserved 1060864K
  class space    used 1272K, capacity 1380K, committed 1408K, reserved 1048576K
}
Event: 1.422 GC heap after
{Heap after GC invocations=3 (full 0):
 garbage-first heap   total 131072K, used 3607K [0x0000000080000000, 0x0000000100000000)
  region size 1024K, 1 young (1024K), 1 survivors (1024K)
 Metaspace       used 12530K, capacity 12692K, committed 12928K, reserved 1060864K
  class space    used 1272K, capacity 1380K, committed 1408K, reserved 1048576K
}
Event: 1.909 GC heap before
{Heap before GC invocations=3 (full 0):
 garbage-first heap   total 131072K, used 19991K [0x0000000080000000, 0x0000000100000000)
  region size 1024K, 18 young (18432K), 1 survivors (1024K)
 Metaspace       used 14550K, capacity 14745K, committed 14976K, reserved 1062912K
  class space    used 1520K, capacity 1615K, committed 1664K, reserved 1048576K
}
Event: 1.915 GC heap after
{Heap after GC invocations=4 (full 0):
 garbage-first heap   total 131072K, used 4221K [0x0000000080000000, 0x0000000100000000)
  region size 1024K, 2 young (2048K), 2 survivors (2048K)
 Metaspace       used 14550K, capacity 14745K, committed 14976K, reserved 1062912K
  class space    used 1520K, capacity 1615K, committed 1664K, reserved 1048576K
}
Event: 3.011 GC heap before
{Heap before GC invocations=4 (full 0):
 garbage-first heap   total 131072K, used 32893K [0x0000000080000000, 0x0000000100000000)
  region size 1024K, 30 young (30720K), 2 survivors (2048K)
 Metaspace       used 19673K, capacity 19966K, committed 20224K, reserved 1067008K
  class space    used 2114K, capacity 2212K, committed 2304K, reserved 1048576K
}
Event: 3.024 GC heap after
{Heap after GC invocations=5 (full 0):
 garbage-first heap   total 157696K, used 6658K [0x0000000080000000, 0x0000000100000000)
  region size 1024K, 4 young (4096K), 4 survivors (4096K)
 Metaspace       used 19673K, capacity 19966K, committed 20224K, reserved 1067008K
  class space    used 2114K, capacity 2212K, committed 2304K, reserved 1048576K
}
Event: 5.154 GC heap before
{Heap before GC invocations=5 (full 0):
 garbage-first heap   total 157696K, used 62978K [0x0000000080000000, 0x0000000100000000)
  region size 1024K, 60 young (61440K), 4 survivors (4096K)
 Metaspace       used 20936K, capacity 21203K, committed 21248K, reserved 1069056K
  class space    used 2177K, capacity 2282K, committed 2304K, reserved 1048576K
}
Event: 5.190 GC heap after
{Heap after GC invocations=6 (full 0):
 garbage-first heap   total 157696K, used 11260K [0x0000000080000000, 0x0000000100000000)
  region size 1024K, 8 young (8192K), 8 survivors (8192K)
 Metaspace       used 20936K, capacity 21203K, committed 21248K, reserved 1069056K
  class space    used 2177K, capacity 2282K, committed 2304K, reserved 1048576K
}
Event: 8.191 GC heap before
{Heap before GC invocations=7 (full 0):
 garbage-first heap   total 157696K, used 126972K [0x0000000080000000, 0x0000000100000000)
  region size 1024K, 74 young (75776K), 8 survivors (8192K)
 Metaspace       used 30570K, capacity 31171K, committed 31488K, reserved 1077248K
  class space    used 3258K, capacity 3470K, committed 3584K, reserved 1048576K
}
Event: 8.258 GC heap after
{Heap after GC invocations=8 (full 0):
 garbage-first heap   total 157696K, used 26342K [0x0000000080000000, 0x0000000100000000)
  region size 1024K, 10 young (10240K), 10 survivors (10240K)
 Metaspace       used 30570K, capacity 31171K, committed 31488K, reserved 1077248K
  class space    used 3258K, capacity 3470K, committed 3584K, reserved 1048576K
}

