# JRE version: Java(TM) SE Runtime Environment 18.9 (11.0.16+11) (build 11.0.16+11-LTS-199)
# Java VM: Java HotSpot(TM) 64-Bit Server VM 18.9 (11.0.16+11-LTS-199, mixed mode, tiered, compressed oops, g1 gc, windows-amd64)
Heap:
 garbage-first heap   total 157696K, used 22823K [0x0000000080000000, 0x0000000100000000)
  region size 1024K, 19 young (19456K), 3 survivors (3072K)
 Metaspace       used 23585K, capacity 24144K, committed 24448K, reserved 1071104K
  class space    used 2640K, capacity 2884K, committed 2944K, reserved 1048576K
GC Heap History (10 events):
Event: 0.641 GC heap before
{Heap before GC invocations=0 (full 0):
 garbage-first heap   total 131072K, used 6144K [0x0000000080000000, 0x0000000100000000)
  region size 1024K, 7 young (7168K), 0 survivors (0K)
 Metaspace       used 7172K, capacity 7283K, committed 7296K, reserved 1056768K
  class space    used 627K, capacity 638K, committed 640K, reserved 1048576K
}
Event: 0.647 GC heap after
{Heap after GC invocations=1 (full 0):
 garbage-first heap   total 131072K, used 3919K [0x0000000080000000, 0x0000000100000000)
  region size 1024K, 1 young (1024K), 1 survivors (1024K)
 Metaspace       used 7172K, capacity 7283K, committed 7296K, reserved 1056768K
  class space    used 627K, capacity 638K, committed 640K, reserved 1048576K
}
Event: 1.013 GC heap before
{Heap before GC invocations=1 (full 0):
 garbage-first heap   total 131072K, used 9039K [0x0000000080000000, 0x0000000100000000)
  region size 1024K, 6 young (6144K), 1 survivors (1024K)
 Metaspace       used 9763K, capacity 9955K, committed 10240K, reserved 1058816K
  class space    used 888K, capacity 953K, committed 1024K, reserved 1048576K
}
Event: 1.018 GC heap after
{Heap after GC invocations=2 (full 0):
 garbage-first heap   total 131072K, used 5120K [0x0000000080000000, 0x0000000100000000)
  region size 1024K, 1 young (1024K), 1 survivors (1024K)
 Metaspace       used 9763K, capacity 9955K, committed 10240K, reserved 1058816K
  class space    used 888K, capacity 953K, committed 1024K, reserved 1048576K
}
Event: 1.615 GC heap before
{Heap before GC invocations=2 (full 0):
 garbage-first heap   total 131072K, used 16384K [0x0000000080000000, 0x0000000100000000)
  region size 1024K, 12 young (12288K), 1 survivors (1024K)
 Metaspace       used 13851K, capacity 14130K, committed 14336K, reserved 1062912K
  class space    used 1376K, capacity 1503K, committed 1536K, reserved 1048576K
}
Event: 1.621 GC heap after
{Heap after GC invocations=3 (full 0):
 garbage-first heap   total 131072K, used 5996K [0x0000000080000000, 0x0000000100000000)
  region size 1024K, 2 young (2048K), 2 survivors (2048K)
 Metaspace       used 13851K, capacity 14130K, committed 14336K, reserved 1062912K
  class space    used 1376K, capacity 1503K, committed 1536K, reserved 1048576K
}
Event: 2.255 GC heap before
{Heap before GC invocations=3 (full 0):
 garbage-first heap   total 131072K, used 22380K [0x0000000080000000, 0x0000000100000000)
  region size 1024K, 18 young (18432K), 2 survivors (2048K)
 Metaspace       used 17729K, capacity 18182K, committed 18304K, reserved 1064960K
  class space    used 1916K, capacity 2124K, committed 2176K, reserved 1048576K
}
Event: 2.264 GC heap after
{Heap after GC invocations=4 (full 0):
 garbage-first heap   total 131072K, used 7036K [0x0000000080000000, 0x0000000100000000)
  region size 1024K, 2 young (2048K), 2 survivors (2048K)
 Metaspace       used 17729K, capacity 18182K, committed 18304K, reserved 1064960K
  class space    used 1916K, capacity 2124K, committed 2176K, reserved 1048576K
}
Event: 2.760 GC heap before
{Heap before GC invocations=4 (full 0):
 garbage-first heap   total 131072K, used 19324K [0x0000000080000000, 0x0000000100000000)
  region size 1024K, 16 young (16384K), 2 survivors (2048K)
 Metaspace       used 20666K, capacity 21127K, committed 21248K, reserved 1069056K
  class space    used 2226K, capacity 2446K, committed 2560K, reserved 1048576K
}
Event: 2.768 GC heap after
{Heap after GC invocations=5 (full 0):
 garbage-first heap   total 157696K, used 7463K [0x0000000080000000, 0x0000000100000000)
  region size 1024K, 3 young (3072K), 3 survivors (3072K)
 Metaspace       used 20666K, capacity 21127K, committed 21248K, reserved 1069056K
  class space    used 2226K, capacity 2446K, committed 2560K, reserved 1048576K
}

