# JRE version: Java(TM) SE Runtime Environment 18.9 (11.0.16+11) (build 11.0.16+11-LTS-199)
# Java VM: Java HotSpot(TM) 64-Bit Server VM 18.9 (11.0.16+11-LTS-199, mixed mode, tiered, compressed oops, g1 gc, windows-amd64)
Heap:
 garbage-first heap   total 162816K, used 7527K [0x0000000080000000, 0x0000000100000000)
  region size 1024K, 4 young (4096K), 4 survivors (4096K)
 Metaspace       used 20647K, capacity 21171K, committed 21296K, reserved 1069056K
  class space    used 2407K, capacity 2646K, committed 2688K, reserved 1048576K
GC Heap History (9 events):
Event: 0.482 GC heap before
{Heap before GC invocations=0 (full 0):
 garbage-first heap   total 131072K, used 6144K [0x0000000080000000, 0x0000000100000000)
  region size 1024K, 7 young (7168K), 0 survivors (0K)
 Metaspace       used 7629K, capacity 7743K, committed 7936K, reserved 1056768K
  class space    used 678K, capacity 729K, committed 768K, reserved 1048576K
}
Event: 0.495 GC heap after
{Heap after GC invocations=1 (full 0):
 garbage-first heap   total 131072K, used 3756K [0x0000000080000000, 0x0000000100000000)
  region size 1024K, 1 young (1024K), 1 survivors (1024K)
 Metaspace       used 7629K, capacity 7743K, committed 7936K, reserved 1056768K
  class space    used 678K, capacity 729K, committed 768K, reserved 1048576K
}
Event: 0.750 GC heap before
{Heap before GC invocations=1 (full 0):
 garbage-first heap   total 131072K, used 8876K [0x0000000080000000, 0x0000000100000000)
  region size 1024K, 6 young (6144K), 1 survivors (1024K)
 Metaspace       used 9536K, capacity 9625K, committed 9728K, reserved 1058816K
  class space    used 923K, capacity 956K, committed 1024K, reserved 1048576K
}
Event: 0.754 GC heap after
{Heap after GC invocations=2 (full 0):
 garbage-first heap   total 131072K, used 4131K [0x0000000080000000, 0x0000000100000000)
  region size 1024K, 1 young (1024K), 1 survivors (1024K)
 Metaspace       used 9536K, capacity 9625K, committed 9728K, reserved 1058816K
  class space    used 923K, capacity 956K, committed 1024K, reserved 1048576K
}
Event: 1.110 GC heap before
{Heap before GC invocations=2 (full 0):
 garbage-first heap   total 131072K, used 15395K [0x0000000080000000, 0x0000000100000000)
  region size 1024K, 12 young (12288K), 1 survivors (1024K)
 Metaspace       used 13565K, capacity 13875K, committed 13952K, reserved 1060864K
  class space    used 1459K, capacity 1601K, committed 1664K, reserved 1048576K
}
Event: 1.116 GC heap after
{Heap after GC invocations=3 (full 0):
 garbage-first heap   total 131072K, used 5127K [0x0000000080000000, 0x0000000100000000)
  region size 1024K, 2 young (2048K), 2 survivors (2048K)
 Metaspace       used 13565K, capacity 13875K, committed 13952K, reserved 1060864K
  class space    used 1459K, capacity 1601K, committed 1664K, reserved 1048576K
}
Event: 1.471 GC heap before
{Heap before GC invocations=3 (full 0):
 garbage-first heap   total 131072K, used 21511K [0x0000000080000000, 0x0000000100000000)
  region size 1024K, 19 young (19456K), 2 survivors (2048K)
 Metaspace       used 17494K, capacity 17949K, committed 18176K, reserved 1064960K
  class space    used 1984K, capacity 2205K, committed 2304K, reserved 1048576K
}
Event: 1.478 GC heap after
{Heap after GC invocations=4 (full 0):
 garbage-first heap   total 131072K, used 6085K [0x0000000080000000, 0x0000000100000000)
  region size 1024K, 3 young (3072K), 3 survivors (3072K)
 Metaspace       used 17494K, capacity 17949K, committed 18176K, reserved 1064960K
  class space    used 1984K, capacity 2205K, committed 2304K, reserved 1048576K
}
Event: 1.862 GC heap before
{Heap before GC invocations=4 (full 0):
 garbage-first heap   total 131072K, used 25541K [0x0000000080000000, 0x0000000100000000)
  region size 1024K, 24 young (24576K), 3 survivors (3072K)
 Metaspace       used 20647K, capacity 21171K, committed 21296K, reserved 1069056K
  class space    used 2407K, capacity 2646K, committed 2688K, reserved 1048576K
}

