# JRE version: Java(TM) SE Runtime Environment 18.9 (11.0.16+11) (build 11.0.16+11-LTS-199)
# Java VM: Java HotSpot(TM) 64-Bit Server VM 18.9 (11.0.16+11-LTS-199, mixed mode, tiered, compressed oops, g1 gc, windows-amd64)
Heap:
 garbage-first heap   total 175104K, used 21191K [0x0000000080000000, 0x0000000100000000)
  region size 1024K, 16 young (16384K), 5 survivors (5120K)
 Metaspace       used 28623K, capacity 29495K, committed 29872K, reserved 1075200K
  class space    used 3331K, capacity 3714K, committed 3840K, reserved 1048576K
GC Heap History (10 events):
Event: 1.251 GC heap before
{Heap before GC invocations=2 (full 0):
 garbage-first heap   total 131072K, used 15639K [0x0000000080000000, 0x0000000100000000)
  region size 1024K, 9 young (9216K), 1 survivors (1024K)
 Metaspace       used 11250K, capacity 11450K, committed 11648K, reserved 1060864K
  class space    used 1077K, capacity 1150K, committed 1152K, reserved 1048576K
}
Event: 1.254 GC heap after
{Heap after GC invocations=3 (full 0):
 garbage-first heap   total 131072K, used 8130K [0x0000000080000000, 0x0000000100000000)
  region size 1024K, 2 young (2048K), 2 survivors (2048K)
 Metaspace       used 11250K, capacity 11450K, committed 11648K, reserved 1060864K
  class space    used 1077K, capacity 1150K, committed 1152K, reserved 1048576K
}
Event: 1.939 GC heap before
{Heap before GC invocations=3 (full 0):
 garbage-first heap   total 131072K, used 21442K [0x0000000080000000, 0x0000000100000000)
  region size 1024K, 15 young (15360K), 2 survivors (2048K)
 Metaspace       used 13885K, capacity 14365K, committed 14464K, reserved 1062912K
  class space    used 1441K, capacity 1624K, committed 1664K, reserved 1048576K
}
Event: 1.944 GC heap after
{Heap after GC invocations=4 (full 0):
 garbage-first heap   total 131072K, used 8486K [0x0000000080000000, 0x0000000100000000)
  region size 1024K, 1 young (1024K), 1 survivors (1024K)
 Metaspace       used 13885K, capacity 14365K, committed 14464K, reserved 1062912K
  class space    used 1441K, capacity 1624K, committed 1664K, reserved 1048576K
}
Event: 2.712 GC heap before
{Heap before GC invocations=4 (full 0):
 garbage-first heap   total 131072K, used 29990K [0x0000000080000000, 0x0000000100000000)
  region size 1024K, 22 young (22528K), 1 survivors (1024K)
 Metaspace       used 16764K, capacity 17324K, committed 17408K, reserved 1064960K
  class space    used 1797K, capacity 2018K, committed 2048K, reserved 1048576K
}
Event: 2.720 GC heap after
{Heap after GC invocations=5 (full 0):
 garbage-first heap   total 175104K, used 9146K [0x0000000080000000, 0x0000000100000000)
  region size 1024K, 2 young (2048K), 2 survivors (2048K)
 Metaspace       used 16764K, capacity 17324K, committed 17408K, reserved 1064960K
  class space    used 1797K, capacity 2018K, committed 2048K, reserved 1048576K
}
Event: 3.650 GC heap before
{Heap before GC invocations=5 (full 0):
 garbage-first heap   total 175104K, used 30650K [0x0000000080000000, 0x0000000100000000)
  region size 1024K, 24 young (24576K), 2 survivors (2048K)
 Metaspace       used 20489K, capacity 21152K, committed 21296K, reserved 1069056K
  class space    used 2298K, capacity 2604K, committed 2688K, reserved 1048576K
}
Event: 3.660 GC heap after
{Heap after GC invocations=6 (full 0):
 garbage-first heap   total 175104K, used 10447K [0x0000000080000000, 0x0000000100000000)
  region size 1024K, 3 young (3072K), 3 survivors (3072K)
 Metaspace       used 20489K, capacity 21152K, committed 21296K, reserved 1069056K
  class space    used 2298K, capacity 2604K, committed 2688K, reserved 1048576K
}
Event: 4.972 GC heap before
{Heap before GC invocations=7 (full 0):
 garbage-first heap   total 175104K, used 50383K [0x0000000080000000, 0x0000000100000000)
  region size 1024K, 43 young (44032K), 3 survivors (3072K)
 Metaspace       used 27690K, capacity 28502K, committed 28720K, reserved 1075200K
  class space    used 3231K, capacity 3597K, committed 3712K, reserved 1048576K
}
Event: 4.983 GC heap after
{Heap after GC invocations=8 (full 0):
 garbage-first heap   total 175104K, used 11975K [0x0000000080000000, 0x0000000100000000)
  region size 1024K, 5 young (5120K), 5 survivors (5120K)
 Metaspace       used 27690K, capacity 28502K, committed 28720K, reserved 1075200K
  class space    used 3231K, capacity 3597K, committed 3712K, reserved 1048576K
}

