# JRE version: Java(TM) SE Runtime Environment 18.9 (11.0.16+11) (build 11.0.16+11-LTS-199)
# Java VM: Java HotSpot(TM) 64-Bit Server VM 18.9 (11.0.16+11-LTS-199, mixed mode, tiered, compressed oops, g1 gc, windows-amd64)
Heap:
 garbage-first heap   total 157696K, used 39630K [0x0000000080000000, 0x0000000100000000)
  region size 1024K, 27 young (27648K), 7 survivors (7168K)
 Metaspace       used 38424K, capacity 38935K, committed 39116K, reserved 1083392K
  class space    used 4314K, capacity 4494K, committed 4556K, reserved 1048576K
GC Heap History (10 events):
Event: 1.799 GC heap before
{Heap before GC invocations=3 (full 0):
 garbage-first heap   total 131072K, used 23056K [0x0000000080000000, 0x0000000100000000)
  region size 1024K, 21 young (21504K), 2 survivors (2048K)
 Metaspace       used 14565K, capacity 14809K, committed 14976K, reserved 1062912K
  class space    used 1522K, capacity 1615K, committed 1664K, reserved 1048576K
}
Event: 1.806 GC heap after
{Heap after GC invocations=4 (full 0):
 garbage-first heap   total 131072K, used 4273K [0x0000000080000000, 0x0000000100000000)
  region size 1024K, 3 young (3072K), 3 survivors (3072K)
 Metaspace       used 14565K, capacity 14809K, committed 14976K, reserved 1062912K
  class space    used 1522K, capacity 1615K, committed 1664K, reserved 1048576K
}
Event: 3.595 GC heap before
{Heap before GC invocations=4 (full 0):
 garbage-first heap   total 131072K, used 40113K [0x0000000080000000, 0x0000000100000000)
  region size 1024K, 38 young (38912K), 3 survivors (3072K)
 Metaspace       used 19850K, capacity 20200K, committed 20480K, reserved 1067008K
  class space    used 2119K, capacity 2247K, committed 2304K, reserved 1048576K
}
Event: 3.614 GC heap after
{Heap after GC invocations=5 (full 0):
 garbage-first heap   total 157696K, used 7426K [0x0000000080000000, 0x0000000100000000)
  region size 1024K, 5 young (5120K), 5 survivors (5120K)
 Metaspace       used 19850K, capacity 20200K, committed 20480K, reserved 1067008K
  class space    used 2119K, capacity 2247K, committed 2304K, reserved 1048576K
}
Event: 5.729 GC heap before
{Heap before GC invocations=5 (full 0):
 garbage-first heap   total 157696K, used 60674K [0x0000000080000000, 0x0000000100000000)
  region size 1024K, 58 young (59392K), 5 survivors (5120K)
 Metaspace       used 20908K, capacity 21222K, committed 21248K, reserved 1069056K
  class space    used 2167K, capacity 2288K, committed 2304K, reserved 1048576K
}
Event: 5.758 GC heap after
{Heap after GC invocations=6 (full 0):
 garbage-first heap   total 157696K, used 11953K [0x0000000080000000, 0x0000000100000000)
  region size 1024K, 10 young (10240K), 10 survivors (10240K)
 Metaspace       used 20908K, capacity 21222K, committed 21248K, reserved 1069056K
  class space    used 2167K, capacity 2288K, committed 2304K, reserved 1048576K
}
Event: 7.626 GC heap before
{Heap before GC invocations=7 (full 0):
 garbage-first heap   total 157696K, used 74417K [0x0000000080000000, 0x0000000100000000)
  region size 1024K, 69 young (70656K), 10 survivors (10240K)
 Metaspace       used 23936K, capacity 24284K, committed 24448K, reserved 1071104K
  class space    used 2493K, capacity 2626K, committed 2688K, reserved 1048576K
}
Event: 7.657 GC heap after
{Heap after GC invocations=8 (full 0):
 garbage-first heap   total 157696K, used 16553K [0x0000000080000000, 0x0000000100000000)
  region size 1024K, 8 young (8192K), 8 survivors (8192K)
 Metaspace       used 23936K, capacity 24284K, committed 24448K, reserved 1071104K
  class space    used 2493K, capacity 2626K, committed 2688K, reserved 1048576K
}
Event: 14.440 GC heap before
{Heap before GC invocations=8 (full 0):
 garbage-first heap   total 157696K, used 70825K [0x0000000080000000, 0x0000000100000000)
  region size 1024K, 62 young (63488K), 8 survivors (8192K)
 Metaspace       used 35307K, capacity 35798K, committed 35840K, reserved 1081344K
  class space    used 3872K, capacity 4072K, committed 4096K, reserved 1048576K
}
Event: 14.463 GC heap after
{Heap after GC invocations=9 (full 0):
 garbage-first heap   total 157696K, used 20174K [0x0000000080000000, 0x0000000100000000)
  region size 1024K, 7 young (7168K), 7 survivors (7168K)
 Metaspace       used 35307K, capacity 35798K, committed 35840K, reserved 1081344K
  class space    used 3872K, capacity 4072K, committed 4096K, reserved 1048576K
}

