# JRE version: Java(TM) SE Runtime Environment 18.9 (11.0.16+11) (build 11.0.16+11-LTS-199)
# Java VM: Java HotSpot(TM) 64-Bit Server VM 18.9 (11.0.16+11-LTS-199, mixed mode, tiered, compressed oops, g1 gc, windows-amd64)
Heap:
 garbage-first heap   total 235520K, used 20912K [0x0000000080000000, 0x0000000100000000)
  region size 1024K, 10 young (10240K), 10 survivors (10240K)
 Metaspace       used 51278K, capacity 52586K, committed 52764K, reserved 1103872K
  class space    used 6670K, capacity 7241K, committed 7372K, reserved 1048576K
GC Heap History (10 events):
Event: 2.129 GC heap before
{Heap before GC invocations=5 (full 0):
 garbage-first heap   total 165888K, used 19951K [0x0000000080000000, 0x0000000100000000)
  region size 1024K, 15 young (15360K), 3 survivors (3072K)
 Metaspace       used 20593K, capacity 21174K, committed 21552K, reserved 1069056K
  class space    used 2380K, capacity 2604K, committed 2688K, reserved 1048576K
}
Event: 2.139 GC heap after
{Heap after GC invocations=6 (full 0):
 garbage-first heap   total 165888K, used 9708K [0x0000000080000000, 0x0000000100000000)
  region size 1024K, 4 young (4096K), 4 survivors (4096K)
 Metaspace       used 20593K, capacity 21174K, committed 21552K, reserved 1069056K
  class space    used 2380K, capacity 2604K, committed 2688K, reserved 1048576K
}
Event: 3.483 GC heap before
{Heap before GC invocations=7 (full 0):
 garbage-first heap   total 165888K, used 53740K [0x0000000080000000, 0x0000000100000000)
  region size 1024K, 47 young (48128K), 4 survivors (4096K)
 Metaspace       used 23692K, capacity 24406K, committed 24624K, reserved 1071104K
  class space    used 2857K, capacity 3169K, committed 3200K, reserved 1048576K
}
Event: 3.512 GC heap after
{Heap after GC invocations=8 (full 0):
 garbage-first heap   total 165888K, used 11110K [0x0000000080000000, 0x0000000100000000)
  region size 1024K, 5 young (5120K), 5 survivors (5120K)
 Metaspace       used 23692K, capacity 24406K, committed 24624K, reserved 1071104K
  class space    used 2857K, capacity 3169K, committed 3200K, reserved 1048576K
}
Event: 5.390 GC heap before
{Heap before GC invocations=8 (full 0):
 garbage-first heap   total 165888K, used 98150K [0x0000000080000000, 0x0000000100000000)
  region size 1024K, 91 young (93184K), 5 survivors (5120K)
 Metaspace       used 34740K, capacity 35849K, committed 35920K, reserved 1081344K
  class space    used 4385K, capacity 4854K, committed 4864K, reserved 1048576K
}
Event: 5.417 GC heap after
{Heap after GC invocations=9 (full 0):
 garbage-first heap   total 165888K, used 16331K [0x0000000080000000, 0x0000000100000000)
  region size 1024K, 10 young (10240K), 10 survivors (10240K)
 Metaspace       used 34740K, capacity 35849K, committed 35920K, reserved 1081344K
  class space    used 4385K, capacity 4854K, committed 4864K, reserved 1048576K
}
Event: 7.532 GC heap before
{Heap before GC invocations=10 (full 0):
 garbage-first heap   total 165888K, used 105419K [0x0000000080000000, 0x0000000100000000)
  region size 1024K, 97 young (99328K), 10 survivors (10240K)
 Metaspace       used 49259K, capacity 50594K, committed 50972K, reserved 1093632K
  class space    used 6446K, capacity 6981K, committed 7116K, reserved 1048576K
}
Event: 7.572 GC heap after
{Heap after GC invocations=11 (full 0):
 garbage-first heap   total 235520K, used 20400K [0x0000000080000000, 0x0000000100000000)
  region size 1024K, 10 young (10240K), 10 survivors (10240K)
 Metaspace       used 49259K, capacity 50594K, committed 50972K, reserved 1093632K
  class space    used 6446K, capacity 6981K, committed 7116K, reserved 1048576K
}
Event: 8.006 GC heap before
{Heap before GC invocations=11 (full 0):
 garbage-first heap   total 235520K, used 39856K [0x0000000080000000, 0x0000000100000000)
  region size 1024K, 30 young (30720K), 10 survivors (10240K)
 Metaspace       used 51278K, capacity 52586K, committed 52764K, reserved 1101824K
  class space    used 6670K, capacity 7241K, committed 7372K, reserved 1048576K
}
Event: 8.035 GC heap after
{Heap after GC invocations=12 (full 0):
 garbage-first heap   total 235520K, used 20912K [0x0000000080000000, 0x0000000100000000)
  region size 1024K, 10 young (10240K), 10 survivors (10240K)
 Metaspace       used 51278K, capacity 52586K, committed 52764K, reserved 1101824K
  class space    used 6670K, capacity 7241K, committed 7372K, reserved 1048576K
}

