# JRE version: Java(TM) SE Runtime Environment 18.9 (11.0.16+11) (build 11.0.16+11-LTS-199)
# Java VM: Java HotSpot(TM) 64-Bit Server VM 18.9 (11.0.16+11-LTS-199, mixed mode, tiered, compressed oops, g1 gc, windows-amd64)
Heap:
 garbage-first heap   total 161792K, used 8852K [0x0000000080000000, 0x0000000100000000)
  region size 1024K, 3 young (3072K), 3 survivors (3072K)
 Metaspace       used 19572K, capacity 20090K, committed 20224K, reserved 1067008K
  class space    used 2270K, capacity 2480K, committed 2560K, reserved 1048576K
GC Heap History (9 events):
Event: 0.603 GC heap before
{Heap before GC invocations=0 (full 0):
 garbage-first heap   total 131072K, used 7168K [0x0000000080000000, 0x0000000100000000)
  region size 1024K, 7 young (7168K), 0 survivors (0K)
 Metaspace       used 6409K, capacity 6500K, committed 6784K, reserved 1056768K
  class space    used 569K, capacity 592K, committed 640K, reserved 1048576K
}
Event: 0.609 GC heap after
{Heap after GC invocations=1 (full 0):
 garbage-first heap   total 131072K, used 5291K [0x0000000080000000, 0x0000000100000000)
  region size 1024K, 1 young (1024K), 1 survivors (1024K)
 Metaspace       used 6409K, capacity 6500K, committed 6784K, reserved 1056768K
  class space    used 569K, capacity 592K, committed 640K, reserved 1048576K
}
Event: 0.826 GC heap before
{Heap before GC invocations=1 (full 0):
 garbage-first heap   total 131072K, used 10411K [0x0000000080000000, 0x0000000100000000)
  region size 1024K, 6 young (6144K), 1 survivors (1024K)
 Metaspace       used 8632K, capacity 8778K, committed 8832K, reserved 1056768K
  class space    used 798K, capacity 842K, committed 896K, reserved 1048576K
}
Event: 0.831 GC heap after
{Heap after GC invocations=2 (full 0):
 garbage-first heap   total 131072K, used 6280K [0x0000000080000000, 0x0000000100000000)
  region size 1024K, 1 young (1024K), 1 survivors (1024K)
 Metaspace       used 8632K, capacity 8778K, committed 8832K, reserved 1056768K
  class space    used 798K, capacity 842K, committed 896K, reserved 1048576K
}
Event: 1.292 GC heap before
{Heap before GC invocations=2 (full 0):
 garbage-first heap   total 131072K, used 15496K [0x0000000080000000, 0x0000000100000000)
  region size 1024K, 11 young (11264K), 1 survivors (1024K)
 Metaspace       used 10898K, capacity 11094K, committed 11264K, reserved 1058816K
  class space    used 1131K, capacity 1220K, committed 1280K, reserved 1048576K
}
Event: 1.302 GC heap after
{Heap after GC invocations=3 (full 0):
 garbage-first heap   total 131072K, used 6802K [0x0000000080000000, 0x0000000100000000)
  region size 1024K, 2 young (2048K), 2 survivors (2048K)
 Metaspace       used 10898K, capacity 11094K, committed 11264K, reserved 1058816K
  class space    used 1131K, capacity 1220K, committed 1280K, reserved 1048576K
}
Event: 2.235 GC heap before
{Heap before GC invocations=3 (full 0):
 garbage-first heap   total 131072K, used 22162K [0x0000000080000000, 0x0000000100000000)
  region size 1024K, 17 young (17408K), 2 survivors (2048K)
 Metaspace       used 14767K, capacity 15125K, committed 15488K, reserved 1062912K
  class space    used 1661K, capacity 1812K, committed 1920K, reserved 1048576K
}
Event: 2.254 GC heap after
{Heap after GC invocations=4 (full 0):
 garbage-first heap   total 131072K, used 7875K [0x0000000080000000, 0x0000000100000000)
  region size 1024K, 3 young (3072K), 3 survivors (3072K)
 Metaspace       used 14767K, capacity 15125K, committed 15488K, reserved 1062912K
  class space    used 1661K, capacity 1812K, committed 1920K, reserved 1048576K
}
Event: 3.283 GC heap before
{Heap before GC invocations=4 (full 0):
 garbage-first heap   total 131072K, used 32451K [0x0000000080000000, 0x0000000100000000)
  region size 1024K, 28 young (28672K), 3 survivors (3072K)
 Metaspace       used 19572K, capacity 20090K, committed 20224K, reserved 1067008K
  class space    used 2270K, capacity 2480K, committed 2560K, reserved 1048576K
}

