# JRE version: Java(TM) SE Runtime Environment 18.9 (11.0.16+11) (build 11.0.16+11-LTS-199)
# Java VM: Java HotSpot(TM) 64-Bit Server VM 18.9 (11.0.16+11-LTS-199, mixed mode, tiered, compressed oops, g1 gc, windows-amd64)
Heap:
 garbage-first heap   total 205824K, used 33153K [0x0000000080000000, 0x0000000100000000)
  region size 1024K, 5 young (5120K), 5 survivors (5120K)
 Metaspace       used 33325K, capacity 34064K, committed 34304K, reserved 1079296K
  class space    used 3481K, capacity 3768K, committed 3840K, reserved 1048576K
GC Heap History (10 events):
Event: 1.779 GC heap after
{Heap after GC invocations=4 (full 0):
 garbage-first heap   total 131072K, used 4280K [0x0000000080000000, 0x0000000100000000)
  region size 1024K, 3 young (3072K), 3 survivors (3072K)
 Metaspace       used 14492K, capacity 14713K, committed 14976K, reserved 1062912K
  class space    used 1514K, capacity 1583K, committed 1664K, reserved 1048576K
}
Event: 3.063 GC heap before
{Heap before GC invocations=4 (full 0):
 garbage-first heap   total 131072K, used 32952K [0x0000000080000000, 0x0000000100000000)
  region size 1024K, 31 young (31744K), 3 survivors (3072K)
 Metaspace       used 19675K, capacity 19998K, committed 20224K, reserved 1067008K
  class space    used 2115K, capacity 2244K, committed 2304K, reserved 1048576K
}
Event: 3.078 GC heap after
{Heap after GC invocations=5 (full 0):
 garbage-first heap   total 157696K, used 6808K [0x0000000080000000, 0x0000000100000000)
  region size 1024K, 4 young (4096K), 4 survivors (4096K)
 Metaspace       used 19675K, capacity 19998K, committed 20224K, reserved 1067008K
  class space    used 2115K, capacity 2244K, committed 2304K, reserved 1048576K
}
Event: 4.884 GC heap before
{Heap before GC invocations=5 (full 0):
 garbage-first heap   total 157696K, used 65176K [0x0000000080000000, 0x0000000100000000)
  region size 1024K, 62 young (63488K), 4 survivors (4096K)
 Metaspace       used 20898K, capacity 21212K, committed 21248K, reserved 1069056K
  class space    used 2168K, capacity 2285K, committed 2304K, reserved 1048576K
}
Event: 4.908 GC heap after
{Heap after GC invocations=6 (full 0):
 garbage-first heap   total 157696K, used 11821K [0x0000000080000000, 0x0000000100000000)
  region size 1024K, 9 young (9216K), 9 survivors (9216K)
 Metaspace       used 20898K, capacity 21212K, committed 21248K, reserved 1069056K
  class space    used 2168K, capacity 2285K, committed 2304K, reserved 1048576K
}
Event: 8.364 GC heap before
{Heap before GC invocations=7 (full 0):
 garbage-first heap   total 157696K, used 80429K [0x0000000080000000, 0x0000000100000000)
  region size 1024K, 74 young (75776K), 9 survivors (9216K)
 Metaspace       used 30527K, capacity 31087K, committed 31232K, reserved 1077248K
  class space    used 3235K, capacity 3461K, committed 3584K, reserved 1048576K
}
Event: 8.412 GC heap after
{Heap after GC invocations=8 (full 0):
 garbage-first heap   total 157696K, used 22366K [0x0000000080000000, 0x0000000100000000)
  region size 1024K, 10 young (10240K), 10 survivors (10240K)
 Metaspace       used 30527K, capacity 31087K, committed 31232K, reserved 1077248K
  class space    used 3235K, capacity 3461K, committed 3584K, reserved 1048576K
}
Event: 10.936 GC heap before
{Heap before GC invocations=8 (full 0):
 garbage-first heap   total 157696K, used 98142K [0x0000000080000000, 0x0000000100000000)
  region size 1024K, 81 young (82944K), 10 survivors (10240K)
 Metaspace       used 32239K, capacity 32851K, committed 33152K, reserved 1079296K
  class space    used 3410K, capacity 3622K, committed 3712K, reserved 1048576K
}
Event: 10.970 GC heap after
{Heap after GC invocations=9 (full 0):
 garbage-first heap   total 157696K, used 36352K [0x0000000080000000, 0x0000000100000000)
  region size 1024K, 11 young (11264K), 11 survivors (11264K)
 Metaspace       used 32239K, capacity 32851K, committed 33152K, reserved 1079296K
  class space    used 3410K, capacity 3622K, committed 3712K, reserved 1048576K
}
Event: 12.369 GC heap before
{Heap before GC invocations=9 (full 0):
 garbage-first heap   total 157696K, used 105984K [0x0000000080000000, 0x0000000100000000)
  region size 1024K, 79 young (80896K), 11 survivors (11264K)
 Metaspace       used 33325K, capacity 34064K, committed 34304K, reserved 1079296K
  class space    used 3481K, capacity 3768K, committed 3840K, reserved 1048576K
}

