# JRE version: Java(TM) SE Runtime Environment 18.9 (11.0.16+11) (build 11.0.16+11-LTS-199)
# Java VM: Java HotSpot(TM) 64-Bit Server VM 18.9 (11.0.16+11-LTS-199, mixed mode, tiered, compressed oops, g1 gc, windows-amd64)
Heap:
 garbage-first heap   total 159744K, used 60971K [0x0000000080000000, 0x0000000100000000)
  region size 1024K, 54 young (55296K), 4 survivors (4096K)
 Metaspace       used 28653K, capacity 29495K, committed 29872K, reserved 1075200K
  class space    used 3329K, capacity 3714K, committed 3840K, reserved 1048576K
GC Heap History (10 events):
Event: 0.851 GC heap before
{Heap before GC invocations=1 (full 0):
 garbage-first heap   total 131072K, used 8952K [0x0000000080000000, 0x0000000100000000)
  region size 1024K, 6 young (6144K), 1 survivors (1024K)
 Metaspace       used 9852K, capacity 10006K, committed 10240K, reserved 1058816K
  class space    used 906K, capacity 962K, committed 1024K, reserved 1048576K
}
Event: 0.857 GC heap after
{Heap after GC invocations=2 (full 0):
 garbage-first heap   total 131072K, used 8304K [0x0000000080000000, 0x0000000100000000)
  region size 1024K, 1 young (1024K), 1 survivors (1024K)
 Metaspace       used 9852K, capacity 10006K, committed 10240K, reserved 1058816K
  class space    used 906K, capacity 962K, committed 1024K, reserved 1048576K
}
Event: 1.281 GC heap before
{Heap before GC invocations=2 (full 0):
 garbage-first heap   total 131072K, used 16496K [0x0000000080000000, 0x0000000100000000)
  region size 1024K, 9 young (9216K), 1 survivors (1024K)
 Metaspace       used 11254K, capacity 11450K, committed 11648K, reserved 1060864K
  class space    used 1077K, capacity 1150K, committed 1152K, reserved 1048576K
}
Event: 1.283 GC heap after
{Heap after GC invocations=3 (full 0):
 garbage-first heap   total 131072K, used 8209K [0x0000000080000000, 0x0000000100000000)
  region size 1024K, 1 young (1024K), 1 survivors (1024K)
 Metaspace       used 11254K, capacity 11450K, committed 11648K, reserved 1060864K
  class space    used 1077K, capacity 1150K, committed 1152K, reserved 1048576K
}
Event: 1.904 GC heap before
{Heap before GC invocations=3 (full 0):
 garbage-first heap   total 131072K, used 21521K [0x0000000080000000, 0x0000000100000000)
  region size 1024K, 14 young (14336K), 1 survivors (1024K)
 Metaspace       used 13889K, capacity 14361K, committed 14464K, reserved 1062912K
  class space    used 1442K, capacity 1624K, committed 1664K, reserved 1048576K
}
Event: 1.909 GC heap after
{Heap after GC invocations=4 (full 0):
 garbage-first heap   total 131072K, used 8811K [0x0000000080000000, 0x0000000100000000)
  region size 1024K, 2 young (2048K), 2 survivors (2048K)
 Metaspace       used 13889K, capacity 14361K, committed 14464K, reserved 1062912K
  class space    used 1442K, capacity 1624K, committed 1664K, reserved 1048576K
}
Event: 2.640 GC heap before
{Heap before GC invocations=4 (full 0):
 garbage-first heap   total 131072K, used 30315K [0x0000000080000000, 0x0000000100000000)
  region size 1024K, 23 young (23552K), 2 survivors (2048K)
 Metaspace       used 16790K, capacity 17352K, committed 17536K, reserved 1064960K
  class space    used 1800K, capacity 2050K, committed 2176K, reserved 1048576K
}
Event: 2.646 GC heap after
{Heap after GC invocations=5 (full 0):
 garbage-first heap   total 131072K, used 9512K [0x0000000080000000, 0x0000000100000000)
  region size 1024K, 3 young (3072K), 3 survivors (3072K)
 Metaspace       used 16790K, capacity 17352K, committed 17536K, reserved 1064960K
  class space    used 1800K, capacity 2050K, committed 2176K, reserved 1048576K
}
Event: 3.622 GC heap before
{Heap before GC invocations=5 (full 0):
 garbage-first heap   total 131072K, used 31016K [0x0000000080000000, 0x0000000100000000)
  region size 1024K, 25 young (25600K), 3 survivors (3072K)
 Metaspace       used 20492K, capacity 21148K, committed 21296K, reserved 1069056K
  class space    used 2297K, capacity 2604K, committed 2688K, reserved 1048576K
}
Event: 3.633 GC heap after
{Heap after GC invocations=6 (full 0):
 garbage-first heap   total 159744K, used 10795K [0x0000000080000000, 0x0000000100000000)
  region size 1024K, 4 young (4096K), 4 survivors (4096K)
 Metaspace       used 20492K, capacity 21148K, committed 21296K, reserved 1069056K
  class space    used 2297K, capacity 2604K, committed 2688K, reserved 1048576K
}

