# JRE version: OpenJDK Runtime Environment (19.0.1+10) (build 19.0.1+10-21)
# Java VM: OpenJDK 64-Bit Server VM (19.0.1+10-21, mixed mode, sharing, tiered, compressed oops, compressed class ptrs, g1 gc, windows-amd64)
GC Precious Log:
 CardTable entry size: 512
 Card Set container configuration: InlinePtr #cards 5 size 8 Array Of Cards #cards 12 size 40 Howl #buckets 4 coarsen threshold 1843 Howl Bitmap #cards 512 size 80 coarsen threshold 460 Card regions per heap region 1 cards per card region 2048
 CPUs: 2 total, 2 available
 Memory: 8190M
 Large Page Support: Disabled
 NUMA Support: Disabled
 Compressed Oops: Enabled (32-bit)
 Heap Region Size: 1M
 Heap Min Capacity: 8M
 Heap Initial Capacity: 128M
 Heap Max Capacity: 2G
 Pre-touch: Disabled
 Parallel Workers: 2
 Concurrent Workers: 1
 Concurrent Refinement Workers: 2
 Periodic GC: Disabled
Heap:
 garbage-first heap   total 99328K, used 65350K [0x0000000080000000, 0x0000000100000000)
  region size 1024K, 28 young (28672K), 3 survivors (3072K)
 Metaspace       used 28211K, committed 28672K, reserved 1114112K
  class space    used 3003K, committed 3200K, reserved 1048576K
GC Heap History (20 events):
Event: 0.907 GC heap before
{Heap before GC invocations=0 (full 0):
 garbage-first heap   total 131072K, used 5120K [0x0000000080000000, 0x0000000100000000)
  region size 1024K, 6 young (6144K), 0 survivors (0K)
 Metaspace       used 2243K, committed 2432K, reserved 1114112K
  class space    used 197K, committed 320K, reserved 1048576K
}
Event: 1.015 GC heap after
{Heap after GC invocations=1 (full 0):
 garbage-first heap   total 131072K, used 2387K [0x0000000080000000, 0x0000000100000000)
  region size 1024K, 1 young (1024K), 1 survivors (1024K)
 Metaspace       used 2243K, committed 2432K, reserved 1114112K
  class space    used 197K, committed 320K, reserved 1048576K
}
Event: 1.367 GC heap before
{Heap before GC invocations=1 (full 0):
 garbage-first heap   total 131072K, used 7507K [0x0000000080000000, 0x0000000100000000)
  region size 1024K, 6 young (6144K), 1 survivors (1024K)
 Metaspace       used 3737K, committed 3904K, reserved 1114112K
  class space    used 339K, committed 448K, reserved 1048576K
}
Event: 1.374 GC heap after
{Heap after GC invocations=2 (full 0):
 garbage-first heap   total 131072K, used 3817K [0x0000000080000000, 0x0000000100000000)
  region size 1024K, 1 young (1024K), 1 survivors (1024K)
 Metaspace       used 3737K, committed 3904K, reserved 1114112K
  class space    used 339K, committed 448K, reserved 1048576K
}
Event: 1.773 GC heap before
{Heap before GC invocations=2 (full 0):
 garbage-first heap   total 131072K, used 12009K [0x0000000080000000, 0x0000000100000000)
  region size 1024K, 10 young (10240K), 1 survivors (1024K)
 Metaspace       used 6081K, committed 6272K, reserved 1114112K
  class space    used 657K, committed 768K, reserved 1048576K
}
Event: 1.781 GC heap after
{Heap after GC invocations=3 (full 0):
 garbage-first heap   total 131072K, used 4349K [0x0000000080000000, 0x0000000100000000)
  region size 1024K, 2 young (2048K), 2 survivors (2048K)
 Metaspace       used 6081K, committed 6272K, reserved 1114112K
  class space    used 657K, committed 768K, reserved 1048576K
}
Event: 4.856 GC heap before
{Heap before GC invocations=3 (full 0):
 garbage-first heap   total 131072K, used 58621K [0x0000000080000000, 0x0000000100000000)
  region size 1024K, 56 young (57344K), 2 survivors (2048K)
 Metaspace       used 13549K, committed 13760K, reserved 1114112K
  class space    used 1504K, committed 1600K, reserved 1048576K
}
Event: 4.879 GC heap after
{Heap after GC invocations=4 (full 0):
 garbage-first heap   total 131072K, used 9074K [0x0000000080000000, 0x0000000100000000)
  region size 1024K, 7 young (7168K), 7 survivors (7168K)
 Metaspace       used 13549K, committed 13760K, reserved 1114112K
  class space    used 1504K, committed 1600K, reserved 1048576K
}
Event: 10.704 GC heap before
{Heap before GC invocations=4 (full 0):
 garbage-first heap   total 131072K, used 78706K [0x0000000080000000, 0x0000000100000000)
  region size 1024K, 76 young (77824K), 7 survivors (7168K)
 Metaspace       used 15342K, committed 15616K, reserved 1114112K
  class space    used 1625K, committed 1728K, reserved 1048576K
}
Event: 10.733 GC heap after
{Heap after GC invocations=5 (full 0):
 garbage-first heap   total 131072K, used 13915K [0x0000000080000000, 0x0000000100000000)
  region size 1024K, 10 young (10240K), 10 survivors (10240K)
 Metaspace       used 15342K, committed 15616K, reserved 1114112K
  class space    used 1625K, committed 1728K, reserved 1048576K
}
Event: 14.749 GC heap before
{Heap before GC invocations=5 (full 0):
 garbage-first heap   total 131072K, used 49755K [0x0000000080000000, 0x0000000100000000)
  region size 1024K, 46 young (47104K), 10 survivors (10240K)
 Metaspace       used 21157K, committed 21504K, reserved 1114112K
  class space    used 2271K, committed 2432K, reserved 1048576K
}
Event: 14.779 GC heap after
{Heap after GC invocations=6 (full 0):
 garbage-first heap   total 131072K, used 16573K [0x0000000080000000, 0x0000000100000000)
  region size 1024K, 3 young (3072K), 3 survivors (3072K)
 Metaspace       used 21157K, committed 21504K, reserved 1114112K
  class space    used 2271K, committed 2432K, reserved 1048576K
}
Event: 16.426 GC heap before
{Heap before GC invocations=7 (full 0):
 garbage-first heap   total 61440K, used 50365K [0x0000000080000000, 0x0000000100000000)
  region size 1024K, 36 young (36864K), 3 survivors (3072K)
 Metaspace       used 24902K, committed 25280K, reserved 1114112K
  class space    used 2661K, committed 2816K, reserved 1048576K
}
Event: 16.454 GC heap after
{Heap after GC invocations=8 (full 0):
 garbage-first heap   total 64512K, used 26301K [0x0000000080000000, 0x0000000100000000)
  region size 1024K, 5 young (5120K), 5 survivors (5120K)
 Metaspace       used 24902K, committed 25280K, reserved 1114112K
  class space    used 2661K, committed 2816K, reserved 1048576K
}
Event: 16.464 GC heap before
{Heap before GC invocations=8 (full 0):
 garbage-first heap   total 64512K, used 27325K [0x0000000080000000, 0x0000000100000000)
  region size 1024K, 6 young (6144K), 5 survivors (5120K)
 Metaspace       used 24902K, committed 25280K, reserved 1114112K
  class space    used 2661K, committed 2816K, reserved 1048576K
}
Event: 16.480 GC heap after
{Heap after GC invocations=9 (full 0):
 garbage-first heap   total 99328K, used 27984K [0x0000000080000000, 0x0000000100000000)
  region size 1024K, 1 young (1024K), 1 survivors (1024K)
 Metaspace       used 24902K, committed 25280K, reserved 1114112K
  class space    used 2661K, committed 2816K, reserved 1048576K
}
Event: 18.803 GC heap before
{Heap before GC invocations=9 (full 0):
 garbage-first heap   total 99328K, used 67920K [0x0000000080000000, 0x0000000100000000)
  region size 1024K, 40 young (40960K), 1 survivors (1024K)
 Metaspace       used 26309K, committed 26688K, reserved 1114112K
  class space    used 2831K, committed 3008K, reserved 1048576K
}
Event: 18.820 GC heap after
{Heap after GC invocations=10 (full 0):
 garbage-first heap   total 99328K, used 41405K [0x0000000080000000, 0x0000000100000000)
  region size 1024K, 5 young (5120K), 5 survivors (5120K)
 Metaspace       used 26309K, committed 26688K, reserved 1114112K
  class space    used 2831K, committed 3008K, reserved 1048576K
}
Event: 20.601 GC heap before
{Heap before GC invocations=10 (full 0):
 garbage-first heap   total 99328K, used 69053K [0x0000000080000000, 0x0000000100000000)
  region size 1024K, 32 young (32768K), 5 survivors (5120K)
 Metaspace       used 26829K, committed 27328K, reserved 1114112K
  class space    used 2872K, committed 3072K, reserved 1048576K
}
Event: 20.609 GC heap after
{Heap after GC invocations=11 (full 0):
 garbage-first heap   total 99328K, used 40774K [0x0000000080000000, 0x0000000100000000)
  region size 1024K, 3 young (3072K), 3 survivors (3072K)
 Metaspace       used 26829K, committed 27328K, reserved 1114112K
  class space    used 2872K, committed 3072K, reserved 1048576K
}

