# JRE version: Java(TM) SE Runtime Environment 18.9 (11.0.16+11) (build 11.0.16+11-LTS-199)
# Java VM: Java HotSpot(TM) 64-Bit Server VM 18.9 (11.0.16+11-LTS-199, mixed mode, tiered, compressed oops, g1 gc, windows-amd64)
Heap:
 garbage-first heap   total 157696K, used 33031K [0x0000000080000000, 0x0000000100000000)
  region size 1024K, 20 young (20480K), 4 survivors (4096K)
 Metaspace       used 22055K, capacity 22436K, committed 22656K, reserved 1069056K
  class space    used 2244K, capacity 2392K, committed 2432K, reserved 1048576K
GC Heap History (10 events):
Event: 5.196 GC heap before
{Heap before GC invocations=2 (full 0):
 garbage-first heap   total 131072K, used 16305K [0x0000000080000000, 0x0000000100000000)
  region size 1024K, 14 young (14336K), 1 survivors (1024K)
 Metaspace       used 12419K, capacity 12596K, committed 12672K, reserved 1060864K
  class space    used 1253K, capacity 1348K, committed 1408K, reserved 1048576K
}
Event: 5.207 GC heap after
{Heap after GC invocations=3 (full 0):
 garbage-first heap   total 131072K, used 3662K [0x0000000080000000, 0x0000000100000000)
  region size 1024K, 2 young (2048K), 2 survivors (2048K)
 Metaspace       used 12419K, capacity 12596K, committed 12672K, reserved 1060864K
  class space    used 1253K, capacity 1348K, committed 1408K, reserved 1048576K
}
Event: 6.307 GC heap before
{Heap before GC invocations=3 (full 0):
 garbage-first heap   total 131072K, used 22094K [0x0000000080000000, 0x0000000100000000)
  region size 1024K, 20 young (20480K), 2 survivors (2048K)
 Metaspace       used 14470K, capacity 14649K, committed 14976K, reserved 1062912K
  class space    used 1509K, capacity 1583K, committed 1664K, reserved 1048576K
}
Event: 6.319 GC heap after
{Heap after GC invocations=4 (full 0):
 garbage-first heap   total 131072K, used 4370K [0x0000000080000000, 0x0000000100000000)
  region size 1024K, 3 young (3072K), 3 survivors (3072K)
 Metaspace       used 14470K, capacity 14649K, committed 14976K, reserved 1062912K
  class space    used 1509K, capacity 1583K, committed 1664K, reserved 1048576K
}
Event: 9.528 GC heap before
{Heap before GC invocations=4 (full 0):
 garbage-first heap   total 131072K, used 33042K [0x0000000080000000, 0x0000000100000000)
  region size 1024K, 31 young (31744K), 3 survivors (3072K)
 Metaspace       used 19787K, capacity 20123K, committed 20224K, reserved 1067008K
  class space    used 2123K, capacity 2243K, committed 2304K, reserved 1048576K
}
Event: 9.556 GC heap after
{Heap after GC invocations=5 (full 0):
 garbage-first heap   total 131072K, used 6597K [0x0000000080000000, 0x0000000100000000)
  region size 1024K, 4 young (4096K), 4 survivors (4096K)
 Metaspace       used 19787K, capacity 20123K, committed 20224K, reserved 1067008K
  class space    used 2123K, capacity 2243K, committed 2304K, reserved 1048576K
}
Event: 15.134 GC heap before
{Heap before GC invocations=5 (full 0):
 garbage-first heap   total 131072K, used 71109K [0x0000000080000000, 0x0000000100000000)
  region size 1024K, 68 young (69632K), 4 survivors (4096K)
 Metaspace       used 20907K, capacity 21203K, committed 21248K, reserved 1069056K
  class space    used 2169K, capacity 2282K, committed 2304K, reserved 1048576K
}
Event: 15.214 GC heap after
{Heap after GC invocations=6 (full 0):
 garbage-first heap   total 131072K, used 14218K [0x0000000080000000, 0x0000000100000000)
  region size 1024K, 10 young (10240K), 10 survivors (10240K)
 Metaspace       used 20907K, capacity 21203K, committed 21248K, reserved 1069056K
  class space    used 2169K, capacity 2282K, committed 2304K, reserved 1048576K
}
Event: 17.174 GC heap before
{Heap before GC invocations=7 (full 0):
 garbage-first heap   total 131072K, used 61322K [0x0000000080000000, 0x0000000100000000)
  region size 1024K, 56 young (57344K), 10 survivors (10240K)
 Metaspace       used 21901K, capacity 22308K, committed 22400K, reserved 1069056K
  class space    used 2244K, capacity 2392K, committed 2432K, reserved 1048576K
}
Event: 17.245 GC heap after
{Heap after GC invocations=8 (full 0):
 garbage-first heap   total 157696K, used 17671K [0x0000000080000000, 0x0000000100000000)
  region size 1024K, 4 young (4096K), 4 survivors (4096K)
 Metaspace       used 21901K, capacity 22308K, committed 22400K, reserved 1069056K
  class space    used 2244K, capacity 2392K, committed 2432K, reserved 1048576K
}

