<?xml version="1.0" encoding="UTF-8" ?>
<testsuite tests="4" failures="0" name="com.kumar.data.GreetingTest" time="0.031" errors="0" skipped="0">
  <properties>
[...]
</properties>
  <testcase classname="com.kumar.data.GreetingTest" name="TestHi" time="0.016"/>
  <testcase classname="com.kumar.data.GreetingTest" name="TestWelcome" time="0"/>
  <testcase classname="com.kumar.data.GreetingTest" name="TestThanks" time="0"/>
  <testcase classname="com.kumar.data.GreetingTest" name="TestHello" time="0.015"/>
</testsuite>