# JRE version: Java(TM) SE Runtime Environment 18.9 (11.0.16+11) (build 11.0.16+11-LTS-199)
# Java VM: Java HotSpot(TM) 64-Bit Server VM 18.9 (11.0.16+11-LTS-199, mixed mode, tiered, compressed oops, g1 gc, windows-amd64)
Heap:
 garbage-first heap   total 157696K, used 8600K [0x0000000080000000, 0x0000000100000000)
  region size 1024K, 5 young (5120K), 3 survivors (3072K)
 Metaspace       used 24483K, capacity 25082K, committed 25344K, reserved 1071104K
  class space    used 2750K, capacity 3022K, committed 3072K, reserved 1048576K
GC Heap History (10 events):
Event: 0.728 GC heap before
{Heap before GC invocations=1 (full 0):
 garbage-first heap   total 131072K, used 8088K [0x0000000080000000, 0x0000000100000000)
  region size 1024K, 6 young (6144K), 1 survivors (1024K)
 Metaspace       used 9866K, capacity 9974K, committed 10240K, reserved 1058816K
  class space    used 920K, capacity 943K, committed 1024K, reserved 1048576K
}
Event: 0.734 GC heap after
{Heap after GC invocations=2 (full 0):
 garbage-first heap   total 131072K, used 3701K [0x0000000080000000, 0x0000000100000000)
  region size 1024K, 1 young (1024K), 1 survivors (1024K)
 Metaspace       used 9866K, capacity 9974K, committed 10240K, reserved 1058816K
  class space    used 920K, capacity 943K, committed 1024K, reserved 1048576K
}
Event: 1.249 GC heap before
{Heap before GC invocations=2 (full 0):
 garbage-first heap   total 131072K, used 15989K [0x0000000080000000, 0x0000000100000000)
  region size 1024K, 13 young (13312K), 1 survivors (1024K)
 Metaspace       used 14106K, capacity 14408K, committed 14720K, reserved 1062912K
  class space    used 1433K, capacity 1562K, committed 1664K, reserved 1048576K
}
Event: 1.254 GC heap after
{Heap after GC invocations=3 (full 0):
 garbage-first heap   total 131072K, used 4635K [0x0000000080000000, 0x0000000100000000)
  region size 1024K, 2 young (2048K), 2 survivors (2048K)
 Metaspace       used 14106K, capacity 14408K, committed 14720K, reserved 1062912K
  class space    used 1433K, capacity 1562K, committed 1664K, reserved 1048576K
}
Event: 1.774 GC heap before
{Heap before GC invocations=3 (full 0):
 garbage-first heap   total 131072K, used 21019K [0x0000000080000000, 0x0000000100000000)
  region size 1024K, 19 young (19456K), 2 survivors (2048K)
 Metaspace       used 18126K, capacity 18535K, committed 18816K, reserved 1067008K
  class space    used 1952K, capacity 2142K, committed 2176K, reserved 1048576K
}
Event: 1.781 GC heap after
{Heap after GC invocations=4 (full 0):
 garbage-first heap   total 131072K, used 5533K [0x0000000080000000, 0x0000000100000000)
  region size 1024K, 2 young (2048K), 2 survivors (2048K)
 Metaspace       used 18126K, capacity 18535K, committed 18816K, reserved 1067008K
  class space    used 1952K, capacity 2142K, committed 2176K, reserved 1048576K
}
Event: 2.116 GC heap before
{Heap before GC invocations=4 (full 0):
 garbage-first heap   total 131072K, used 15773K [0x0000000080000000, 0x0000000100000000)
  region size 1024K, 14 young (14336K), 2 survivors (2048K)
 Metaspace       used 20684K, capacity 21107K, committed 21248K, reserved 1069056K
  class space    used 2267K, capacity 2467K, committed 2560K, reserved 1048576K
}
Event: 2.123 GC heap after
{Heap after GC invocations=5 (full 0):
 garbage-first heap   total 157696K, used 5809K [0x0000000080000000, 0x0000000100000000)
  region size 1024K, 3 young (3072K), 3 survivors (3072K)
 Metaspace       used 20684K, capacity 21107K, committed 21248K, reserved 1069056K
  class space    used 2267K, capacity 2467K, committed 2560K, reserved 1048576K
}
Event: 3.100 GC heap before
{Heap before GC invocations=6 (full 0):
 garbage-first heap   total 157696K, used 33457K [0x0000000080000000, 0x0000000100000000)
  region size 1024K, 31 young (31744K), 3 survivors (3072K)
 Metaspace       used 24291K, capacity 24891K, committed 25088K, reserved 1071104K
  class space    used 2723K, capacity 2982K, committed 3072K, reserved 1048576K
}
Event: 3.111 GC heap after
{Heap after GC invocations=7 (full 0):
 garbage-first heap   total 157696K, used 7576K [0x0000000080000000, 0x0000000100000000)
  region size 1024K, 3 young (3072K), 3 survivors (3072K)
 Metaspace       used 24291K, capacity 24891K, committed 25088K, reserved 1071104K
  class space    used 2723K, capacity 2982K, committed 3072K, reserved 1048576K
}

