# JRE version: Java(TM) SE Runtime Environment 18.9 (11.0.16+11) (build 11.0.16+11-LTS-199)
# Java VM: Java HotSpot(TM) 64-Bit Server VM 18.9 (11.0.16+11-LTS-199, mixed mode, tiered, compressed oops, g1 gc, windows-amd64)
Heap:
 garbage-first heap   total 157696K, used 27889K [0x0000000080000000, 0x0000000100000000)
  region size 1024K, 24 young (24576K), 3 survivors (3072K)
 Metaspace       used 27765K, capacity 28443K, committed 28544K, reserved 1075200K
  class space    used 3155K, capacity 3432K, committed 3456K, reserved 1048576K
GC Heap History (10 events):
Event: 0.897 GC heap before
{Heap before GC invocations=1 (full 0):
 garbage-first heap   total 131072K, used 8084K [0x0000000080000000, 0x0000000100000000)
  region size 1024K, 6 young (6144K), 1 survivors (1024K)
 Metaspace       used 9866K, capacity 9974K, committed 10240K, reserved 1058816K
  class space    used 920K, capacity 943K, committed 1024K, reserved 1048576K
}
Event: 0.905 GC heap after
{Heap after GC invocations=2 (full 0):
 garbage-first heap   total 131072K, used 3680K [0x0000000080000000, 0x0000000100000000)
  region size 1024K, 1 young (1024K), 1 survivors (1024K)
 Metaspace       used 9866K, capacity 9974K, committed 10240K, reserved 1058816K
  class space    used 920K, capacity 943K, committed 1024K, reserved 1048576K
}
Event: 1.520 GC heap before
{Heap before GC invocations=2 (full 0):
 garbage-first heap   total 131072K, used 15968K [0x0000000080000000, 0x0000000100000000)
  region size 1024K, 13 young (13312K), 1 survivors (1024K)
 Metaspace       used 14145K, capacity 14477K, committed 14720K, reserved 1062912K
  class space    used 1436K, capacity 1564K, committed 1664K, reserved 1048576K
}
Event: 1.525 GC heap after
{Heap after GC invocations=3 (full 0):
 garbage-first heap   total 131072K, used 4661K [0x0000000080000000, 0x0000000100000000)
  region size 1024K, 2 young (2048K), 2 survivors (2048K)
 Metaspace       used 14145K, capacity 14477K, committed 14720K, reserved 1062912K
  class space    used 1436K, capacity 1564K, committed 1664K, reserved 1048576K
}
Event: 2.072 GC heap before
{Heap before GC invocations=3 (full 0):
 garbage-first heap   total 131072K, used 21045K [0x0000000080000000, 0x0000000100000000)
  region size 1024K, 19 young (19456K), 2 survivors (2048K)
 Metaspace       used 18123K, capacity 18550K, committed 18816K, reserved 1067008K
  class space    used 1958K, capacity 2146K, committed 2176K, reserved 1048576K
}
Event: 2.079 GC heap after
{Heap after GC invocations=4 (full 0):
 garbage-first heap   total 131072K, used 5544K [0x0000000080000000, 0x0000000100000000)
  region size 1024K, 2 young (2048K), 2 survivors (2048K)
 Metaspace       used 18123K, capacity 18550K, committed 18816K, reserved 1067008K
  class space    used 1958K, capacity 2146K, committed 2176K, reserved 1048576K
}
Event: 2.425 GC heap before
{Heap before GC invocations=4 (full 0):
 garbage-first heap   total 131072K, used 15784K [0x0000000080000000, 0x0000000100000000)
  region size 1024K, 13 young (13312K), 2 survivors (2048K)
 Metaspace       used 20626K, capacity 21116K, committed 21248K, reserved 1069056K
  class space    used 2249K, capacity 2470K, committed 2560K, reserved 1048576K
}
Event: 2.433 GC heap after
{Heap after GC invocations=5 (full 0):
 garbage-first heap   total 157696K, used 6005K [0x0000000080000000, 0x0000000100000000)
  region size 1024K, 3 young (3072K), 3 survivors (3072K)
 Metaspace       used 20626K, capacity 21116K, committed 21248K, reserved 1069056K
  class space    used 2249K, capacity 2470K, committed 2560K, reserved 1048576K
}
Event: 3.581 GC heap before
{Heap before GC invocations=6 (full 0):
 garbage-first heap   total 157696K, used 32629K [0x0000000080000000, 0x0000000100000000)
  region size 1024K, 30 young (30720K), 3 survivors (3072K)
 Metaspace       used 24210K, capacity 24818K, committed 25088K, reserved 1071104K
  class space    used 2715K, capacity 2980K, committed 3072K, reserved 1048576K
}
Event: 3.592 GC heap after
{Heap after GC invocations=7 (full 0):
 garbage-first heap   total 157696K, used 7409K [0x0000000080000000, 0x0000000100000000)
  region size 1024K, 3 young (3072K), 3 survivors (3072K)
 Metaspace       used 24210K, capacity 24818K, committed 25088K, reserved 1071104K
  class space    used 2715K, capacity 2980K, committed 3072K, reserved 1048576K
}

