# JRE version: Java(TM) SE Runtime Environment 18.9 (11.0.16+11) (build 11.0.16+11-LTS-199)
# Java VM: Java HotSpot(TM) 64-Bit Server VM 18.9 (11.0.16+11-LTS-199, mixed mode, tiered, compressed oops, g1 gc, windows-amd64)
Heap:
 garbage-first heap   total 189440K, used 30102K [0x0000000080000000, 0x0000000100000000)
  region size 1024K, 10 young (10240K), 10 survivors (10240K)
 Metaspace       used 40661K, capacity 42258K, committed 42416K, reserved 1097728K
  class space    used 5356K, capacity 6043K, committed 6144K, reserved 1048576K
GC Heap History (10 events):
Event: 6.545 GC heap before
{Heap before GC invocations=7 (full 0):
 garbage-first heap   total 157696K, used 55749K [0x0000000080000000, 0x0000000100000000)
  region size 1024K, 50 young (51200K), 3 survivors (3072K)
 Metaspace       used 23193K, capacity 23889K, committed 23984K, reserved 1071104K
  class space    used 2780K, capacity 3058K, committed 3072K, reserved 1048576K
}
Event: 6.560 GC heap after
{Heap after GC invocations=8 (full 0):
 garbage-first heap   total 157696K, used 11660K [0x0000000080000000, 0x0000000100000000)
  region size 1024K, 6 young (6144K), 6 survivors (6144K)
 Metaspace       used 23193K, capacity 23889K, committed 23984K, reserved 1071104K
  class space    used 2780K, capacity 3058K, committed 3072K, reserved 1048576K
}
Event: 8.882 GC heap before
{Heap before GC invocations=8 (full 0):
 garbage-first heap   total 157696K, used 103820K [0x0000000080000000, 0x0000000100000000)
  region size 1024K, 92 young (94208K), 6 survivors (6144K)
 Metaspace       used 31320K, capacity 32281K, committed 32432K, reserved 1077248K
  class space    used 3887K, capacity 4298K, committed 4352K, reserved 1048576K
}
Event: 8.910 GC heap after
{Heap after GC invocations=9 (full 0):
 garbage-first heap   total 157696K, used 15911K [0x0000000080000000, 0x0000000100000000)
  region size 1024K, 10 young (10240K), 10 survivors (10240K)
 Metaspace       used 31320K, capacity 32281K, committed 32432K, reserved 1077248K
  class space    used 3887K, capacity 4298K, committed 4352K, reserved 1048576K
}
Event: 10.787 GC heap before
{Heap before GC invocations=9 (full 0):
 garbage-first heap   total 157696K, used 78375K [0x0000000080000000, 0x0000000100000000)
  region size 1024K, 71 young (72704K), 10 survivors (10240K)
 Metaspace       used 34575K, capacity 35828K, committed 35888K, reserved 1081344K
  class space    used 4422K, capacity 4954K, committed 4992K, reserved 1048576K
}
Event: 10.827 GC heap after
{Heap after GC invocations=10 (full 0):
 garbage-first heap   total 157696K, used 20447K [0x0000000080000000, 0x0000000100000000)
  region size 1024K, 10 young (10240K), 10 survivors (10240K)
 Metaspace       used 34575K, capacity 35828K, committed 35888K, reserved 1081344K
  class space    used 4422K, capacity 4954K, committed 4992K, reserved 1048576K
}
Event: 12.472 GC heap before
{Heap before GC invocations=11 (full 0):
 garbage-first heap   total 157696K, used 104415K [0x0000000080000000, 0x0000000100000000)
  region size 1024K, 92 young (94208K), 10 survivors (10240K)
 Metaspace       used 38253K, capacity 39794K, committed 39856K, reserved 1083392K
  class space    used 4982K, capacity 5627K, committed 5632K, reserved 1048576K
}
Event: 12.510 GC heap after
{Heap after GC invocations=12 (full 0):
 garbage-first heap   total 189440K, used 25030K [0x0000000080000000, 0x0000000100000000)
  region size 1024K, 10 young (10240K), 10 survivors (10240K)
 Metaspace       used 38253K, capacity 39794K, committed 39856K, reserved 1083392K
  class space    used 4982K, capacity 5627K, committed 5632K, reserved 1048576K
}
Event: 13.871 GC heap before
{Heap before GC invocations=12 (full 0):
 garbage-first heap   total 189440K, used 89542K [0x0000000080000000, 0x0000000100000000)
  region size 1024K, 74 young (75776K), 10 survivors (10240K)
 Metaspace       used 40661K, capacity 42258K, committed 42416K, reserved 1095680K
  class space    used 5356K, capacity 6043K, committed 6144K, reserved 1048576K
}
Event: 13.906 GC heap after
{Heap after GC invocations=13 (full 0):
 garbage-first heap   total 189440K, used 30102K [0x0000000080000000, 0x0000000100000000)
  region size 1024K, 10 young (10240K), 10 survivors (10240K)
 Metaspace       used 40661K, capacity 42258K, committed 42416K, reserved 1095680K
  class space    used 5356K, capacity 6043K, committed 6144K, reserved 1048576K
}

