# JRE version: Java(TM) SE Runtime Environment 18.9 (11.0.16+11) (build 11.0.16+11-LTS-199)
# Java VM: Java HotSpot(TM) 64-Bit Server VM 18.9 (11.0.16+11-LTS-199, mixed mode, tiered, compressed oops, g1 gc, windows-amd64)
Heap:
 garbage-first heap   total 189440K, used 107365K [0x0000000080000000, 0x0000000100000000)
  region size 1024K, 95 young (97280K), 9 survivors (9216K)
 Metaspace       used 68273K, capacity 70059K, committed 70272K, reserved 1110016K
  class space    used 8850K, capacity 9571K, committed 9600K, reserved 1048576K
GC Heap History (10 events):
Event: 3.572 GC heap before
{Heap before GC invocations=6 (full 0):
 garbage-first heap   total 157696K, used 37390K [0x0000000080000000, 0x0000000100000000)
  region size 1024K, 31 young (31744K), 3 survivors (3072K)
 Metaspace       used 24908K, capacity 25537K, committed 25600K, reserved 1071104K
  class space    used 2788K, capacity 3048K, committed 3072K, reserved 1048576K
}
Event: 3.584 GC heap after
{Heap after GC invocations=7 (full 0):
 garbage-first heap   total 157696K, used 10471K [0x0000000080000000, 0x0000000100000000)
  region size 1024K, 4 young (4096K), 4 survivors (4096K)
 Metaspace       used 24908K, capacity 25537K, committed 25600K, reserved 1071104K
  class space    used 2788K, capacity 3048K, committed 3072K, reserved 1048576K
}
Event: 5.707 GC heap before
{Heap before GC invocations=7 (full 0):
 garbage-first heap   total 157696K, used 71911K [0x0000000080000000, 0x0000000100000000)
  region size 1024K, 64 young (65536K), 4 survivors (4096K)
 Metaspace       used 31311K, capacity 32197K, committed 32512K, reserved 1077248K
  class space    used 3631K, capacity 3971K, committed 4096K, reserved 1048576K
}
Event: 5.726 GC heap after
{Heap after GC invocations=8 (full 0):
 garbage-first heap   total 157696K, used 12966K [0x0000000080000000, 0x0000000100000000)
  region size 1024K, 6 young (6144K), 6 survivors (6144K)
 Metaspace       used 31311K, capacity 32197K, committed 32512K, reserved 1077248K
  class space    used 3631K, capacity 3971K, committed 4096K, reserved 1048576K
}
Event: 7.152 GC heap before
{Heap before GC invocations=8 (full 0):
 garbage-first heap   total 157696K, used 29350K [0x0000000080000000, 0x0000000100000000)
  region size 1024K, 23 young (23552K), 6 survivors (6144K)
 Metaspace       used 34685K, capacity 35676K, committed 35840K, reserved 1081344K
  class space    used 4074K, capacity 4496K, committed 4608K, reserved 1048576K
}
Event: 7.169 GC heap after
{Heap after GC invocations=9 (full 0):
 garbage-first heap   total 157696K, used 14634K [0x0000000080000000, 0x0000000100000000)
  region size 1024K, 8 young (8192K), 8 survivors (8192K)
 Metaspace       used 34685K, capacity 35676K, committed 35840K, reserved 1081344K
  class space    used 4074K, capacity 4496K, committed 4608K, reserved 1048576K
}
Event: 10.819 GC heap before
{Heap before GC invocations=10 (full 0):
 garbage-first heap   total 157696K, used 83242K [0x0000000080000000, 0x0000000100000000)
  region size 1024K, 75 young (76800K), 8 survivors (8192K)
 Metaspace       used 44257K, capacity 45395K, committed 45696K, reserved 1089536K
  class space    used 5450K, capacity 5924K, committed 6016K, reserved 1048576K
}
Event: 10.855 GC heap after
{Heap after GC invocations=11 (full 0):
 garbage-first heap   total 189440K, used 17178K [0x0000000080000000, 0x0000000100000000)
  region size 1024K, 8 young (8192K), 8 survivors (8192K)
 Metaspace       used 44257K, capacity 45395K, committed 45696K, reserved 1089536K
  class space    used 5450K, capacity 5924K, committed 6016K, reserved 1048576K
}
Event: 14.154 GC heap before
{Heap before GC invocations=11 (full 0):
 garbage-first heap   total 189440K, used 99098K [0x0000000080000000, 0x0000000100000000)
  region size 1024K, 89 young (91136K), 8 survivors (8192K)
 Metaspace       used 58725K, capacity 60075K, committed 60160K, reserved 1101824K
  class space    used 7443K, capacity 8012K, committed 8064K, reserved 1048576K
}
Event: 14.180 GC heap after
{Heap after GC invocations=12 (full 0):
 garbage-first heap   total 189440K, used 21349K [0x0000000080000000, 0x0000000100000000)
  region size 1024K, 9 young (9216K), 9 survivors (9216K)
 Metaspace       used 58725K, capacity 60075K, committed 60160K, reserved 1101824K
  class space    used 7443K, capacity 8012K, committed 8064K, reserved 1048576K
}

