# JRE version: Java(TM) SE Runtime Environment 18.9 (11.0.16+11) (build 11.0.16+11-LTS-199)
# Java VM: Java HotSpot(TM) 64-Bit Server VM 18.9 (11.0.16+11-LTS-199, mixed mode, tiered, compressed oops, g1 gc, windows-amd64)
Heap:
 garbage-first heap   total 157696K, used 25497K [0x0000000080000000, 0x0000000100000000)
  region size 1024K, 20 young (20480K), 3 survivors (3072K)
 Metaspace       used 23640K, capacity 24230K, committed 24448K, reserved 1071104K
  class space    used 2651K, capacity 2889K, committed 2944K, reserved 1048576K
GC Heap History (10 events):
Event: 0.474 GC heap before
{Heap before GC invocations=0 (full 0):
 garbage-first heap   total 131072K, used 7168K [0x0000000080000000, 0x0000000100000000)
  region size 1024K, 7 young (7168K), 0 survivors (0K)
 Metaspace       used 6573K, capacity 6707K, committed 6784K, reserved 1056768K
  class space    used 575K, capacity 638K, committed 640K, reserved 1048576K
}
Event: 0.479 GC heap after
{Heap after GC invocations=1 (full 0):
 garbage-first heap   total 131072K, used 5416K [0x0000000080000000, 0x0000000100000000)
  region size 1024K, 1 young (1024K), 1 survivors (1024K)
 Metaspace       used 6573K, capacity 6707K, committed 6784K, reserved 1056768K
  class space    used 575K, capacity 638K, committed 640K, reserved 1048576K
}
Event: 0.915 GC heap before
{Heap before GC invocations=1 (full 0):
 garbage-first heap   total 131072K, used 10536K [0x0000000080000000, 0x0000000100000000)
  region size 1024K, 6 young (6144K), 1 survivors (1024K)
 Metaspace       used 9252K, capacity 9328K, committed 9600K, reserved 1058816K
  class space    used 839K, capacity 872K, committed 896K, reserved 1048576K
}
Event: 0.923 GC heap after
{Heap after GC invocations=2 (full 0):
 garbage-first heap   total 131072K, used 6607K [0x0000000080000000, 0x0000000100000000)
  region size 1024K, 1 young (1024K), 1 survivors (1024K)
 Metaspace       used 9252K, capacity 9328K, committed 9600K, reserved 1058816K
  class space    used 839K, capacity 872K, committed 896K, reserved 1048576K
}
Event: 1.370 GC heap before
{Heap before GC invocations=2 (full 0):
 garbage-first heap   total 131072K, used 17871K [0x0000000080000000, 0x0000000100000000)
  region size 1024K, 12 young (12288K), 1 survivors (1024K)
 Metaspace       used 12208K, capacity 12410K, committed 12672K, reserved 1060864K
  class space    used 1212K, capacity 1292K, committed 1408K, reserved 1048576K
}
Event: 1.375 GC heap after
{Heap after GC invocations=3 (full 0):
 garbage-first heap   total 131072K, used 7277K [0x0000000080000000, 0x0000000100000000)
  region size 1024K, 2 young (2048K), 2 survivors (2048K)
 Metaspace       used 12208K, capacity 12410K, committed 12672K, reserved 1060864K
  class space    used 1212K, capacity 1292K, committed 1408K, reserved 1048576K
}
Event: 1.938 GC heap before
{Heap before GC invocations=3 (full 0):
 garbage-first heap   total 131072K, used 23661K [0x0000000080000000, 0x0000000100000000)
  region size 1024K, 18 young (18432K), 2 survivors (2048K)
 Metaspace       used 16567K, capacity 17027K, committed 17152K, reserved 1064960K
  class space    used 1768K, capacity 1948K, committed 2048K, reserved 1048576K
}
Event: 1.946 GC heap after
{Heap after GC invocations=4 (full 0):
 garbage-first heap   total 131072K, used 8573K [0x0000000080000000, 0x0000000100000000)
  region size 1024K, 2 young (2048K), 2 survivors (2048K)
 Metaspace       used 16567K, capacity 17027K, committed 17152K, reserved 1064960K
  class space    used 1768K, capacity 1948K, committed 2048K, reserved 1048576K
}
Event: 2.281 GC heap before
{Heap before GC invocations=4 (full 0):
 garbage-first heap   total 131072K, used 25981K [0x0000000080000000, 0x0000000100000000)
  region size 1024K, 21 young (21504K), 2 survivors (2048K)
 Metaspace       used 20701K, capacity 21128K, committed 21248K, reserved 1069056K
  class space    used 2237K, capacity 2446K, committed 2560K, reserved 1048576K
}
Event: 2.289 GC heap after
{Heap after GC invocations=5 (full 0):
 garbage-first heap   total 157696K, used 9113K [0x0000000080000000, 0x0000000100000000)
  region size 1024K, 3 young (3072K), 3 survivors (3072K)
 Metaspace       used 20701K, capacity 21128K, committed 21248K, reserved 1069056K
  class space    used 2237K, capacity 2446K, committed 2560K, reserved 1048576K
}

