# JRE version: Java(TM) SE Runtime Environment 18.9 (11.0.16+11) (build 11.0.16+11-LTS-199)
# Java VM: Java HotSpot(TM) 64-Bit Server VM 18.9 (11.0.16+11-LTS-199, mixed mode, tiered, compressed oops, g1 gc, windows-amd64)
Heap:
 garbage-first heap   total 157696K, used 31903K [0x0000000080000000, 0x0000000100000000)
  region size 1024K, 28 young (28672K), 6 survivors (6144K)
 Metaspace       used 32857K, capacity 34085K, committed 34176K, reserved 1079296K
  class space    used 3925K, capacity 4433K, committed 4480K, reserved 1048576K
GC Heap History (10 events):
Event: 1.723 GC heap before
{Heap before GC invocations=2 (full 0):
 garbage-first heap   total 131072K, used 14557K [0x0000000080000000, 0x0000000100000000)
  region size 1024K, 11 young (11264K), 1 survivors (1024K)
 Metaspace       used 11357K, capacity 11803K, committed 11904K, reserved 1060864K
  class space    used 1196K, capacity 1356K, committed 1408K, reserved 1048576K
}
Event: 1.727 GC heap after
{Heap after GC invocations=3 (full 0):
 garbage-first heap   total 131072K, used 4764K [0x0000000080000000, 0x0000000100000000)
  region size 1024K, 1 young (1024K), 1 survivors (1024K)
 Metaspace       used 11357K, capacity 11803K, committed 11904K, reserved 1060864K
  class space    used 1196K, capacity 1356K, committed 1408K, reserved 1048576K
}
Event: 2.511 GC heap before
{Heap before GC invocations=3 (full 0):
 garbage-first heap   total 131072K, used 22172K [0x0000000080000000, 0x0000000100000000)
  region size 1024K, 18 young (18432K), 1 survivors (1024K)
 Metaspace       used 15272K, capacity 15825K, committed 16000K, reserved 1062912K
  class space    used 1639K, capacity 1850K, committed 1920K, reserved 1048576K
}
Event: 2.519 GC heap after
{Heap after GC invocations=4 (full 0):
 garbage-first heap   total 131072K, used 6141K [0x0000000080000000, 0x0000000100000000)
  region size 1024K, 3 young (3072K), 3 survivors (3072K)
 Metaspace       used 15272K, capacity 15825K, committed 16000K, reserved 1062912K
  class space    used 1639K, capacity 1850K, committed 1920K, reserved 1048576K
}
Event: 3.465 GC heap before
{Heap before GC invocations=4 (full 0):
 garbage-first heap   total 131072K, used 29693K [0x0000000080000000, 0x0000000100000000)
  region size 1024K, 26 young (26624K), 3 survivors (3072K)
 Metaspace       used 20012K, capacity 20764K, committed 21120K, reserved 1067008K
  class space    used 2253K, capacity 2572K, committed 2688K, reserved 1048576K
}
Event: 3.477 GC heap after
{Heap after GC invocations=5 (full 0):
 garbage-first heap   total 131072K, used 7626K [0x0000000080000000, 0x0000000100000000)
  region size 1024K, 4 young (4096K), 4 survivors (4096K)
 Metaspace       used 20012K, capacity 20764K, committed 21120K, reserved 1067008K
  class space    used 2253K, capacity 2572K, committed 2688K, reserved 1048576K
}
Event: 3.591 GC heap before
{Heap before GC invocations=5 (full 0):
 garbage-first heap   total 131072K, used 8650K [0x0000000080000000, 0x0000000100000000)
  region size 1024K, 6 young (6144K), 4 survivors (4096K)
 Metaspace       used 20415K, capacity 21173K, committed 21296K, reserved 1069056K
  class space    used 2297K, capacity 2624K, committed 2688K, reserved 1048576K
}
Event: 3.600 GC heap after
{Heap after GC invocations=6 (full 0):
 garbage-first heap   total 131072K, used 7882K [0x0000000080000000, 0x0000000100000000)
  region size 1024K, 4 young (4096K), 4 survivors (4096K)
 Metaspace       used 20415K, capacity 21173K, committed 21296K, reserved 1069056K
  class space    used 2297K, capacity 2624K, committed 2688K, reserved 1048576K
}
Event: 6.566 GC heap before
{Heap before GC invocations=7 (full 0):
 garbage-first heap   total 131072K, used 81610K [0x0000000080000000, 0x0000000100000000)
  region size 1024K, 76 young (77824K), 4 survivors (4096K)
 Metaspace       used 31028K, capacity 32071K, committed 32384K, reserved 1077248K
  class space    used 3667K, capacity 4099K, committed 4224K, reserved 1048576K
}
Event: 6.590 GC heap after
{Heap after GC invocations=8 (full 0):
 garbage-first heap   total 157696K, used 10399K [0x0000000080000000, 0x0000000100000000)
  region size 1024K, 6 young (6144K), 6 survivors (6144K)
 Metaspace       used 31028K, capacity 32071K, committed 32384K, reserved 1077248K
  class space    used 3667K, capacity 4099K, committed 4224K, reserved 1048576K
}

