# JRE version: Java(TM) SE Runtime Environment 18.9 (11.0.16+11) (build 11.0.16+11-LTS-199)
# Java VM: Java HotSpot(TM) 64-Bit Server VM 18.9 (11.0.16+11-LTS-199, mixed mode, tiered, compressed oops, g1 gc, windows-amd64)
Heap:
 garbage-first heap   total 157696K, used 51116K [0x0000000080000000, 0x0000000100000000)
  region size 1024K, 43 young (44032K), 12 survivors (12288K)
 Metaspace       used 34289K, capacity 34943K, committed 35072K, reserved 1081344K
  class space    used 3587K, capacity 3824K, committed 3840K, reserved 1048576K
GC Heap History (10 events):
Event: 2.073 GC heap before
{Heap before GC invocations=3 (full 0):
 garbage-first heap   total 131072K, used 22286K [0x0000000080000000, 0x0000000100000000)
  region size 1024K, 20 young (20480K), 2 survivors (2048K)
 Metaspace       used 15126K, capacity 15396K, committed 15488K, reserved 1062912K
  class space    used 1559K, capacity 1661K, committed 1664K, reserved 1048576K
}
Event: 2.078 GC heap after
{Heap after GC invocations=4 (full 0):
 garbage-first heap   total 131072K, used 4475K [0x0000000080000000, 0x0000000100000000)
  region size 1024K, 3 young (3072K), 3 survivors (3072K)
 Metaspace       used 15126K, capacity 15396K, committed 15488K, reserved 1062912K
  class space    used 1559K, capacity 1661K, committed 1664K, reserved 1048576K
}
Event: 3.064 GC heap before
{Heap before GC invocations=4 (full 0):
 garbage-first heap   total 131072K, used 34171K [0x0000000080000000, 0x0000000100000000)
  region size 1024K, 32 young (32768K), 3 survivors (3072K)
 Metaspace       used 19905K, capacity 20162K, committed 20224K, reserved 1067008K
  class space    used 2147K, capacity 2256K, committed 2304K, reserved 1048576K
}
Event: 3.077 GC heap after
{Heap after GC invocations=5 (full 0):
 garbage-first heap   total 157696K, used 6756K [0x0000000080000000, 0x0000000100000000)
  region size 1024K, 4 young (4096K), 4 survivors (4096K)
 Metaspace       used 19905K, capacity 20162K, committed 20224K, reserved 1067008K
  class space    used 2147K, capacity 2256K, committed 2304K, reserved 1048576K
}
Event: 4.364 GC heap before
{Heap before GC invocations=5 (full 0):
 garbage-first heap   total 157696K, used 22116K [0x0000000080000000, 0x0000000100000000)
  region size 1024K, 20 young (20480K), 4 survivors (4096K)
 Metaspace       used 20808K, capacity 21119K, committed 21248K, reserved 1069056K
  class space    used 2201K, capacity 2296K, committed 2304K, reserved 1048576K
}
Event: 4.379 GC heap after
{Heap after GC invocations=6 (full 0):
 garbage-first heap   total 157696K, used 8847K [0x0000000080000000, 0x0000000100000000)
  region size 1024K, 6 young (6144K), 6 survivors (6144K)
 Metaspace       used 20808K, capacity 21119K, committed 21248K, reserved 1069056K
  class space    used 2201K, capacity 2296K, committed 2304K, reserved 1048576K
}
Event: 8.323 GC heap before
{Heap before GC invocations=7 (full 0):
 garbage-first heap   total 157696K, used 95887K [0x0000000080000000, 0x0000000100000000)
  region size 1024K, 91 young (93184K), 6 survivors (6144K)
 Metaspace       used 25189K, capacity 25724K, committed 25856K, reserved 1073152K
  class space    used 2606K, capacity 2768K, committed 2816K, reserved 1048576K
}
Event: 8.350 GC heap after
{Heap after GC invocations=8 (full 0):
 garbage-first heap   total 157696K, used 13360K [0x0000000080000000, 0x0000000100000000)
  region size 1024K, 10 young (10240K), 10 survivors (10240K)
 Metaspace       used 25189K, capacity 25724K, committed 25856K, reserved 1073152K
  class space    used 2606K, capacity 2768K, committed 2816K, reserved 1048576K
}
Event: 12.784 GC heap before
{Heap before GC invocations=8 (full 0):
 garbage-first heap   total 157696K, used 96304K [0x0000000080000000, 0x0000000100000000)
  region size 1024K, 92 young (94208K), 10 survivors (10240K)
 Metaspace       used 32926K, capacity 33572K, committed 33664K, reserved 1079296K
  class space    used 3462K, capacity 3684K, committed 3712K, reserved 1048576K
}
Event: 12.815 GC heap after
{Heap after GC invocations=9 (full 0):
 garbage-first heap   total 157696K, used 20396K [0x0000000080000000, 0x0000000100000000)
  region size 1024K, 12 young (12288K), 12 survivors (12288K)
 Metaspace       used 32926K, capacity 33572K, committed 33664K, reserved 1079296K
  class space    used 3462K, capacity 3684K, committed 3712K, reserved 1048576K
}

