# JRE version: Java(TM) SE Runtime Environment 18.9 (11.0.16+11) (build 11.0.16+11-LTS-199)
# Java VM: Java HotSpot(TM) 64-Bit Server VM 18.9 (11.0.16+11-LTS-199, mixed mode, tiered, compressed oops, g1 gc, windows-amd64)
Heap:
 garbage-first heap   total 131072K, used 44271K [0x0000000080000000, 0x0000000100000000)
  region size 1024K, 40 young (40960K), 6 survivors (6144K)
 Metaspace       used 32414K, capacity 33425K, committed 33584K, reserved 1079296K
  class space    used 3808K, capacity 4221K, committed 4224K, reserved 1048576K
GC Heap History (8 events):
Event: 0.514 GC heap before
{Heap before GC invocations=0 (full 0):
 garbage-first heap   total 131072K, used 6144K [0x0000000080000000, 0x0000000100000000)
  region size 1024K, 7 young (7168K), 0 survivors (0K)
 Metaspace       used 9030K, capacity 9181K, committed 9344K, reserved 1058816K
  class space    used 811K, capacity 876K, committed 896K, reserved 1048576K
}
Event: 0.520 GC heap after
{Heap after GC invocations=1 (full 0):
 garbage-first heap   total 131072K, used 3573K [0x0000000080000000, 0x0000000100000000)
  region size 1024K, 1 young (1024K), 1 survivors (1024K)
 Metaspace       used 9030K, capacity 9181K, committed 9344K, reserved 1058816K
  class space    used 811K, capacity 876K, committed 896K, reserved 1048576K
}
Event: 0.871 GC heap before
{Heap before GC invocations=1 (full 0):
 garbage-first heap   total 131072K, used 7669K [0x0000000080000000, 0x0000000100000000)
  region size 1024K, 6 young (6144K), 1 survivors (1024K)
 Metaspace       used 10301K, capacity 10522K, committed 10624K, reserved 1058816K
  class space    used 958K, capacity 1051K, committed 1152K, reserved 1048576K
}
Event: 0.874 GC heap after
{Heap after GC invocations=2 (full 0):
 garbage-first heap   total 131072K, used 5740K [0x0000000080000000, 0x0000000100000000)
  region size 1024K, 1 young (1024K), 1 survivors (1024K)
 Metaspace       used 10301K, capacity 10522K, committed 10624K, reserved 1058816K
  class space    used 958K, capacity 1051K, committed 1152K, reserved 1048576K
}
Event: 3.068 GC heap before
{Heap before GC invocations=2 (full 0):
 garbage-first heap   total 131072K, used 52844K [0x0000000080000000, 0x0000000100000000)
  region size 1024K, 48 young (49152K), 1 survivors (1024K)
 Metaspace       used 20489K, capacity 21139K, committed 21296K, reserved 1069056K
  class space    used 2301K, capacity 2603K, committed 2688K, reserved 1048576K
}
Event: 3.078 GC heap after
{Heap after GC invocations=3 (full 0):
 garbage-first heap   total 131072K, used 8272K [0x0000000080000000, 0x0000000100000000)
  region size 1024K, 4 young (4096K), 4 survivors (4096K)
 Metaspace       used 20489K, capacity 21139K, committed 21296K, reserved 1069056K
  class space    used 2301K, capacity 2603K, committed 2688K, reserved 1048576K
}
Event: 4.559 GC heap before
{Heap before GC invocations=4 (full 0):
 garbage-first heap   total 131072K, used 55376K [0x0000000080000000, 0x0000000100000000)
  region size 1024K, 51 young (52224K), 4 survivors (4096K)
 Metaspace       used 28188K, capacity 29060K, committed 29232K, reserved 1075200K
  class space    used 3284K, capacity 3653K, committed 3712K, reserved 1048576K
}
Event: 4.572 GC heap after
{Heap after GC invocations=5 (full 0):
 garbage-first heap   total 131072K, used 10479K [0x0000000080000000, 0x0000000100000000)
  region size 1024K, 6 young (6144K), 6 survivors (6144K)
 Metaspace       used 28188K, capacity 29060K, committed 29232K, reserved 1075200K
  class space    used 3284K, capacity 3653K, committed 3712K, reserved 1048576K
}

