# JRE version: Java(TM) SE Runtime Environment 18.9 (11.0.16+11) (build 11.0.16+11-LTS-199)
# Java VM: Java HotSpot(TM) 64-Bit Server VM 18.9 (11.0.16+11-LTS-199, mixed mode, tiered, compressed oops, g1 gc, windows-amd64)
Heap:
 garbage-first heap   total 250880K, used 20382K [0x0000000080000000, 0x0000000100000000)
  region size 1024K, 8 young (8192K), 8 survivors (8192K)
 Metaspace       used 49139K, capacity 50464K, committed 50640K, reserved 1093632K
  class space    used 6415K, capacity 6979K, committed 7040K, reserved 1048576K
GC Heap History (10 events):
Event: 1.170 GC heap after
{Heap after GC invocations=4 (full 0):
 garbage-first heap   total 131072K, used 7926K [0x0000000080000000, 0x0000000100000000)
  region size 1024K, 3 young (3072K), 3 survivors (3072K)
 Metaspace       used 14788K, capacity 15125K, committed 15488K, reserved 1062912K
  class space    used 1662K, capacity 1812K, committed 1920K, reserved 1048576K
}
Event: 1.453 GC heap before
{Heap before GC invocations=4 (full 0):
 garbage-first heap   total 131072K, used 32502K [0x0000000080000000, 0x0000000100000000)
  region size 1024K, 28 young (28672K), 3 survivors (3072K)
 Metaspace       used 19600K, capacity 20090K, committed 20224K, reserved 1067008K
  class space    used 2272K, capacity 2480K, committed 2560K, reserved 1048576K
}
Event: 1.463 GC heap after
{Heap after GC invocations=5 (full 0):
 garbage-first heap   total 162816K, used 8908K [0x0000000080000000, 0x0000000100000000)
  region size 1024K, 3 young (3072K), 3 survivors (3072K)
 Metaspace       used 19600K, capacity 20090K, committed 20224K, reserved 1067008K
  class space    used 2272K, capacity 2480K, committed 2560K, reserved 1048576K
}
Event: 1.592 GC heap before
{Heap before GC invocations=5 (full 0):
 garbage-first heap   total 162816K, used 19148K [0x0000000080000000, 0x0000000100000000)
  region size 1024K, 14 young (14336K), 3 survivors (3072K)
 Metaspace       used 20632K, capacity 21112K, committed 21296K, reserved 1069056K
  class space    used 2383K, capacity 2605K, committed 2688K, reserved 1048576K
}
Event: 1.601 GC heap after
{Heap after GC invocations=6 (full 0):
 garbage-first heap   total 162816K, used 9834K [0x0000000080000000, 0x0000000100000000)
  region size 1024K, 4 young (4096K), 4 survivors (4096K)
 Metaspace       used 20632K, capacity 21112K, committed 21296K, reserved 1069056K
  class space    used 2383K, capacity 2605K, committed 2688K, reserved 1048576K
}
Event: 2.740 GC heap before
{Heap before GC invocations=7 (full 0):
 garbage-first heap   total 162816K, used 86634K [0x0000000080000000, 0x0000000100000000)
  region size 1024K, 79 young (80896K), 4 survivors (4096K)
 Metaspace       used 27331K, capacity 28145K, committed 28336K, reserved 1073152K
  class space    used 3384K, capacity 3725K, committed 3840K, reserved 1048576K
}
Event: 2.759 GC heap after
{Heap after GC invocations=8 (full 0):
 garbage-first heap   total 162816K, used 13233K [0x0000000080000000, 0x0000000100000000)
  region size 1024K, 7 young (7168K), 7 survivors (7168K)
 Metaspace       used 27331K, capacity 28145K, committed 28336K, reserved 1073152K
  class space    used 3384K, capacity 3725K, committed 3840K, reserved 1048576K
}
Event: 3.474 GC heap before
{Heap before GC invocations=8 (full 0):
 garbage-first heap   total 162816K, used 66481K [0x0000000080000000, 0x0000000100000000)
  region size 1024K, 60 young (61440K), 7 survivors (7168K)
 Metaspace       used 34690K, capacity 35823K, committed 35920K, reserved 1081344K
  class space    used 4356K, capacity 4823K, committed 4864K, reserved 1048576K
}
Event: 3.504 GC heap after
{Heap after GC invocations=9 (full 0):
 garbage-first heap   total 162816K, used 15978K [0x0000000080000000, 0x0000000100000000)
  region size 1024K, 9 young (9216K), 9 survivors (9216K)
 Metaspace       used 34690K, capacity 35823K, committed 35920K, reserved 1081344K
  class space    used 4356K, capacity 4823K, committed 4864K, reserved 1048576K
}
Event: 4.999 GC heap before
{Heap before GC invocations=10 (full 0):
 garbage-first heap   total 162816K, used 104042K [0x0000000080000000, 0x0000000100000000)
  region size 1024K, 95 young (97280K), 9 survivors (9216K)
 Metaspace       used 49139K, capacity 50464K, committed 50640K, reserved 1093632K
  class space    used 6415K, capacity 6979K, committed 7040K, reserved 1048576K
}

