# JRE version: Java(TM) SE Runtime Environment 18.9 (11.0.16+11) (build 11.0.16+11-LTS-199)
# Java VM: Java HotSpot(TM) 64-Bit Server VM 18.9 (11.0.16+11-LTS-199, mixed mode, tiered, compressed oops, g1 gc, windows-amd64)
Heap:
 garbage-first heap   total 157696K, used 8968K [0x0000000080000000, 0x0000000100000000)
  region size 1024K, 5 young (5120K), 5 survivors (5120K)
 Metaspace       used 20858K, capacity 21111K, committed 21248K, reserved 1069056K
  class space    used 2202K, capacity 2296K, committed 2304K, reserved 1048576K
GC Heap History (10 events):
Event: 1.282 GC heap after
{Heap after GC invocations=1 (full 0):
 garbage-first heap   total 131072K, used 2590K [0x0000000080000000, 0x0000000100000000)
  region size 1024K, 1 young (1024K), 1 survivors (1024K)
 Metaspace       used 8757K, capacity 8875K, committed 9088K, reserved 1056768K
  class space    used 793K, capacity 858K, committed 896K, reserved 1048576K
}
Event: 1.565 GC heap before
{Heap before GC invocations=1 (full 0):
 garbage-first heap   total 131072K, used 7710K [0x0000000080000000, 0x0000000100000000)
  region size 1024K, 6 young (6144K), 1 survivors (1024K)
 Metaspace       used 10469K, capacity 10662K, committed 10880K, reserved 1058816K
  class space    used 960K, capacity 1027K, committed 1152K, reserved 1048576K
}
Event: 1.569 GC heap after
{Heap after GC invocations=2 (full 0):
 garbage-first heap   total 131072K, used 3461K [0x0000000080000000, 0x0000000100000000)
  region size 1024K, 1 young (1024K), 1 survivors (1024K)
 Metaspace       used 10469K, capacity 10662K, committed 10880K, reserved 1058816K
  class space    used 960K, capacity 1027K, committed 1152K, reserved 1048576K
}
Event: 1.980 GC heap before
{Heap before GC invocations=2 (full 0):
 garbage-first heap   total 131072K, used 15749K [0x0000000080000000, 0x0000000100000000)
  region size 1024K, 13 young (13312K), 1 survivors (1024K)
 Metaspace       used 13425K, capacity 13725K, committed 14080K, reserved 1062912K
  class space    used 1352K, capacity 1431K, committed 1536K, reserved 1048576K
}
Event: 1.986 GC heap after
{Heap after GC invocations=3 (full 0):
 garbage-first heap   total 131072K, used 4064K [0x0000000080000000, 0x0000000100000000)
  region size 1024K, 2 young (2048K), 2 survivors (2048K)
 Metaspace       used 13425K, capacity 13725K, committed 14080K, reserved 1062912K
  class space    used 1352K, capacity 1431K, committed 1536K, reserved 1048576K
}
Event: 2.376 GC heap before
{Heap before GC invocations=3 (full 0):
 garbage-first heap   total 131072K, used 20448K [0x0000000080000000, 0x0000000100000000)
  region size 1024K, 19 young (19456K), 2 survivors (2048K)
 Metaspace       used 14788K, capacity 15062K, committed 15232K, reserved 1062912K
  class space    used 1517K, capacity 1596K, committed 1664K, reserved 1048576K
}
Event: 2.381 GC heap after
{Heap after GC invocations=4 (full 0):
 garbage-first heap   total 131072K, used 4617K [0x0000000080000000, 0x0000000100000000)
  region size 1024K, 2 young (2048K), 2 survivors (2048K)
 Metaspace       used 14788K, capacity 15062K, committed 15232K, reserved 1062912K
  class space    used 1517K, capacity 1596K, committed 1664K, reserved 1048576K
}
Event: 4.122 GC heap before
{Heap before GC invocations=4 (full 0):
 garbage-first heap   total 131072K, used 40457K [0x0000000080000000, 0x0000000100000000)
  region size 1024K, 37 young (37888K), 2 survivors (2048K)
 Metaspace       used 20580K, capacity 20906K, committed 20992K, reserved 1069056K
  class space    used 2196K, capacity 2292K, committed 2304K, reserved 1048576K
}
Event: 4.138 GC heap after
{Heap after GC invocations=5 (full 0):
 garbage-first heap   total 131072K, used 7110K [0x0000000080000000, 0x0000000100000000)
  region size 1024K, 5 young (5120K), 5 survivors (5120K)
 Metaspace       used 20580K, capacity 20906K, committed 20992K, reserved 1069056K
  class space    used 2196K, capacity 2292K, committed 2304K, reserved 1048576K
}
Event: 4.933 GC heap before
{Heap before GC invocations=5 (full 0):
 garbage-first heap   total 131072K, used 18374K [0x0000000080000000, 0x0000000100000000)
  region size 1024K, 17 young (17408K), 5 survivors (5120K)
 Metaspace       used 20858K, capacity 21111K, committed 21248K, reserved 1069056K
  class space    used 2202K, capacity 2296K, committed 2304K, reserved 1048576K
}

