# JRE version: Java(TM) SE Runtime Environment 18.9 (11.0.16+11) (build 11.0.16+11-LTS-199)
# Java VM: Java HotSpot(TM) 64-Bit Server VM 18.9 (11.0.16+11-LTS-199, mixed mode, tiered, compressed oops, g1 gc, windows-amd64)
Heap:
 garbage-first heap   total 157696K, used 102306K [0x0000000080000000, 0x0000000100000000)
  region size 1024K, 92 young (94208K), 9 survivors (9216K)
 Metaspace       used 46015K, capacity 47463K, committed 47688K, reserved 1089536K
  class space    used 6102K, capacity 6704K, committed 6780K, reserved 1048576K
GC Heap History (10 events):
Event: 2.672 GC heap before
{Heap before GC invocations=4 (full 0):
 garbage-first heap   total 131072K, used 42012K [0x0000000080000000, 0x0000000100000000)
  region size 1024K, 34 young (34816K), 1 survivors (1024K)
 Metaspace       used 17955K, capacity 18605K, committed 18944K, reserved 1067008K
  class space    used 1966K, capacity 2216K, committed 2304K, reserved 1048576K
}
Event: 2.679 GC heap after
{Heap after GC invocations=5 (full 0):
 garbage-first heap   total 131072K, used 10010K [0x0000000080000000, 0x0000000100000000)
  region size 1024K, 3 young (3072K), 3 survivors (3072K)
 Metaspace       used 17955K, capacity 18605K, committed 18944K, reserved 1067008K
  class space    used 1966K, capacity 2216K, committed 2304K, reserved 1048576K
}
Event: 3.030 GC heap before
{Heap before GC invocations=5 (full 0):
 garbage-first heap   total 131072K, used 21274K [0x0000000080000000, 0x0000000100000000)
  region size 1024K, 15 young (15360K), 3 survivors (3072K)
 Metaspace       used 20538K, capacity 21179K, committed 21296K, reserved 1069056K
  class space    used 2308K, capacity 2573K, committed 2608K, reserved 1048576K
}
Event: 3.040 GC heap after
{Heap after GC invocations=6 (full 0):
 garbage-first heap   total 157696K, used 10699K [0x0000000080000000, 0x0000000100000000)
  region size 1024K, 4 young (4096K), 4 survivors (4096K)
 Metaspace       used 20538K, capacity 21179K, committed 21296K, reserved 1069056K
  class space    used 2308K, capacity 2573K, committed 2608K, reserved 1048576K
}
Event: 4.247 GC heap before
{Heap before GC invocations=7 (full 0):
 garbage-first heap   total 157696K, used 54731K [0x0000000080000000, 0x0000000100000000)
  region size 1024K, 47 young (48128K), 4 survivors (4096K)
 Metaspace       used 27815K, capacity 28726K, committed 28976K, reserved 1075200K
  class space    used 3242K, capacity 3608K, committed 3632K, reserved 1048576K
}
Event: 4.262 GC heap after
{Heap after GC invocations=8 (full 0):
 garbage-first heap   total 157696K, used 12659K [0x0000000080000000, 0x0000000100000000)
  region size 1024K, 5 young (5120K), 5 survivors (5120K)
 Metaspace       used 27815K, capacity 28726K, committed 28976K, reserved 1075200K
  class space    used 3242K, capacity 3608K, committed 3632K, reserved 1048576K
}
Event: 6.378 GC heap before
{Heap before GC invocations=8 (full 0):
 garbage-first heap   total 157696K, used 76147K [0x0000000080000000, 0x0000000100000000)
  region size 1024K, 68 young (69632K), 5 survivors (5120K)
 Metaspace       used 34569K, capacity 35599K, committed 35708K, reserved 1081344K
  class space    used 4316K, capacity 4743K, committed 4784K, reserved 1048576K
}
Event: 6.396 GC heap after
{Heap after GC invocations=9 (full 0):
 garbage-first heap   total 157696K, used 14285K [0x0000000080000000, 0x0000000100000000)
  region size 1024K, 7 young (7168K), 7 survivors (7168K)
 Metaspace       used 34569K, capacity 35599K, committed 35708K, reserved 1081344K
  class space    used 4316K, capacity 4743K, committed 4784K, reserved 1048576K
}
Event: 8.375 GC heap before
{Heap before GC invocations=10 (full 0):
 garbage-first heap   total 157696K, used 97229K [0x0000000080000000, 0x0000000100000000)
  region size 1024K, 88 young (90112K), 7 survivors (7168K)
 Metaspace       used 40665K, capacity 41935K, committed 42184K, reserved 1085440K
  class space    used 5270K, capacity 5799K, committed 5884K, reserved 1048576K
}
Event: 8.404 GC heap after
{Heap after GC invocations=11 (full 0):
 garbage-first heap   total 157696K, used 18338K [0x0000000080000000, 0x0000000100000000)
  region size 1024K, 9 young (9216K), 9 survivors (9216K)
 Metaspace       used 40665K, capacity 41935K, committed 42184K, reserved 1085440K
  class space    used 5270K, capacity 5799K, committed 5884K, reserved 1048576K
}

