# JRE version: Java(TM) SE Runtime Environment 18.9 (11.0.16+11) (build 11.0.16+11-LTS-199)
# Java VM: Java HotSpot(TM) 64-Bit Server VM 18.9 (11.0.16+11-LTS-199, mixed mode, tiered, compressed oops, g1 gc, windows-amd64)
Heap:
 garbage-first heap   total 189440K, used 18029K [0x0000000080000000, 0x0000000100000000)
  region size 1024K, 9 young (9216K), 9 survivors (9216K)
 Metaspace       used 43549K, capacity 44924K, committed 45008K, reserved 1087488K
  class space    used 5628K, capacity 6199K, committed 6272K, reserved 1048576K
GC Heap History (10 events):
Event: 1.842 GC heap after
{Heap after GC invocations=4 (full 0):
 garbage-first heap   total 131072K, used 8124K [0x0000000080000000, 0x0000000100000000)
  region size 1024K, 1 young (1024K), 1 survivors (1024K)
 Metaspace       used 13566K, capacity 14027K, committed 14208K, reserved 1062912K
  class space    used 1423K, capacity 1626K, committed 1664K, reserved 1048576K
}
Event: 2.776 GC heap before
{Heap before GC invocations=4 (full 0):
 garbage-first heap   total 131072K, used 37820K [0x0000000080000000, 0x0000000100000000)
  region size 1024K, 30 young (30720K), 1 survivors (1024K)
 Metaspace       used 18360K, capacity 18974K, committed 19200K, reserved 1067008K
  class space    used 1990K, capacity 2234K, committed 2304K, reserved 1048576K
}
Event: 2.784 GC heap after
{Heap after GC invocations=5 (full 0):
 garbage-first heap   total 157696K, used 9635K [0x0000000080000000, 0x0000000100000000)
  region size 1024K, 3 young (3072K), 3 survivors (3072K)
 Metaspace       used 18360K, capacity 18974K, committed 19200K, reserved 1067008K
  class space    used 1990K, capacity 2234K, committed 2304K, reserved 1048576K
}
Event: 3.261 GC heap before
{Heap before GC invocations=5 (full 0):
 garbage-first heap   total 157696K, used 22947K [0x0000000080000000, 0x0000000100000000)
  region size 1024K, 17 young (17408K), 3 survivors (3072K)
 Metaspace       used 20433K, capacity 21085K, committed 21296K, reserved 1069056K
  class space    used 2307K, capacity 2587K, committed 2688K, reserved 1048576K
}
Event: 3.271 GC heap after
{Heap after GC invocations=6 (full 0):
 garbage-first heap   total 157696K, used 10403K [0x0000000080000000, 0x0000000100000000)
  region size 1024K, 4 young (4096K), 4 survivors (4096K)
 Metaspace       used 20433K, capacity 21085K, committed 21296K, reserved 1069056K
  class space    used 2307K, capacity 2587K, committed 2688K, reserved 1048576K
}
Event: 4.352 GC heap before
{Heap before GC invocations=7 (full 0):
 garbage-first heap   total 157696K, used 52387K [0x0000000080000000, 0x0000000100000000)
  region size 1024K, 46 young (47104K), 4 survivors (4096K)
 Metaspace       used 27654K, capacity 28527K, committed 28592K, reserved 1075200K
  class space    used 3207K, capacity 3564K, committed 3584K, reserved 1048576K
}
Event: 4.364 GC heap after
{Heap after GC invocations=8 (full 0):
 garbage-first heap   total 157696K, used 12250K [0x0000000080000000, 0x0000000100000000)
  region size 1024K, 5 young (5120K), 5 survivors (5120K)
 Metaspace       used 27654K, capacity 28527K, committed 28592K, reserved 1075200K
  class space    used 3207K, capacity 3564K, committed 3584K, reserved 1048576K
}
Event: 6.632 GC heap before
{Heap before GC invocations=8 (full 0):
 garbage-first heap   total 157696K, used 88026K [0x0000000080000000, 0x0000000100000000)
  region size 1024K, 80 young (81920K), 5 survivors (5120K)
 Metaspace       used 34639K, capacity 35764K, committed 35920K, reserved 1081344K
  class space    used 4149K, capacity 4603K, committed 4608K, reserved 1048576K
}
Event: 6.653 GC heap after
{Heap after GC invocations=9 (full 0):
 garbage-first heap   total 157696K, used 14731K [0x0000000080000000, 0x0000000100000000)
  region size 1024K, 8 young (8192K), 8 survivors (8192K)
 Metaspace       used 34639K, capacity 35764K, committed 35920K, reserved 1081344K
  class space    used 4149K, capacity 4603K, committed 4608K, reserved 1048576K
}
Event: 9.124 GC heap before
{Heap before GC invocations=10 (full 0):
 garbage-first heap   total 157696K, used 99723K [0x0000000080000000, 0x0000000100000000)
  region size 1024K, 91 young (93184K), 8 survivors (8192K)
 Metaspace       used 43549K, capacity 44924K, committed 45008K, reserved 1087488K
  class space    used 5628K, capacity 6199K, committed 6272K, reserved 1048576K
}

