# JRE version: Java(TM) SE Runtime Environment 18.9 (11.0.16+11) (build 11.0.16+11-LTS-199)
# Java VM: Java HotSpot(TM) 64-Bit Server VM 18.9 (11.0.16+11-LTS-199, mixed mode, tiered, compressed oops, g1 gc, windows-amd64)
Heap:
 garbage-first heap   total 189440K, used 20992K [0x0000000080000000, 0x0000000100000000)
  region size 1024K, 13 young (13312K), 9 survivors (9216K)
 Metaspace       used 45508K, capacity 46920K, committed 47184K, reserved 1089536K
  class space    used 5985K, capacity 6568K, committed 6656K, reserved 1048576K
GC Heap History (10 events):
Event: 3.394 GC heap before
{Heap before GC invocations=5 (full 0):
 garbage-first heap   total 157696K, used 24834K [0x0000000080000000, 0x0000000100000000)
  region size 1024K, 19 young (19456K), 3 survivors (3072K)
 Metaspace       used 20450K, capacity 21085K, committed 21296K, reserved 1069056K
  class space    used 2307K, capacity 2587K, committed 2688K, reserved 1048576K
}
Event: 3.403 GC heap after
{Heap after GC invocations=6 (full 0):
 garbage-first heap   total 157696K, used 10225K [0x0000000080000000, 0x0000000100000000)
  region size 1024K, 3 young (3072K), 3 survivors (3072K)
 Metaspace       used 20450K, capacity 21085K, committed 21296K, reserved 1069056K
  class space    used 2307K, capacity 2587K, committed 2688K, reserved 1048576K
}
Event: 4.553 GC heap before
{Heap before GC invocations=7 (full 0):
 garbage-first heap   total 157696K, used 50161K [0x0000000080000000, 0x0000000100000000)
  region size 1024K, 43 young (44032K), 3 survivors (3072K)
 Metaspace       used 27787K, capacity 28701K, committed 28976K, reserved 1075200K
  class space    used 3267K, capacity 3651K, committed 3712K, reserved 1048576K
}
Event: 4.567 GC heap after
{Heap after GC invocations=8 (full 0):
 garbage-first heap   total 157696K, used 12073K [0x0000000080000000, 0x0000000100000000)
  region size 1024K, 5 young (5120K), 5 survivors (5120K)
 Metaspace       used 27787K, capacity 28701K, committed 28976K, reserved 1075200K
  class space    used 3267K, capacity 3651K, committed 3712K, reserved 1048576K
}
Event: 6.561 GC heap before
{Heap before GC invocations=8 (full 0):
 garbage-first heap   total 157696K, used 70441K [0x0000000080000000, 0x0000000100000000)
  region size 1024K, 62 young (63488K), 5 survivors (5120K)
 Metaspace       used 32745K, capacity 33856K, committed 34096K, reserved 1079296K
  class space    used 3905K, capacity 4382K, committed 4480K, reserved 1048576K
}
Event: 6.580 GC heap after
{Heap after GC invocations=9 (full 0):
 garbage-first heap   total 157696K, used 14446K [0x0000000080000000, 0x0000000100000000)
  region size 1024K, 7 young (7168K), 7 survivors (7168K)
 Metaspace       used 32745K, capacity 33856K, committed 34096K, reserved 1079296K
  class space    used 3905K, capacity 4382K, committed 4480K, reserved 1048576K
}
Event: 7.281 GC heap before
{Heap before GC invocations=9 (full 0):
 garbage-first heap   total 157696K, used 30830K [0x0000000080000000, 0x0000000100000000)
  region size 1024K, 24 young (24576K), 7 survivors (7168K)
 Metaspace       used 34645K, capacity 35764K, committed 35920K, reserved 1081344K
  class space    used 4149K, capacity 4603K, committed 4608K, reserved 1048576K
}
Event: 7.298 GC heap after
{Heap after GC invocations=10 (full 0):
 garbage-first heap   total 189440K, used 15360K [0x0000000080000000, 0x0000000100000000)
  region size 1024K, 6 young (6144K), 6 survivors (6144K)
 Metaspace       used 34645K, capacity 35764K, committed 35920K, reserved 1081344K
  class space    used 4149K, capacity 4603K, committed 4608K, reserved 1048576K
}
Event: 9.827 GC heap before
{Heap before GC invocations=11 (full 0):
 garbage-first heap   total 189440K, used 107520K [0x0000000080000000, 0x0000000100000000)
  region size 1024K, 96 young (98304K), 6 survivors (6144K)
 Metaspace       used 45146K, capacity 46490K, committed 46672K, reserved 1089536K
  class space    used 5938K, capacity 6531K, committed 6656K, reserved 1048576K
}
Event: 9.850 GC heap after
{Heap after GC invocations=12 (full 0):
 garbage-first heap   total 189440K, used 17920K [0x0000000080000000, 0x0000000100000000)
  region size 1024K, 9 young (9216K), 9 survivors (9216K)
 Metaspace       used 45146K, capacity 46490K, committed 46672K, reserved 1089536K
  class space    used 5938K, capacity 6531K, committed 6656K, reserved 1048576K
}

