# JRE version: Java(TM) SE Runtime Environment 18.9 (11.0.16+11) (build 11.0.16+11-LTS-199)
# Java VM: Java HotSpot(TM) 64-Bit Server VM 18.9 (11.0.16+11-LTS-199, mixed mode, tiered, compressed oops, g1 gc, windows-amd64)
Heap:
 garbage-first heap   total 157696K, used 14148K [0x0000000080000000, 0x0000000100000000)
  region size 1024K, 6 young (6144K), 6 survivors (6144K)
 Metaspace       used 33569K, capacity 34595K, committed 34864K, reserved 1079296K
  class space    used 4131K, capacity 4580K, committed 4656K, reserved 1048576K
GC Heap History (10 events):
Event: 2.203 GC heap after
{Heap after GC invocations=3 (full 0):
 garbage-first heap   total 131072K, used 7598K [0x0000000080000000, 0x0000000100000000)
  region size 1024K, 2 young (2048K), 2 survivors (2048K)
 Metaspace       used 10435K, capacity 10649K, committed 10880K, reserved 1058816K
  class space    used 1015K, capacity 1103K, committed 1152K, reserved 1048576K
}
Event: 2.688 GC heap before
{Heap before GC invocations=3 (full 0):
 garbage-first heap   total 131072K, used 21934K [0x0000000080000000, 0x0000000100000000)
  region size 1024K, 16 young (16384K), 2 survivors (2048K)
 Metaspace       used 12572K, capacity 13016K, committed 13056K, reserved 1060864K
  class space    used 1332K, capacity 1525K, committed 1536K, reserved 1048576K
}
Event: 2.692 GC heap after
{Heap after GC invocations=4 (full 0):
 garbage-first heap   total 131072K, used 8155K [0x0000000080000000, 0x0000000100000000)
  region size 1024K, 1 young (1024K), 1 survivors (1024K)
 Metaspace       used 12572K, capacity 13016K, committed 13056K, reserved 1060864K
  class space    used 1332K, capacity 1525K, committed 1536K, reserved 1048576K
}
Event: 4.161 GC heap before
{Heap before GC invocations=4 (full 0):
 garbage-first heap   total 131072K, used 46043K [0x0000000080000000, 0x0000000100000000)
  region size 1024K, 38 young (38912K), 1 survivors (1024K)
 Metaspace       used 18906K, capacity 19524K, committed 19840K, reserved 1067008K
  class space    used 2106K, capacity 2359K, committed 2432K, reserved 1048576K
}
Event: 4.169 GC heap after
{Heap after GC invocations=5 (full 0):
 garbage-first heap   total 131072K, used 10217K [0x0000000080000000, 0x0000000100000000)
  region size 1024K, 3 young (3072K), 3 survivors (3072K)
 Metaspace       used 18906K, capacity 19524K, committed 19840K, reserved 1067008K
  class space    used 2106K, capacity 2359K, committed 2432K, reserved 1048576K
}
Event: 4.421 GC heap before
{Heap before GC invocations=5 (full 0):
 garbage-first heap   total 131072K, used 15337K [0x0000000080000000, 0x0000000100000000)
  region size 1024K, 9 young (9216K), 3 survivors (3072K)
 Metaspace       used 20392K, capacity 21038K, committed 21296K, reserved 1069056K
  class space    used 2299K, capacity 2570K, committed 2608K, reserved 1048576K
}
Event: 4.429 GC heap after
{Heap after GC invocations=6 (full 0):
 garbage-first heap   total 131072K, used 10536K [0x0000000080000000, 0x0000000100000000)
  region size 1024K, 4 young (4096K), 4 survivors (4096K)
 Metaspace       used 20392K, capacity 21038K, committed 21296K, reserved 1069056K
  class space    used 2299K, capacity 2570K, committed 2608K, reserved 1048576K
}
Event: 5.608 GC heap before
{Heap before GC invocations=7 (full 0):
 garbage-first heap   total 131072K, used 50472K [0x0000000080000000, 0x0000000100000000)
  region size 1024K, 43 young (44032K), 4 survivors (4096K)
 Metaspace       used 27066K, capacity 27913K, committed 28208K, reserved 1073152K
  class space    used 3158K, capacity 3531K, committed 3632K, reserved 1048576K
}
Event: 5.622 GC heap after
{Heap after GC invocations=8 (full 0):
 garbage-first heap   total 131072K, used 12215K [0x0000000080000000, 0x0000000100000000)
  region size 1024K, 5 young (5120K), 5 survivors (5120K)
 Metaspace       used 27066K, capacity 27913K, committed 28208K, reserved 1073152K
  class space    used 3158K, capacity 3531K, committed 3632K, reserved 1048576K
}
Event: 7.454 GC heap before
{Heap before GC invocations=8 (full 0):
 garbage-first heap   total 131072K, used 71607K [0x0000000080000000, 0x0000000100000000)
  region size 1024K, 63 young (64512K), 5 survivors (5120K)
 Metaspace       used 33569K, capacity 34595K, committed 34864K, reserved 1079296K
  class space    used 4131K, capacity 4580K, committed 4656K, reserved 1048576K
}

