# JRE version: Java(TM) SE Runtime Environment 18.9 (11.0.16+11) (build 11.0.16+11-LTS-199)
# Java VM: Java HotSpot(TM) 64-Bit Server VM 18.9 (11.0.16+11-LTS-199, mixed mode, tiered, compressed oops, g1 gc, windows-amd64)
Heap:
 garbage-first heap   total 157696K, used 12978K [0x0000000080000000, 0x0000000100000000)
  region size 1024K, 8 young (8192K), 8 survivors (8192K)
 Metaspace       used 30770K, capacity 31759K, committed 31792K, reserved 1085440K
  class space    used 3794K, capacity 4212K, committed 4224K, reserved 1048576K
GC Heap History (10 events):
Event: 1.134 GC heap before
{Heap before GC invocations=2 (full 0):
 garbage-first heap   total 131072K, used 15326K [0x0000000080000000, 0x0000000100000000)
  region size 1024K, 12 young (12288K), 1 survivors (1024K)
 Metaspace       used 13561K, capacity 13878K, committed 13952K, reserved 1060864K
  class space    used 1459K, capacity 1602K, committed 1664K, reserved 1048576K
}
Event: 1.140 GC heap after
{Heap after GC invocations=3 (full 0):
 garbage-first heap   total 131072K, used 5089K [0x0000000080000000, 0x0000000100000000)
  region size 1024K, 2 young (2048K), 2 survivors (2048K)
 Metaspace       used 13561K, capacity 13878K, committed 13952K, reserved 1060864K
  class space    used 1459K, capacity 1602K, committed 1664K, reserved 1048576K
}
Event: 1.516 GC heap before
{Heap before GC invocations=3 (full 0):
 garbage-first heap   total 131072K, used 21473K [0x0000000080000000, 0x0000000100000000)
  region size 1024K, 19 young (19456K), 2 survivors (2048K)
 Metaspace       used 17531K, capacity 18011K, committed 18176K, reserved 1064960K
  class space    used 1987K, capacity 2204K, committed 2304K, reserved 1048576K
}
Event: 1.525 GC heap after
{Heap after GC invocations=4 (full 0):
 garbage-first heap   total 131072K, used 6008K [0x0000000080000000, 0x0000000100000000)
  region size 1024K, 3 young (3072K), 3 survivors (3072K)
 Metaspace       used 17531K, capacity 18011K, committed 18176K, reserved 1064960K
  class space    used 1987K, capacity 2204K, committed 2304K, reserved 1048576K
}
Event: 1.877 GC heap before
{Heap before GC invocations=4 (full 0):
 garbage-first heap   total 131072K, used 25464K [0x0000000080000000, 0x0000000100000000)
  region size 1024K, 24 young (24576K), 3 survivors (3072K)
 Metaspace       used 20646K, capacity 21171K, committed 21296K, reserved 1069056K
  class space    used 2411K, capacity 2646K, committed 2688K, reserved 1048576K
}
Event: 1.889 GC heap after
{Heap after GC invocations=5 (full 0):
 garbage-first heap   total 157696K, used 7254K [0x0000000080000000, 0x0000000100000000)
  region size 1024K, 4 young (4096K), 4 survivors (4096K)
 Metaspace       used 20646K, capacity 21171K, committed 21296K, reserved 1069056K
  class space    used 2411K, capacity 2646K, committed 2688K, reserved 1048576K
}
Event: 3.291 GC heap before
{Heap before GC invocations=6 (full 0):
 garbage-first heap   total 157696K, used 52310K [0x0000000080000000, 0x0000000100000000)
  region size 1024K, 48 young (49152K), 4 survivors (4096K)
 Metaspace       used 26428K, capacity 27288K, committed 27440K, reserved 1073152K
  class space    used 3257K, capacity 3615K, committed 3712K, reserved 1048576K
}
Event: 3.308 GC heap after
{Heap after GC invocations=7 (full 0):
 garbage-first heap   total 157696K, used 10054K [0x0000000080000000, 0x0000000100000000)
  region size 1024K, 5 young (5120K), 5 survivors (5120K)
 Metaspace       used 26428K, capacity 27288K, committed 27440K, reserved 1073152K
  class space    used 3257K, capacity 3615K, committed 3712K, reserved 1048576K
}
Event: 3.997 GC heap before
{Heap before GC invocations=7 (full 0):
 garbage-first heap   total 157696K, used 39750K [0x0000000080000000, 0x0000000100000000)
  region size 1024K, 35 young (35840K), 5 survivors (5120K)
 Metaspace       used 30770K, capacity 31759K, committed 31792K, reserved 1083392K
  class space    used 3794K, capacity 4212K, committed 4224K, reserved 1048576K
}
Event: 4.017 GC heap after
{Heap after GC invocations=8 (full 0):
 garbage-first heap   total 157696K, used 12978K [0x0000000080000000, 0x0000000100000000)
  region size 1024K, 8 young (8192K), 8 survivors (8192K)
 Metaspace       used 30770K, capacity 31759K, committed 31792K, reserved 1083392K
  class space    used 3794K, capacity 4212K, committed 4224K, reserved 1048576K
}

