# JRE version: Java(TM) SE Runtime Environment 18.9 (11.0.16+11) (build 11.0.16+11-LTS-199)
# Java VM: Java HotSpot(TM) 64-Bit Server VM 18.9 (11.0.16+11-LTS-199, mixed mode, tiered, compressed oops, g1 gc, windows-amd64)
Heap:
 garbage-first heap   total 157696K, used 21122K [0x0000000080000000, 0x0000000100000000)
  region size 1024K, 17 young (17408K), 5 survivors (5120K)
 Metaspace       used 33651K, capacity 34535K, committed 34608K, reserved 1079296K
  class space    used 3836K, capacity 4219K, committed 4224K, reserved 1048576K
GC Heap History (10 events):
Event: 3.977 GC heap before
{Heap before GC invocations=2 (full 0):
 garbage-first heap   total 131072K, used 18422K [0x0000000080000000, 0x0000000100000000)
  region size 1024K, 17 young (17408K), 2 survivors (2048K)
 Metaspace       used 15967K, capacity 16338K, committed 16512K, reserved 1064960K
  class space    used 1652K, capacity 1804K, committed 1920K, reserved 1048576K
}
Event: 3.987 GC heap after
{Heap after GC invocations=3 (full 0):
 garbage-first heap   total 131072K, used 5073K [0x0000000080000000, 0x0000000100000000)
  region size 1024K, 2 young (2048K), 2 survivors (2048K)
 Metaspace       used 15967K, capacity 16338K, committed 16512K, reserved 1064960K
  class space    used 1652K, capacity 1804K, committed 1920K, reserved 1048576K
}
Event: 4.471 GC heap before
{Heap before GC invocations=3 (full 0):
 garbage-first heap   total 131072K, used 24529K [0x0000000080000000, 0x0000000100000000)
  region size 1024K, 22 young (22528K), 2 survivors (2048K)
 Metaspace       used 20019K, capacity 20494K, committed 20608K, reserved 1067008K
  class space    used 2144K, capacity 2362K, committed 2432K, reserved 1048576K
}
Event: 4.480 GC heap after
{Heap after GC invocations=4 (full 0):
 garbage-first heap   total 131072K, used 5916K [0x0000000080000000, 0x0000000100000000)
  region size 1024K, 2 young (2048K), 2 survivors (2048K)
 Metaspace       used 20019K, capacity 20494K, committed 20608K, reserved 1067008K
  class space    used 2144K, capacity 2362K, committed 2432K, reserved 1048576K
}
Event: 4.596 GC heap before
{Heap before GC invocations=4 (full 0):
 garbage-first heap   total 131072K, used 8988K [0x0000000080000000, 0x0000000100000000)
  region size 1024K, 6 young (6144K), 2 survivors (2048K)
 Metaspace       used 20677K, capacity 21198K, committed 21296K, reserved 1069056K
  class space    used 2218K, capacity 2405K, committed 2432K, reserved 1048576K
}
Event: 4.602 GC heap after
{Heap after GC invocations=5 (full 0):
 garbage-first heap   total 131072K, used 5864K [0x0000000080000000, 0x0000000100000000)
  region size 1024K, 2 young (2048K), 2 survivors (2048K)
 Metaspace       used 20677K, capacity 21198K, committed 21296K, reserved 1069056K
  class space    used 2218K, capacity 2405K, committed 2432K, reserved 1048576K
}
Event: 5.636 GC heap before
{Heap before GC invocations=6 (full 0):
 garbage-first heap   total 131072K, used 34536K [0x0000000080000000, 0x0000000100000000)
  region size 1024K, 31 young (31744K), 2 survivors (2048K)
 Metaspace       used 24607K, capacity 25238K, committed 25520K, reserved 1071104K
  class space    used 2740K, capacity 2983K, committed 3072K, reserved 1048576K
}
Event: 5.646 GC heap after
{Heap after GC invocations=7 (full 0):
 garbage-first heap   total 131072K, used 7439K [0x0000000080000000, 0x0000000100000000)
  region size 1024K, 4 young (4096K), 4 survivors (4096K)
 Metaspace       used 24607K, capacity 25238K, committed 25520K, reserved 1071104K
  class space    used 2740K, capacity 2983K, committed 3072K, reserved 1048576K
}
Event: 8.402 GC heap before
{Heap before GC invocations=7 (full 0):
 garbage-first heap   total 131072K, used 50447K [0x0000000080000000, 0x0000000100000000)
  region size 1024K, 46 young (47104K), 4 survivors (4096K)
 Metaspace       used 31972K, capacity 32787K, committed 32816K, reserved 1079296K
  class space    used 3626K, capacity 3953K, committed 3968K, reserved 1048576K
}
Event: 8.422 GC heap after
{Heap after GC invocations=8 (full 0):
 garbage-first heap   total 157696K, used 9858K [0x0000000080000000, 0x0000000100000000)
  region size 1024K, 5 young (5120K), 5 survivors (5120K)
 Metaspace       used 31972K, capacity 32787K, committed 32816K, reserved 1079296K
  class space    used 3626K, capacity 3953K, committed 3968K, reserved 1048576K
}

