# JRE version: Java(TM) SE Runtime Environment 18.9 (11.0.16+11) (build 11.0.16+11-LTS-199)
# Java VM: Java HotSpot(TM) 64-Bit Server VM 18.9 (11.0.16+11-LTS-199, mixed mode, tiered, compressed oops, g1 gc, windows-amd64)
Heap:
 garbage-first heap   total 157696K, used 112597K [0x0000000080000000, 0x0000000100000000)
  region size 1024K, 68 young (69632K), 4 survivors (4096K)
 Metaspace       used 26991K, capacity 27606K, committed 27648K, reserved 1073152K
  class space    used 2857K, capacity 3052K, committed 3072K, reserved 1048576K
GC Heap History (10 events):
Event: 1.226 GC heap before
{Heap before GC invocations=2 (full 0):
 garbage-first heap   total 131072K, used 15364K [0x0000000080000000, 0x0000000100000000)
  region size 1024K, 14 young (14336K), 1 survivors (1024K)
 Metaspace       used 12363K, capacity 12532K, committed 12672K, reserved 1060864K
  class space    used 1250K, capacity 1348K, committed 1408K, reserved 1048576K
}
Event: 1.230 GC heap after
{Heap after GC invocations=3 (full 0):
 garbage-first heap   total 131072K, used 3621K [0x0000000080000000, 0x0000000100000000)
  region size 1024K, 2 young (2048K), 2 survivors (2048K)
 Metaspace       used 12363K, capacity 12532K, committed 12672K, reserved 1060864K
  class space    used 1250K, capacity 1348K, committed 1408K, reserved 1048576K
}
Event: 1.724 GC heap before
{Heap before GC invocations=3 (full 0):
 garbage-first heap   total 131072K, used 23077K [0x0000000080000000, 0x0000000100000000)
  region size 1024K, 21 young (21504K), 2 survivors (2048K)
 Metaspace       used 14522K, capacity 14745K, committed 14976K, reserved 1062912K
  class space    used 1520K, capacity 1615K, committed 1664K, reserved 1048576K
}
Event: 1.733 GC heap after
{Heap after GC invocations=4 (full 0):
 garbage-first heap   total 131072K, used 4402K [0x0000000080000000, 0x0000000100000000)
  region size 1024K, 3 young (3072K), 3 survivors (3072K)
 Metaspace       used 14522K, capacity 14745K, committed 14976K, reserved 1062912K
  class space    used 1520K, capacity 1615K, committed 1664K, reserved 1048576K
}
Event: 3.132 GC heap before
{Heap before GC invocations=4 (full 0):
 garbage-first heap   total 131072K, used 40242K [0x0000000080000000, 0x0000000100000000)
  region size 1024K, 38 young (38912K), 3 survivors (3072K)
 Metaspace       used 19926K, capacity 20263K, committed 20480K, reserved 1067008K
  class space    used 2127K, capacity 2247K, committed 2304K, reserved 1048576K
}
Event: 3.149 GC heap after
{Heap after GC invocations=5 (full 0):
 garbage-first heap   total 157696K, used 7738K [0x0000000080000000, 0x0000000100000000)
  region size 1024K, 5 young (5120K), 5 survivors (5120K)
 Metaspace       used 19926K, capacity 20263K, committed 20480K, reserved 1067008K
  class space    used 2127K, capacity 2247K, committed 2304K, reserved 1048576K
}
Event: 5.810 GC heap before
{Heap before GC invocations=5 (full 0):
 garbage-first heap   total 157696K, used 63034K [0x0000000080000000, 0x0000000100000000)
  region size 1024K, 60 young (61440K), 5 survivors (5120K)
 Metaspace       used 20929K, capacity 21206K, committed 21248K, reserved 1069056K
  class space    used 2178K, capacity 2283K, committed 2304K, reserved 1048576K
}
Event: 5.836 GC heap after
{Heap after GC invocations=6 (full 0):
 garbage-first heap   total 157696K, used 13719K [0x0000000080000000, 0x0000000100000000)
  region size 1024K, 11 young (11264K), 11 survivors (11264K)
 Metaspace       used 20929K, capacity 21206K, committed 21248K, reserved 1069056K
  class space    used 2178K, capacity 2283K, committed 2304K, reserved 1048576K
}
Event: 7.570 GC heap before
{Heap before GC invocations=7 (full 0):
 garbage-first heap   total 157696K, used 73111K [0x0000000080000000, 0x0000000100000000)
  region size 1024K, 69 young (70656K), 11 survivors (11264K)
 Metaspace       used 23609K, capacity 24072K, committed 24320K, reserved 1071104K
  class space    used 2389K, capacity 2536K, committed 2560K, reserved 1048576K
}
Event: 7.610 GC heap after
{Heap after GC invocations=8 (full 0):
 garbage-first heap   total 157696K, used 17365K [0x0000000080000000, 0x0000000100000000)
  region size 1024K, 4 young (4096K), 4 survivors (4096K)
 Metaspace       used 23609K, capacity 24072K, committed 24320K, reserved 1071104K
  class space    used 2389K, capacity 2536K, committed 2560K, reserved 1048576K
}

