# JRE version: Java(TM) SE Runtime Environment 18.9 (11.0.16+11) (build 11.0.16+11-LTS-199)
# Java VM: Java HotSpot(TM) 64-Bit Server VM 18.9 (11.0.16+11-LTS-199, mixed mode, tiered, compressed oops, g1 gc, windows-amd64)
Heap:
 garbage-first heap   total 157696K, used 64066K [0x0000000080000000, 0x0000000100000000)
  region size 1024K, 52 young (53248K), 6 survivors (6144K)
 Metaspace       used 32923K, capacity 33520K, committed 33840K, reserved 1079296K
  class space    used 3457K, capacity 3636K, committed 3712K, reserved 1048576K
GC Heap History (10 events):
Event: 5.508 GC heap before
{Heap before GC invocations=4 (full 0):
 garbage-first heap   total 131072K, used 35158K [0x0000000080000000, 0x0000000100000000)
  region size 1024K, 33 young (33792K), 3 survivors (3072K)
 Metaspace       used 20231K, capacity 20591K, committed 20864K, reserved 1067008K
  class space    used 2184K, capacity 2315K, committed 2432K, reserved 1048576K
}
Event: 5.524 GC heap after
{Heap after GC invocations=5 (full 0):
 garbage-first heap   total 131072K, used 7177K [0x0000000080000000, 0x0000000100000000)
  region size 1024K, 5 young (5120K), 5 survivors (5120K)
 Metaspace       used 20231K, capacity 20591K, committed 20864K, reserved 1067008K
  class space    used 2184K, capacity 2315K, committed 2432K, reserved 1048576K
}
Event: 5.655 GC heap before
{Heap before GC invocations=5 (full 0):
 garbage-first heap   total 131072K, used 7177K [0x0000000080000000, 0x0000000100000000)
  region size 1024K, 6 young (6144K), 5 survivors (5120K)
 Metaspace       used 20800K, capacity 21167K, committed 21296K, reserved 1069056K
  class space    used 2241K, capacity 2379K, committed 2432K, reserved 1048576K
}
Event: 5.670 GC heap after
{Heap after GC invocations=6 (full 0):
 garbage-first heap   total 157696K, used 7263K [0x0000000080000000, 0x0000000100000000)
  region size 1024K, 5 young (5120K), 5 survivors (5120K)
 Metaspace       used 20800K, capacity 21167K, committed 21296K, reserved 1069056K
  class space    used 2241K, capacity 2379K, committed 2432K, reserved 1048576K
}
Event: 19.987 GC heap before
{Heap before GC invocations=7 (full 0):
 garbage-first heap   total 157696K, used 50271K [0x0000000080000000, 0x0000000100000000)
  region size 1024K, 47 young (48128K), 5 survivors (5120K)
 Metaspace       used 28313K, capacity 28752K, committed 28848K, reserved 1075200K
  class space    used 3094K, capacity 3238K, committed 3328K, reserved 1048576K
}
Event: 20.012 GC heap after
{Heap after GC invocations=8 (full 0):
 garbage-first heap   total 157696K, used 12880K [0x0000000080000000, 0x0000000100000000)
  region size 1024K, 6 young (6144K), 6 survivors (6144K)
 Metaspace       used 28313K, capacity 28752K, committed 28848K, reserved 1075200K
  class space    used 3094K, capacity 3238K, committed 3328K, reserved 1048576K
}
Event: 38.226 GC heap before
{Heap before GC invocations=8 (full 0):
 garbage-first heap   total 157696K, used 63056K [0x0000000080000000, 0x0000000100000000)
  region size 1024K, 55 young (56320K), 6 survivors (6144K)
 Metaspace       used 29300K, capacity 29760K, committed 29872K, reserved 1075200K
  class space    used 3127K, capacity 3274K, committed 3328K, reserved 1048576K
}
Event: 38.252 GC heap after
{Heap after GC invocations=9 (full 0):
 garbage-first heap   total 157696K, used 17014K [0x0000000080000000, 0x0000000100000000)
  region size 1024K, 5 young (5120K), 5 survivors (5120K)
 Metaspace       used 29300K, capacity 29760K, committed 29872K, reserved 1075200K
  class space    used 3127K, capacity 3274K, committed 3328K, reserved 1048576K
}
Event: 42.880 GC heap before
{Heap before GC invocations=9 (full 0):
 garbage-first heap   total 157696K, used 106102K [0x0000000080000000, 0x0000000100000000)
  region size 1024K, 92 young (94208K), 5 survivors (5120K)
 Metaspace       used 29980K, capacity 30462K, committed 30640K, reserved 1077248K
  class space    used 3185K, capacity 3315K, committed 3328K, reserved 1048576K
}
Event: 42.908 GC heap after
{Heap after GC invocations=10 (full 0):
 garbage-first heap   total 157696K, used 17986K [0x0000000080000000, 0x0000000100000000)
  region size 1024K, 6 young (6144K), 6 survivors (6144K)
 Metaspace       used 29980K, capacity 30462K, committed 30640K, reserved 1077248K
  class space    used 3185K, capacity 3315K, committed 3328K, reserved 1048576K
}

