# JRE version: Java(TM) SE Runtime Environment 18.9 (11.0.16+11) (build 11.0.16+11-LTS-199)
# Java VM: Java HotSpot(TM) 64-Bit Server VM 18.9 (11.0.16+11-LTS-199, mixed mode, tiered, compressed oops, g1 gc, windows-amd64)
Heap:
 garbage-first heap   total 157696K, used 68064K [0x0000000080000000, 0x0000000100000000)
  region size 1024K, 55 young (56320K), 8 survivors (8192K)
 Metaspace       used 28446K, capacity 29113K, committed 29440K, reserved 1075200K
  class space    used 2989K, capacity 3235K, committed 3328K, reserved 1048576K
GC Heap History (10 events):
Event: 2.281 GC heap before
{Heap before GC invocations=3 (full 0):
 garbage-first heap   total 131072K, used 23074K [0x0000000080000000, 0x0000000100000000)
  region size 1024K, 21 young (21504K), 2 survivors (2048K)
 Metaspace       used 14528K, capacity 14745K, committed 14976K, reserved 1062912K
  class space    used 1520K, capacity 1615K, committed 1664K, reserved 1048576K
}
Event: 2.289 GC heap after
{Heap after GC invocations=4 (full 0):
 garbage-first heap   total 131072K, used 4296K [0x0000000080000000, 0x0000000100000000)
  region size 1024K, 3 young (3072K), 3 survivors (3072K)
 Metaspace       used 14528K, capacity 14745K, committed 14976K, reserved 1062912K
  class space    used 1520K, capacity 1615K, committed 1664K, reserved 1048576K
}
Event: 3.838 GC heap before
{Heap before GC invocations=4 (full 0):
 garbage-first heap   total 131072K, used 40136K [0x0000000080000000, 0x0000000100000000)
  region size 1024K, 38 young (38912K), 3 survivors (3072K)
 Metaspace       used 19929K, capacity 20263K, committed 20480K, reserved 1067008K
  class space    used 2127K, capacity 2247K, committed 2304K, reserved 1048576K
}
Event: 3.857 GC heap after
{Heap after GC invocations=5 (full 0):
 garbage-first heap   total 157696K, used 7727K [0x0000000080000000, 0x0000000100000000)
  region size 1024K, 5 young (5120K), 5 survivors (5120K)
 Metaspace       used 19929K, capacity 20263K, committed 20480K, reserved 1067008K
  class space    used 2127K, capacity 2247K, committed 2304K, reserved 1048576K
}
Event: 6.229 GC heap before
{Heap before GC invocations=5 (full 0):
 garbage-first heap   total 157696K, used 63023K [0x0000000080000000, 0x0000000100000000)
  region size 1024K, 60 young (61440K), 5 survivors (5120K)
 Metaspace       used 20938K, capacity 21206K, committed 21248K, reserved 1069056K
  class space    used 2178K, capacity 2283K, committed 2304K, reserved 1048576K
}
Event: 6.258 GC heap after
{Heap after GC invocations=6 (full 0):
 garbage-first heap   total 157696K, used 14732K [0x0000000080000000, 0x0000000100000000)
  region size 1024K, 12 young (12288K), 12 survivors (12288K)
 Metaspace       used 20938K, capacity 21206K, committed 21248K, reserved 1069056K
  class space    used 2178K, capacity 2283K, committed 2304K, reserved 1048576K
}
Event: 8.117 GC heap before
{Heap before GC invocations=7 (full 0):
 garbage-first heap   total 157696K, used 74124K [0x0000000080000000, 0x0000000100000000)
  region size 1024K, 70 young (71680K), 12 survivors (12288K)
 Metaspace       used 23639K, capacity 24136K, committed 24320K, reserved 1071104K
  class space    used 2389K, capacity 2536K, committed 2560K, reserved 1048576K
}
Event: 8.154 GC heap after
{Heap after GC invocations=8 (full 0):
 garbage-first heap   total 157696K, used 17379K [0x0000000080000000, 0x0000000100000000)
  region size 1024K, 4 young (4096K), 4 survivors (4096K)
 Metaspace       used 23639K, capacity 24136K, committed 24320K, reserved 1071104K
  class space    used 2389K, capacity 2536K, committed 2560K, reserved 1048576K
}
Event: 10.770 GC heap before
{Heap before GC invocations=8 (full 0):
 garbage-first heap   total 157696K, used 131043K [0x0000000080000000, 0x0000000100000000)
  region size 1024K, 85 young (87040K), 4 survivors (4096K)
 Metaspace       used 28308K, capacity 28981K, committed 29184K, reserved 1075200K
  class space    used 2987K, capacity 3234K, committed 3328K, reserved 1048576K
}
Event: 10.788 GC heap after
{Heap after GC invocations=9 (full 0):
 garbage-first heap   total 157696K, used 20960K [0x0000000080000000, 0x0000000100000000)
  region size 1024K, 8 young (8192K), 8 survivors (8192K)
 Metaspace       used 28308K, capacity 28981K, committed 29184K, reserved 1075200K
  class space    used 2987K, capacity 3234K, committed 3328K, reserved 1048576K
}

