# JRE version: Java(TM) SE Runtime Environment 18.9 (11.0.16+11) (build 11.0.16+11-LTS-199)
# Java VM: Java HotSpot(TM) 64-Bit Server VM 18.9 (11.0.16+11-LTS-199, mixed mode, tiered, compressed oops, g1 gc, windows-amd64)
Heap:
 garbage-first heap   total 189440K, used 58657K [0x0000000080000000, 0x0000000100000000)
  region size 1024K, 44 young (45056K), 8 survivors (8192K)
 Metaspace       used 62656K, capacity 64359K, committed 64432K, reserved 1105920K
  class space    used 8087K, capacity 8809K, committed 8880K, reserved 1048576K
GC Heap History (10 events):
Event: 5.138 GC heap before
{Heap before GC invocations=6 (full 0):
 garbage-first heap   total 157696K, used 96255K [0x0000000080000000, 0x0000000100000000)
  region size 1024K, 88 young (90112K), 4 survivors (4096K)
 Metaspace       used 30517K, capacity 31541K, committed 31664K, reserved 1077248K
  class space    used 3560K, capacity 3976K, committed 4016K, reserved 1048576K
}
Event: 5.156 GC heap after
{Heap after GC invocations=7 (full 0):
 garbage-first heap   total 157696K, used 13125K [0x0000000080000000, 0x0000000100000000)
  region size 1024K, 6 young (6144K), 6 survivors (6144K)
 Metaspace       used 30517K, capacity 31541K, committed 31664K, reserved 1077248K
  class space    used 3560K, capacity 3976K, committed 4016K, reserved 1048576K
}
Event: 6.426 GC heap before
{Heap before GC invocations=7 (full 0):
 garbage-first heap   total 157696K, used 55109K [0x0000000080000000, 0x0000000100000000)
  region size 1024K, 48 young (49152K), 6 survivors (6144K)
 Metaspace       used 34697K, capacity 35844K, committed 35920K, reserved 1081344K
  class space    used 4142K, capacity 4611K, committed 4656K, reserved 1048576K
}
Event: 6.444 GC heap after
{Heap after GC invocations=8 (full 0):
 garbage-first heap   total 157696K, used 15120K [0x0000000080000000, 0x0000000100000000)
  region size 1024K, 8 young (8192K), 8 survivors (8192K)
 Metaspace       used 34697K, capacity 35844K, committed 35920K, reserved 1081344K
  class space    used 4142K, capacity 4611K, committed 4656K, reserved 1048576K
}
Event: 8.463 GC heap before
{Heap before GC invocations=9 (full 0):
 garbage-first heap   total 157696K, used 101136K [0x0000000080000000, 0x0000000100000000)
  region size 1024K, 92 young (94208K), 8 survivors (8192K)
 Metaspace       used 44374K, capacity 45698K, committed 45872K, reserved 1089536K
  class space    used 5549K, capacity 6116K, committed 6192K, reserved 1048576K
}
Event: 8.496 GC heap after
{Heap after GC invocations=10 (full 0):
 garbage-first heap   total 157696K, used 18196K [0x0000000080000000, 0x0000000100000000)
  region size 1024K, 9 young (9216K), 9 survivors (9216K)
 Metaspace       used 44374K, capacity 45698K, committed 45872K, reserved 1089536K
  class space    used 5549K, capacity 6116K, committed 6192K, reserved 1048576K
}
Event: 11.292 GC heap before
{Heap before GC invocations=10 (full 0):
 garbage-first heap   total 157696K, used 103188K [0x0000000080000000, 0x0000000100000000)
  region size 1024K, 92 young (94208K), 9 survivors (9216K)
 Metaspace       used 57347K, capacity 58785K, committed 59056K, reserved 1099776K
  class space    used 7430K, capacity 8046K, committed 8112K, reserved 1048576K
}
Event: 11.320 GC heap after
{Heap after GC invocations=11 (full 0):
 garbage-first heap   total 189440K, used 21748K [0x0000000080000000, 0x0000000100000000)
  region size 1024K, 9 young (9216K), 9 survivors (9216K)
 Metaspace       used 57347K, capacity 58785K, committed 59056K, reserved 1099776K
  class space    used 7430K, capacity 8046K, committed 8112K, reserved 1048576K
}
Event: 12.231 GC heap before
{Heap before GC invocations=11 (full 0):
 garbage-first heap   total 189440K, used 40180K [0x0000000080000000, 0x0000000100000000)
  region size 1024K, 28 young (28672K), 9 survivors (9216K)
 Metaspace       used 58692K, capacity 60155K, committed 60208K, reserved 1101824K
  class space    used 7576K, capacity 8205K, committed 8240K, reserved 1048576K
}
Event: 12.268 GC heap after
{Heap after GC invocations=12 (full 0):
 garbage-first heap   total 189440K, used 22817K [0x0000000080000000, 0x0000000100000000)
  region size 1024K, 8 young (8192K), 8 survivors (8192K)
 Metaspace       used 58692K, capacity 60155K, committed 60208K, reserved 1101824K
  class space    used 7576K, capacity 8205K, committed 8240K, reserved 1048576K
}

