# JRE version: Java(TM) SE Runtime Environment 18.9 (11.0.16+11) (build 11.0.16+11-LTS-199)
# Java VM: Java HotSpot(TM) 64-Bit Server VM 18.9 (11.0.16+11-LTS-199, mixed mode, tiered, compressed oops, g1 gc, windows-amd64)
Heap:
 garbage-first heap   total 157696K, used 41151K [0x0000000080000000, 0x0000000100000000)
  region size 1024K, 34 young (34816K), 7 survivors (7168K)
 Metaspace       used 35744K, capacity 37085K, committed 37296K, reserved 1081344K
  class space    used 4285K, capacity 4824K, committed 4864K, reserved 1048576K
GC Heap History (10 events):
Event: 0.912 GC heap before
{Heap before GC invocations=1 (full 0):
 garbage-first heap   total 131072K, used 7485K [0x0000000080000000, 0x0000000100000000)
  region size 1024K, 6 young (6144K), 1 survivors (1024K)
 Metaspace       used 10155K, capacity 10373K, committed 10624K, reserved 1058816K
  class space    used 945K, capacity 1044K, committed 1152K, reserved 1048576K
}
Event: 0.917 GC heap after
{Heap after GC invocations=2 (full 0):
 garbage-first heap   total 131072K, used 5120K [0x0000000080000000, 0x0000000100000000)
  region size 1024K, 1 young (1024K), 1 survivors (1024K)
 Metaspace       used 10155K, capacity 10373K, committed 10624K, reserved 1058816K
  class space    used 945K, capacity 1044K, committed 1152K, reserved 1048576K
}
Event: 3.147 GC heap before
{Heap before GC invocations=2 (full 0):
 garbage-first heap   total 131072K, used 58368K [0x0000000080000000, 0x0000000100000000)
  region size 1024K, 54 young (55296K), 1 survivors (1024K)
 Metaspace       used 20505K, capacity 21149K, committed 21296K, reserved 1069056K
  class space    used 2301K, capacity 2584K, committed 2688K, reserved 1048576K
}
Event: 3.158 GC heap after
{Heap after GC invocations=3 (full 0):
 garbage-first heap   total 131072K, used 7739K [0x0000000080000000, 0x0000000100000000)
  region size 1024K, 4 young (4096K), 4 survivors (4096K)
 Metaspace       used 20505K, capacity 21149K, committed 21296K, reserved 1069056K
  class space    used 2301K, capacity 2584K, committed 2688K, reserved 1048576K
}
Event: 4.820 GC heap before
{Heap before GC invocations=4 (full 0):
 garbage-first heap   total 131072K, used 62011K [0x0000000080000000, 0x0000000100000000)
  region size 1024K, 57 young (58368K), 4 survivors (4096K)
 Metaspace       used 28445K, capacity 29390K, committed 29488K, reserved 1075200K
  class space    used 3314K, capacity 3695K, committed 3712K, reserved 1048576K
}
Event: 4.835 GC heap after
{Heap after GC invocations=5 (full 0):
 garbage-first heap   total 131072K, used 9425K [0x0000000080000000, 0x0000000100000000)
  region size 1024K, 6 young (6144K), 6 survivors (6144K)
 Metaspace       used 28445K, capacity 29390K, committed 29488K, reserved 1075200K
  class space    used 3314K, capacity 3695K, committed 3712K, reserved 1048576K
}
Event: 6.814 GC heap before
{Heap before GC invocations=5 (full 0):
 garbage-first heap   total 131072K, used 67793K [0x0000000080000000, 0x0000000100000000)
  region size 1024K, 63 young (64512K), 6 survivors (6144K)
 Metaspace       used 33795K, capacity 35046K, committed 35248K, reserved 1079296K
  class space    used 4008K, capacity 4506K, committed 4608K, reserved 1048576K
}
Event: 6.846 GC heap after
{Heap after GC invocations=6 (full 0):
 garbage-first heap   total 157696K, used 13902K [0x0000000080000000, 0x0000000100000000)
  region size 1024K, 7 young (7168K), 7 survivors (7168K)
 Metaspace       used 33795K, capacity 35046K, committed 35248K, reserved 1079296K
  class space    used 4008K, capacity 4506K, committed 4608K, reserved 1048576K
}
Event: 7.172 GC heap before
{Heap before GC invocations=6 (full 0):
 garbage-first heap   total 157696K, used 25166K [0x0000000080000000, 0x0000000100000000)
  region size 1024K, 19 young (19456K), 7 survivors (7168K)
 Metaspace       used 34509K, capacity 35714K, committed 35888K, reserved 1081344K
  class space    used 4109K, capacity 4623K, committed 4736K, reserved 1048576K
}
Event: 7.192 GC heap after
{Heap after GC invocations=7 (full 0):
 garbage-first heap   total 157696K, used 14527K [0x0000000080000000, 0x0000000100000000)
  region size 1024K, 7 young (7168K), 7 survivors (7168K)
 Metaspace       used 34509K, capacity 35714K, committed 35888K, reserved 1081344K
  class space    used 4109K, capacity 4623K, committed 4736K, reserved 1048576K
}

