# JRE version: Java(TM) SE Runtime Environment 18.9 (11.0.16+11) (build 11.0.16+11-LTS-199)
# Java VM: Java HotSpot(TM) 64-Bit Server VM 18.9 (11.0.16+11-LTS-199, mixed mode, tiered, compressed oops, g1 gc, windows-amd64)
Heap:
 garbage-first heap   total 157696K, used 11353K [0x0000000080000000, 0x0000000100000000)
  region size 1024K, 5 young (5120K), 5 survivors (5120K)
 Metaspace       used 27680K, capacity 28474K, committed 28592K, reserved 1075200K
  class space    used 3188K, capacity 3537K, committed 3584K, reserved 1048576K
GC Heap History (10 events):
Event: 0.795 GC heap after
{Heap after GC invocations=1 (full 0):
 garbage-first heap   total 131072K, used 4713K [0x0000000080000000, 0x0000000100000000)
  region size 1024K, 1 young (1024K), 1 survivors (1024K)
 Metaspace       used 9053K, capacity 9181K, committed 9344K, reserved 1058816K
  class space    used 812K, capacity 876K, committed 896K, reserved 1048576K
}
Event: 1.034 GC heap before
{Heap before GC invocations=1 (full 0):
 garbage-first heap   total 131072K, used 8809K [0x0000000080000000, 0x0000000100000000)
  region size 1024K, 6 young (6144K), 1 survivors (1024K)
 Metaspace       used 9902K, capacity 10070K, committed 10240K, reserved 1058816K
  class space    used 913K, capacity 962K, committed 1024K, reserved 1048576K
}
Event: 1.039 GC heap after
{Heap after GC invocations=2 (full 0):
 garbage-first heap   total 131072K, used 7486K [0x0000000080000000, 0x0000000100000000)
  region size 1024K, 1 young (1024K), 1 survivors (1024K)
 Metaspace       used 9902K, capacity 10070K, committed 10240K, reserved 1058816K
  class space    used 913K, capacity 962K, committed 1024K, reserved 1048576K
}
Event: 1.635 GC heap before
{Heap before GC invocations=2 (full 0):
 garbage-first heap   total 131072K, used 18750K [0x0000000080000000, 0x0000000100000000)
  region size 1024K, 12 young (12288K), 1 survivors (1024K)
 Metaspace       used 11908K, capacity 12236K, committed 12416K, reserved 1060864K
  class space    used 1168K, capacity 1311K, committed 1408K, reserved 1048576K
}
Event: 1.638 GC heap after
{Heap after GC invocations=3 (full 0):
 garbage-first heap   total 131072K, used 7537K [0x0000000080000000, 0x0000000100000000)
  region size 1024K, 2 young (2048K), 2 survivors (2048K)
 Metaspace       used 11908K, capacity 12236K, committed 12416K, reserved 1060864K
  class space    used 1168K, capacity 1311K, committed 1408K, reserved 1048576K
}
Event: 2.377 GC heap before
{Heap before GC invocations=3 (full 0):
 garbage-first heap   total 131072K, used 23921K [0x0000000080000000, 0x0000000100000000)
  region size 1024K, 18 young (18432K), 2 survivors (2048K)
 Metaspace       used 14973K, capacity 15466K, committed 15616K, reserved 1062912K
  class space    used 1562K, capacity 1781K, committed 1792K, reserved 1048576K
}
Event: 2.382 GC heap after
{Heap after GC invocations=4 (full 0):
 garbage-first heap   total 131072K, used 8199K [0x0000000080000000, 0x0000000100000000)
  region size 1024K, 2 young (2048K), 2 survivors (2048K)
 Metaspace       used 14973K, capacity 15466K, committed 15616K, reserved 1062912K
  class space    used 1562K, capacity 1781K, committed 1792K, reserved 1048576K
}
Event: 3.678 GC heap before
{Heap before GC invocations=4 (full 0):
 garbage-first heap   total 131072K, used 45063K [0x0000000080000000, 0x0000000100000000)
  region size 1024K, 39 young (39936K), 2 survivors (2048K)
 Metaspace       used 20465K, capacity 21150K, committed 21296K, reserved 1069056K
  class space    used 2295K, capacity 2604K, committed 2688K, reserved 1048576K
}
Event: 3.692 GC heap after
{Heap after GC invocations=5 (full 0):
 garbage-first heap   total 131072K, used 9746K [0x0000000080000000, 0x0000000100000000)
  region size 1024K, 4 young (4096K), 4 survivors (4096K)
 Metaspace       used 20465K, capacity 21150K, committed 21296K, reserved 1069056K
  class space    used 2295K, capacity 2604K, committed 2688K, reserved 1048576K
}
Event: 5.123 GC heap before
{Heap before GC invocations=6 (full 0):
 garbage-first heap   total 131072K, used 55826K [0x0000000080000000, 0x0000000100000000)
  region size 1024K, 50 young (51200K), 4 survivors (4096K)
 Metaspace       used 27680K, capacity 28474K, committed 28592K, reserved 1075200K
  class space    used 3188K, capacity 3537K, committed 3584K, reserved 1048576K
}

