# JRE version: Java(TM) SE Runtime Environment 18.9 (11.0.16+11) (build 11.0.16+11-LTS-199)
# Java VM: Java HotSpot(TM) 64-Bit Server VM 18.9 (11.0.16+11-LTS-199, mixed mode, tiered, compressed oops, g1 gc, windows-amd64)
Heap:
 garbage-first heap   total 162816K, used 18129K [0x0000000080000000, 0x0000000100000000)
  region size 1024K, 13 young (13312K), 6 survivors (6144K)
 Metaspace       used 28562K, capacity 29437K, committed 29616K, reserved 1075200K
  class space    used 3329K, capacity 3716K, committed 3840K, reserved 1048576K
GC Heap History (10 events):
Event: 1.319 GC heap before
{Heap before GC invocations=2 (full 0):
 garbage-first heap   total 131072K, used 15819K [0x0000000080000000, 0x0000000100000000)
  region size 1024K, 9 young (9216K), 1 survivors (1024K)
 Metaspace       used 11350K, capacity 11616K, committed 11776K, reserved 1060864K
  class space    used 1090K, capacity 1184K, committed 1280K, reserved 1048576K
}
Event: 1.324 GC heap after
{Heap after GC invocations=3 (full 0):
 garbage-first heap   total 131072K, used 7542K [0x0000000080000000, 0x0000000100000000)
  region size 1024K, 1 young (1024K), 1 survivors (1024K)
 Metaspace       used 11350K, capacity 11616K, committed 11776K, reserved 1060864K
  class space    used 1090K, capacity 1184K, committed 1280K, reserved 1048576K
}
Event: 2.094 GC heap before
{Heap before GC invocations=3 (full 0):
 garbage-first heap   total 131072K, used 20854K [0x0000000080000000, 0x0000000100000000)
  region size 1024K, 14 young (14336K), 1 survivors (1024K)
 Metaspace       used 14080K, capacity 14525K, committed 14720K, reserved 1062912K
  class space    used 1463K, capacity 1656K, committed 1664K, reserved 1048576K
}
Event: 2.100 GC heap after
{Heap after GC invocations=4 (full 0):
 garbage-first heap   total 131072K, used 8107K [0x0000000080000000, 0x0000000100000000)
  region size 1024K, 2 young (2048K), 2 survivors (2048K)
 Metaspace       used 14080K, capacity 14525K, committed 14720K, reserved 1062912K
  class space    used 1463K, capacity 1656K, committed 1664K, reserved 1048576K
}
Event: 2.822 GC heap before
{Heap before GC invocations=4 (full 0):
 garbage-first heap   total 131072K, used 29611K [0x0000000080000000, 0x0000000100000000)
  region size 1024K, 23 young (23552K), 2 survivors (2048K)
 Metaspace       used 16911K, capacity 17472K, committed 17664K, reserved 1064960K
  class space    used 1815K, capacity 2047K, committed 2048K, reserved 1048576K
}
Event: 2.830 GC heap after
{Heap after GC invocations=5 (full 0):
 garbage-first heap   total 162816K, used 8753K [0x0000000080000000, 0x0000000100000000)
  region size 1024K, 3 young (3072K), 3 survivors (3072K)
 Metaspace       used 16911K, capacity 17472K, committed 17664K, reserved 1064960K
  class space    used 1815K, capacity 2047K, committed 2048K, reserved 1048576K
}
Event: 3.594 GC heap before
{Heap before GC invocations=5 (full 0):
 garbage-first heap   total 162816K, used 29233K [0x0000000080000000, 0x0000000100000000)
  region size 1024K, 24 young (24576K), 3 survivors (3072K)
 Metaspace       used 20457K, capacity 21150K, committed 21296K, reserved 1069056K
  class space    used 2295K, capacity 2604K, committed 2688K, reserved 1048576K
}
Event: 3.615 GC heap after
{Heap after GC invocations=6 (full 0):
 garbage-first heap   total 162816K, used 9989K [0x0000000080000000, 0x0000000100000000)
  region size 1024K, 4 young (4096K), 4 survivors (4096K)
 Metaspace       used 20457K, capacity 21150K, committed 21296K, reserved 1069056K
  class space    used 2295K, capacity 2604K, committed 2688K, reserved 1048576K
}
Event: 5.954 GC heap before
{Heap before GC invocations=7 (full 0):
 garbage-first heap   total 162816K, used 61189K [0x0000000080000000, 0x0000000100000000)
  region size 1024K, 54 young (55296K), 4 survivors (4096K)
 Metaspace       used 28008K, capacity 28824K, committed 28976K, reserved 1075200K
  class space    used 3249K, capacity 3611K, committed 3712K, reserved 1048576K
}
Event: 5.973 GC heap after
{Heap after GC invocations=8 (full 0):
 garbage-first heap   total 162816K, used 11985K [0x0000000080000000, 0x0000000100000000)
  region size 1024K, 6 young (6144K), 6 survivors (6144K)
 Metaspace       used 28008K, capacity 28824K, committed 28976K, reserved 1075200K
  class space    used 3249K, capacity 3611K, committed 3712K, reserved 1048576K
}

