# JRE version: Java(TM) SE Runtime Environment 18.9 (11.0.16+11) (build 11.0.16+11-LTS-199)
# Java VM: Java HotSpot(TM) 64-Bit Server VM 18.9 (11.0.16+11-LTS-199, mixed mode, tiered, compressed oops, g1 gc, windows-amd64)
Heap:
 garbage-first heap   total 189440K, used 105150K [0x0000000080000000, 0x0000000100000000)
  region size 1024K, 93 young (95232K), 10 survivors (10240K)
 Metaspace       used 68964K, capacity 70717K, committed 70956K, reserved 1110016K
  class space    used 8813K, capacity 9499K, committed 9600K, reserved 1048576K
GC Heap History (10 events):
Event: 3.626 GC heap before
{Heap before GC invocations=7 (full 0):
 garbage-first heap   total 157696K, used 40455K [0x0000000080000000, 0x0000000100000000)
  region size 1024K, 33 young (33792K), 2 survivors (2048K)
 Metaspace       used 24808K, capacity 25424K, committed 25600K, reserved 1071104K
  class space    used 2786K, capacity 3052K, committed 3072K, reserved 1048576K
}
Event: 3.635 GC heap after
{Heap after GC invocations=8 (full 0):
 garbage-first heap   total 157696K, used 10282K [0x0000000080000000, 0x0000000100000000)
  region size 1024K, 4 young (4096K), 4 survivors (4096K)
 Metaspace       used 24808K, capacity 25424K, committed 25600K, reserved 1071104K
  class space    used 2786K, capacity 3052K, committed 3072K, reserved 1048576K
}
Event: 5.261 GC heap before
{Heap before GC invocations=8 (full 0):
 garbage-first heap   total 157696K, used 57386K [0x0000000080000000, 0x0000000100000000)
  region size 1024K, 50 young (51200K), 4 survivors (4096K)
 Metaspace       used 29226K, capacity 30002K, committed 30336K, reserved 1075200K
  class space    used 3349K, capacity 3631K, committed 3712K, reserved 1048576K
}
Event: 5.276 GC heap after
{Heap after GC invocations=9 (full 0):
 garbage-first heap   total 157696K, used 11783K [0x0000000080000000, 0x0000000100000000)
  region size 1024K, 5 young (5120K), 5 survivors (5120K)
 Metaspace       used 29226K, capacity 30002K, committed 30336K, reserved 1075200K
  class space    used 3349K, capacity 3631K, committed 3712K, reserved 1048576K
}
Event: 6.714 GC heap before
{Heap before GC invocations=9 (full 0):
 garbage-first heap   total 157696K, used 44551K [0x0000000080000000, 0x0000000100000000)
  region size 1024K, 38 young (38912K), 5 survivors (5120K)
 Metaspace       used 34698K, capacity 35764K, committed 35840K, reserved 1081344K
  class space    used 4068K, capacity 4461K, committed 4480K, reserved 1048576K
}
Event: 6.734 GC heap after
{Heap after GC invocations=10 (full 0):
 garbage-first heap   total 157696K, used 14271K [0x0000000080000000, 0x0000000100000000)
  region size 1024K, 8 young (8192K), 8 survivors (8192K)
 Metaspace       used 34698K, capacity 35764K, committed 35840K, reserved 1081344K
  class space    used 4068K, capacity 4461K, committed 4480K, reserved 1048576K
}
Event: 10.039 GC heap before
{Heap before GC invocations=11 (full 0):
 garbage-first heap   total 157696K, used 81855K [0x0000000080000000, 0x0000000100000000)
  region size 1024K, 74 young (75776K), 8 survivors (8192K)
 Metaspace       used 49840K, capacity 51103K, committed 51328K, reserved 1093632K
  class space    used 6183K, capacity 6708K, committed 6784K, reserved 1048576K
}
Event: 10.084 GC heap after
{Heap after GC invocations=12 (full 0):
 garbage-first heap   total 189440K, used 19115K [0x0000000080000000, 0x0000000100000000)
  region size 1024K, 10 young (10240K), 10 survivors (10240K)
 Metaspace       used 49840K, capacity 51103K, committed 51328K, reserved 1093632K
  class space    used 6183K, capacity 6708K, committed 6784K, reserved 1048576K
}
Event: 12.578 GC heap before
{Heap before GC invocations=12 (full 0):
 garbage-first heap   total 189440K, used 73387K [0x0000000080000000, 0x0000000100000000)
  region size 1024K, 64 young (65536K), 10 survivors (10240K)
 Metaspace       used 58539K, capacity 59836K, committed 59948K, reserved 1101824K
  class space    used 7445K, capacity 7992K, committed 8064K, reserved 1048576K
}
Event: 12.609 GC heap after
{Heap after GC invocations=13 (full 0):
 garbage-first heap   total 189440K, used 21182K [0x0000000080000000, 0x0000000100000000)
  region size 1024K, 10 young (10240K), 10 survivors (10240K)
 Metaspace       used 58539K, capacity 59836K, committed 59948K, reserved 1101824K
  class space    used 7445K, capacity 7992K, committed 8064K, reserved 1048576K
}

