# JRE version: Java(TM) SE Runtime Environment 18.9 (11.0.16+11) (build 11.0.16+11-LTS-199)
# Java VM: Java HotSpot(TM) 64-Bit Server VM 18.9 (11.0.16+11-LTS-199, mixed mode, tiered, compressed oops, g1 gc, windows-amd64)
Heap:
 garbage-first heap   total 195584K, used 26520K [0x0000000080000000, 0x0000000100000000)
  region size 1024K, 7 young (7168K), 7 survivors (7168K)
 Metaspace       used 34041K, capacity 34671K, committed 34816K, reserved 1081344K
  class space    used 3529K, capacity 3755K, committed 3840K, reserved 1048576K
GC Heap History (10 events):
Event: 1.707 GC heap after
{Heap after GC invocations=4 (full 0):
 garbage-first heap   total 131072K, used 4489K [0x0000000080000000, 0x0000000100000000)
  region size 1024K, 2 young (2048K), 2 survivors (2048K)
 Metaspace       used 14679K, capacity 14934K, committed 15232K, reserved 1062912K
  class space    used 1501K, capacity 1596K, committed 1664K, reserved 1048576K
}
Event: 2.423 GC heap before
{Heap before GC invocations=4 (full 0):
 garbage-first heap   total 131072K, used 28041K [0x0000000080000000, 0x0000000100000000)
  region size 1024K, 26 young (26624K), 2 survivors (2048K)
 Metaspace       used 18534K, capacity 18851K, committed 19072K, reserved 1067008K
  class space    used 2021K, capacity 2152K, committed 2176K, reserved 1048576K
}
Event: 2.433 GC heap after
{Heap after GC invocations=5 (full 0):
 garbage-first heap   total 157696K, used 5955K [0x0000000080000000, 0x0000000100000000)
  region size 1024K, 3 young (3072K), 3 survivors (3072K)
 Metaspace       used 18534K, capacity 18851K, committed 19072K, reserved 1067008K
  class space    used 2021K, capacity 2152K, committed 2176K, reserved 1048576K
}
Event: 3.626 GC heap before
{Heap before GC invocations=5 (full 0):
 garbage-first heap   total 157696K, used 29507K [0x0000000080000000, 0x0000000100000000)
  region size 1024K, 27 young (27648K), 3 survivors (3072K)
 Metaspace       used 20834K, capacity 21111K, committed 21248K, reserved 1069056K
  class space    used 2203K, capacity 2296K, committed 2304K, reserved 1048576K
}
Event: 3.640 GC heap after
{Heap after GC invocations=6 (full 0):
 garbage-first heap   total 157696K, used 8659K [0x0000000080000000, 0x0000000100000000)
  region size 1024K, 6 young (6144K), 6 survivors (6144K)
 Metaspace       used 20834K, capacity 21111K, committed 21248K, reserved 1069056K
  class space    used 2203K, capacity 2296K, committed 2304K, reserved 1048576K
}
Event: 7.636 GC heap before
{Heap before GC invocations=7 (full 0):
 garbage-first heap   total 157696K, used 94675K [0x0000000080000000, 0x0000000100000000)
  region size 1024K, 90 young (92160K), 6 survivors (6144K)
 Metaspace       used 22652K, capacity 23031K, committed 23296K, reserved 1071104K
  class space    used 2314K, capacity 2441K, committed 2560K, reserved 1048576K
}
Event: 7.663 GC heap after
{Heap after GC invocations=8 (full 0):
 garbage-first heap   total 157696K, used 13422K [0x0000000080000000, 0x0000000100000000)
  region size 1024K, 10 young (10240K), 10 survivors (10240K)
 Metaspace       used 22652K, capacity 23031K, committed 23296K, reserved 1071104K
  class space    used 2314K, capacity 2441K, committed 2560K, reserved 1048576K
}
Event: 10.887 GC heap before
{Heap before GC invocations=8 (full 0):
 garbage-first heap   total 157696K, used 96366K [0x0000000080000000, 0x0000000100000000)
  region size 1024K, 92 young (94208K), 10 survivors (10240K)
 Metaspace       used 32775K, capacity 33451K, committed 33664K, reserved 1079296K
  class space    used 3433K, capacity 3649K, committed 3712K, reserved 1048576K
}
Event: 10.932 GC heap after
{Heap after GC invocations=9 (full 0):
 garbage-first heap   total 157696K, used 25391K [0x0000000080000000, 0x0000000100000000)
  region size 1024K, 12 young (12288K), 12 survivors (12288K)
 Metaspace       used 32775K, capacity 33451K, committed 33664K, reserved 1079296K
  class space    used 3433K, capacity 3649K, committed 3712K, reserved 1048576K
}
Event: 13.444 GC heap before
{Heap before GC invocations=9 (full 0):
 garbage-first heap   total 157696K, used 107311K [0x0000000080000000, 0x0000000100000000)
  region size 1024K, 92 young (94208K), 12 survivors (12288K)
 Metaspace       used 34041K, capacity 34671K, committed 34816K, reserved 1081344K
  class space    used 3529K, capacity 3755K, committed 3840K, reserved 1048576K
}

