# JRE version: Java(TM) SE Runtime Environment 18.9 (11.0.16+11) (build 11.0.16+11-LTS-199)
# Java VM: Java HotSpot(TM) 64-Bit Server VM 18.9 (11.0.16+11-LTS-199, mixed mode, tiered, compressed oops, g1 gc, windows-amd64)
Heap:
 garbage-first heap   total 157696K, used 42172K [0x0000000080000000, 0x0000000100000000)
  region size 1024K, 32 young (32768K), 9 survivors (9216K)
 Metaspace       used 51302K, capacity 52645K, committed 52892K, reserved 1101824K
  class space    used 6691K, capacity 7241K, committed 7244K, reserved 1048576K
GC Heap History (10 events):
Event: 4.838 GC heap before
{Heap before GC invocations=5 (full 0):
 garbage-first heap   total 131072K, used 16026K [0x0000000080000000, 0x0000000100000000)
  region size 1024K, 12 young (12288K), 3 survivors (3072K)
 Metaspace       used 20574K, capacity 21112K, committed 21296K, reserved 1071104K
  class space    used 2380K, capacity 2605K, committed 2688K, reserved 1048576K
}
Event: 4.846 GC heap after
{Heap after GC invocations=6 (full 0):
 garbage-first heap   total 131072K, used 9702K [0x0000000080000000, 0x0000000100000000)
  region size 1024K, 4 young (4096K), 4 survivors (4096K)
 Metaspace       used 20574K, capacity 21112K, committed 21296K, reserved 1071104K
  class space    used 2380K, capacity 2605K, committed 2688K, reserved 1048576K
}
Event: 6.032 GC heap before
{Heap before GC invocations=7 (full 0):
 garbage-first heap   total 131072K, used 48614K [0x0000000080000000, 0x0000000100000000)
  region size 1024K, 42 young (43008K), 4 survivors (4096K)
 Metaspace       used 23112K, capacity 23768K, committed 23984K, reserved 1073152K
  class space    used 2762K, capacity 3019K, committed 3072K, reserved 1048576K
}
Event: 6.045 GC heap after
{Heap after GC invocations=8 (full 0):
 garbage-first heap   total 131072K, used 10823K [0x0000000080000000, 0x0000000100000000)
  region size 1024K, 4 young (4096K), 4 survivors (4096K)
 Metaspace       used 23112K, capacity 23768K, committed 23984K, reserved 1073152K
  class space    used 2762K, capacity 3019K, committed 3072K, reserved 1048576K
}
Event: 14.270 GC heap before
{Heap before GC invocations=8 (full 0):
 garbage-first heap   total 131072K, used 74311K [0x0000000080000000, 0x0000000100000000)
  region size 1024K, 66 young (67584K), 4 survivors (4096K)
 Metaspace       used 31097K, capacity 32173K, committed 32432K, reserved 1081344K
  class space    used 3873K, capacity 4332K, committed 4352K, reserved 1048576K
}
Event: 14.296 GC heap after
{Heap after GC invocations=9 (full 0):
 garbage-first heap   total 157696K, used 15291K [0x0000000080000000, 0x0000000100000000)
  region size 1024K, 9 young (9216K), 9 survivors (9216K)
 Metaspace       used 31097K, capacity 32173K, committed 32432K, reserved 1081344K
  class space    used 3873K, capacity 4332K, committed 4352K, reserved 1048576K
}
Event: 29.994 GC heap before
{Heap before GC invocations=9 (full 0):
 garbage-first heap   total 157696K, used 44987K [0x0000000080000000, 0x0000000100000000)
  region size 1024K, 39 young (39936K), 9 survivors (9216K)
 Metaspace       used 34792K, capacity 35853K, committed 35920K, reserved 1083392K
  class space    used 4408K, capacity 4855K, committed 4864K, reserved 1048576K
}
Event: 30.019 GC heap after
{Heap after GC invocations=10 (full 0):
 garbage-first heap   total 157696K, used 16572K [0x0000000080000000, 0x0000000100000000)
  region size 1024K, 6 young (6144K), 6 survivors (6144K)
 Metaspace       used 34792K, capacity 35853K, committed 35920K, reserved 1083392K
  class space    used 4408K, capacity 4855K, committed 4864K, reserved 1048576K
}
Event: 33.164 GC heap before
{Heap before GC invocations=11 (full 0):
 garbage-first heap   total 157696K, used 94396K [0x0000000080000000, 0x0000000100000000)
  region size 1024K, 82 young (83968K), 6 survivors (6144K)
 Metaspace       used 48612K, capacity 49945K, committed 50076K, reserved 1095680K
  class space    used 6367K, capacity 6915K, committed 6988K, reserved 1048576K
}
Event: 33.192 GC heap after
{Heap after GC invocations=12 (full 0):
 garbage-first heap   total 157696K, used 19644K [0x0000000080000000, 0x0000000100000000)
  region size 1024K, 9 young (9216K), 9 survivors (9216K)
 Metaspace       used 48612K, capacity 49945K, committed 50076K, reserved 1095680K
  class space    used 6367K, capacity 6915K, committed 6988K, reserved 1048576K
}

