-------------------------------------------------------------------------------
Test set: com.example.pensionmanagement.PensionManagementSystemApplicationTests
-------------------------------------------------------------------------------
Tests run: 1, Failures: 0, Errors: 1, Skipped: 0, Time elapsed: 0.029 s <<< FAILURE! - in com.example.pensionmanagement.PensionManagementSystemApplicationTests
com.example.pensionmanagement.PensionManagementSystemApplicationTests  Time elapsed: 0.029 s  <<< ERROR!
java.lang.IllegalStateException: Unable to find a @SpringBootConfiguration, you need to use @ContextConfiguration or @SpringBootTest(classes=...) with your test

