-------------------------------------------------------------------------------
Test set: com.example.pensionmanagement.PensionControllerTest
-------------------------------------------------------------------------------
Tests run: 1, Failures: 0, Errors: 1, Skipped: 0, Time elapsed: 0.753 s <<< FAILURE! - in com.example.pensionmanagement.PensionControllerTest
com.example.pensionmanagement.PensionControllerTest  Time elapsed: 0.75 s  <<< ERROR!
java.lang.IllegalStateException: Unable to find a @SpringBootConfiguration, you need to use @ContextConfiguration or @SpringBootTest(classes=...) with your test

