# JRE version: Java(TM) SE Runtime Environment 18.9 (11.0.16+11) (build 11.0.16+11-LTS-199)
# Java VM: Java HotSpot(TM) 64-Bit Server VM 18.9 (11.0.16+11-LTS-199, mixed mode, tiered, compressed oops, g1 gc, windows-amd64)
Heap:
 garbage-first heap   total 193536K, used 22617K [0x0000000080000000, 0x0000000100000000)
  region size 1024K, 8 young (8192K), 8 survivors (8192K)
 Metaspace       used 28702K, capacity 29330K, committed 29568K, reserved 1075200K
  class space    used 2944K, capacity 3159K, committed 3200K, reserved 1048576K
GC Heap History (10 events):
Event: 2.014 GC heap after
{Heap after GC invocations=4 (full 0):
 garbage-first heap   total 131072K, used 4656K [0x0000000080000000, 0x0000000100000000)
  region size 1024K, 3 young (3072K), 3 survivors (3072K)
 Metaspace       used 15384K, capacity 15648K, committed 15872K, reserved 1062912K
  class space    used 1631K, capacity 1745K, committed 1792K, reserved 1048576K
}
Event: 3.687 GC heap before
{Heap before GC invocations=4 (full 0):
 garbage-first heap   total 131072K, used 37424K [0x0000000080000000, 0x0000000100000000)
  region size 1024K, 35 young (35840K), 3 survivors (3072K)
 Metaspace       used 19922K, capacity 20264K, committed 20480K, reserved 1067008K
  class space    used 2127K, capacity 2247K, committed 2304K, reserved 1048576K
}
Event: 3.705 GC heap after
{Heap after GC invocations=5 (full 0):
 garbage-first heap   total 157696K, used 8131K [0x0000000080000000, 0x0000000100000000)
  region size 1024K, 5 young (5120K), 5 survivors (5120K)
 Metaspace       used 19922K, capacity 20264K, committed 20480K, reserved 1067008K
  class space    used 2127K, capacity 2247K, committed 2304K, reserved 1048576K
}
Event: 5.152 GC heap before
{Heap before GC invocations=5 (full 0):
 garbage-first heap   total 157696K, used 58307K [0x0000000080000000, 0x0000000100000000)
  region size 1024K, 55 young (56320K), 5 survivors (5120K)
 Metaspace       used 20958K, capacity 21206K, committed 21248K, reserved 1069056K
  class space    used 2176K, capacity 2283K, committed 2304K, reserved 1048576K
}
Event: 5.174 GC heap after
{Heap after GC invocations=6 (full 0):
 garbage-first heap   total 157696K, used 12116K [0x0000000080000000, 0x0000000100000000)
  region size 1024K, 7 young (7168K), 7 survivors (7168K)
 Metaspace       used 20958K, capacity 21206K, committed 21248K, reserved 1069056K
  class space    used 2176K, capacity 2283K, committed 2304K, reserved 1048576K
}
Event: 7.214 GC heap before
{Heap before GC invocations=7 (full 0):
 garbage-first heap   total 157696K, used 117588K [0x0000000080000000, 0x0000000100000000)
  region size 1024K, 62 young (63488K), 7 survivors (7168K)
 Metaspace       used 23335K, capacity 23797K, committed 24064K, reserved 1071104K
  class space    used 2358K, capacity 2506K, committed 2560K, reserved 1048576K
}
Event: 7.246 GC heap after
{Heap after GC invocations=8 (full 0):
 garbage-first heap   total 157696K, used 15003K [0x0000000080000000, 0x0000000100000000)
  region size 1024K, 7 young (7168K), 7 survivors (7168K)
 Metaspace       used 23335K, capacity 23797K, committed 24064K, reserved 1071104K
  class space    used 2358K, capacity 2506K, committed 2560K, reserved 1048576K
}
Event: 8.811 GC heap before
{Heap before GC invocations=8 (full 0):
 garbage-first heap   total 157696K, used 108187K [0x0000000080000000, 0x0000000100000000)
  region size 1024K, 68 young (69632K), 7 survivors (7168K)
 Metaspace       used 26441K, capacity 26913K, committed 27008K, reserved 1073152K
  class space    used 2699K, capacity 2884K, committed 2944K, reserved 1048576K
}
Event: 8.832 GC heap after
{Heap after GC invocations=9 (full 0):
 garbage-first heap   total 157696K, used 18483K [0x0000000080000000, 0x0000000100000000)
  region size 1024K, 7 young (7168K), 7 survivors (7168K)
 Metaspace       used 26441K, capacity 26913K, committed 27008K, reserved 1073152K
  class space    used 2699K, capacity 2884K, committed 2944K, reserved 1048576K
}
Event: 12.322 GC heap before
{Heap before GC invocations=9 (full 0):
 garbage-first heap   total 157696K, used 89139K [0x0000000080000000, 0x0000000100000000)
  region size 1024K, 75 young (76800K), 7 survivors (7168K)
 Metaspace       used 28702K, capacity 29330K, committed 29568K, reserved 1075200K
  class space    used 2944K, capacity 3159K, committed 3200K, reserved 1048576K
}

