# JRE version: Java(TM) SE Runtime Environment 18.9 (11.0.16+11) (build 11.0.16+11-LTS-199)
# Java VM: Java HotSpot(TM) 64-Bit Server VM 18.9 (11.0.16+11-LTS-199, mixed mode, tiered, compressed oops, g1 gc, windows-amd64)
Heap:
 garbage-first heap   total 157696K, used 51132K [0x0000000080000000, 0x0000000100000000)
  region size 1024K, 43 young (44032K), 9 survivors (9216K)
 Metaspace       used 34522K, capacity 35025K, committed 35200K, reserved 1081344K
  class space    used 3797K, capacity 3960K, committed 3968K, reserved 1048576K
GC Heap History (10 events):
Event: 1.321 GC heap before
{Heap before GC invocations=2 (full 0):
 garbage-first heap   total 131072K, used 16512K [0x0000000080000000, 0x0000000100000000)
  region size 1024K, 14 young (14336K), 1 survivors (1024K)
 Metaspace       used 12428K, capacity 12596K, committed 12672K, reserved 1060864K
  class space    used 1265K, capacity 1348K, committed 1408K, reserved 1048576K
}
Event: 1.325 GC heap after
{Heap after GC invocations=3 (full 0):
 garbage-first heap   total 131072K, used 3713K [0x0000000080000000, 0x0000000100000000)
  region size 1024K, 2 young (2048K), 2 survivors (2048K)
 Metaspace       used 12428K, capacity 12596K, committed 12672K, reserved 1060864K
  class space    used 1265K, capacity 1348K, committed 1408K, reserved 1048576K
}
Event: 1.869 GC heap before
{Heap before GC invocations=3 (full 0):
 garbage-first heap   total 131072K, used 22145K [0x0000000080000000, 0x0000000100000000)
  region size 1024K, 20 young (20480K), 2 survivors (2048K)
 Metaspace       used 14861K, capacity 15036K, committed 15232K, reserved 1062912K
  class space    used 1566K, capacity 1649K, committed 1664K, reserved 1048576K
}
Event: 1.875 GC heap after
{Heap after GC invocations=4 (full 0):
 garbage-first heap   total 131072K, used 4506K [0x0000000080000000, 0x0000000100000000)
  region size 1024K, 3 young (3072K), 3 survivors (3072K)
 Metaspace       used 14861K, capacity 15036K, committed 15232K, reserved 1062912K
  class space    used 1566K, capacity 1649K, committed 1664K, reserved 1048576K
}
Event: 3.252 GC heap before
{Heap before GC invocations=4 (full 0):
 garbage-first heap   total 131072K, used 38298K [0x0000000080000000, 0x0000000100000000)
  region size 1024K, 36 young (36864K), 3 survivors (3072K)
 Metaspace       used 19850K, capacity 20200K, committed 20480K, reserved 1067008K
  class space    used 2121K, capacity 2247K, committed 2304K, reserved 1048576K
}
Event: 3.269 GC heap after
{Heap after GC invocations=5 (full 0):
 garbage-first heap   total 157696K, used 7883K [0x0000000080000000, 0x0000000100000000)
  region size 1024K, 5 young (5120K), 5 survivors (5120K)
 Metaspace       used 19850K, capacity 20200K, committed 20480K, reserved 1067008K
  class space    used 2121K, capacity 2247K, committed 2304K, reserved 1048576K
}
Event: 4.908 GC heap before
{Heap before GC invocations=5 (full 0):
 garbage-first heap   total 157696K, used 69323K [0x0000000080000000, 0x0000000100000000)
  region size 1024K, 66 young (67584K), 5 survivors (5120K)
 Metaspace       used 20962K, capacity 21225K, committed 21248K, reserved 1069056K
  class space    used 2170K, capacity 2289K, committed 2304K, reserved 1048576K
}
Event: 4.933 GC heap after
{Heap after GC invocations=6 (full 0):
 garbage-first heap   total 157696K, used 12410K [0x0000000080000000, 0x0000000100000000)
  region size 1024K, 10 young (10240K), 10 survivors (10240K)
 Metaspace       used 20962K, capacity 21225K, committed 21248K, reserved 1069056K
  class space    used 2170K, capacity 2289K, committed 2304K, reserved 1048576K
}
Event: 6.639 GC heap before
{Heap before GC invocations=7 (full 0):
 garbage-first heap   total 157696K, used 81018K [0x0000000080000000, 0x0000000100000000)
  region size 1024K, 75 young (76800K), 10 survivors (10240K)
 Metaspace       used 27575K, capacity 27938K, committed 28160K, reserved 1075200K
  class space    used 2923K, capacity 3052K, committed 3072K, reserved 1048576K
}
Event: 6.668 GC heap after
{Heap after GC invocations=8 (full 0):
 garbage-first heap   total 157696K, used 17340K [0x0000000080000000, 0x0000000100000000)
  region size 1024K, 9 young (9216K), 9 survivors (9216K)
 Metaspace       used 27575K, capacity 27938K, committed 28160K, reserved 1075200K
  class space    used 2923K, capacity 3052K, committed 3072K, reserved 1048576K
}

