# JRE version: Java(TM) SE Runtime Environment 18.9 (11.0.16+11) (build 11.0.16+11-LTS-199)
# Java VM: Java HotSpot(TM) 64-Bit Server VM 18.9 (11.0.16+11-LTS-199, mixed mode, tiered, compressed oops, g1 gc, windows-amd64)
Heap:
 garbage-first heap   total 233472K, used 125887K [0x0000000080000000, 0x0000000100000000)
  region size 1024K, 113 young (115712K), 11 survivors (11264K)
 Metaspace       used 52647K, capacity 54318K, committed 54576K, reserved 1095680K
  class space    used 6791K, capacity 7458K, committed 7552K, reserved 1048576K
GC Heap History (10 events):
Event: 1.932 GC heap before
{Heap before GC invocations=5 (full 0):
 garbage-first heap   total 157696K, used 40825K [0x0000000080000000, 0x0000000100000000)
  region size 1024K, 37 young (37888K), 4 survivors (4096K)
 Metaspace       used 20645K, capacity 21152K, committed 21296K, reserved 1069056K
  class space    used 2410K, capacity 2647K, committed 2688K, reserved 1048576K
}
Event: 1.943 GC heap after
{Heap after GC invocations=6 (full 0):
 garbage-first heap   total 157696K, used 8912K [0x0000000080000000, 0x0000000100000000)
  region size 1024K, 4 young (4096K), 4 survivors (4096K)
 Metaspace       used 20645K, capacity 21152K, committed 21296K, reserved 1069056K
  class space    used 2410K, capacity 2647K, committed 2688K, reserved 1048576K
}
Event: 2.993 GC heap before
{Heap before GC invocations=7 (full 0):
 garbage-first heap   total 157696K, used 99024K [0x0000000080000000, 0x0000000100000000)
  region size 1024K, 92 young (94208K), 4 survivors (4096K)
 Metaspace       used 24474K, capacity 25117K, committed 25264K, reserved 1071104K
  class space    used 2932K, capacity 3229K, committed 3328K, reserved 1048576K
}
Event: 3.014 GC heap after
{Heap after GC invocations=8 (full 0):
 garbage-first heap   total 157696K, used 11984K [0x0000000080000000, 0x0000000100000000)
  region size 1024K, 7 young (7168K), 7 survivors (7168K)
 Metaspace       used 24474K, capacity 25117K, committed 25264K, reserved 1071104K
  class space    used 2932K, capacity 3229K, committed 3328K, reserved 1048576K
}
Event: 4.520 GC heap before
{Heap before GC invocations=8 (full 0):
 garbage-first heap   total 157696K, used 104144K [0x0000000080000000, 0x0000000100000000)
  region size 1024K, 92 young (94208K), 7 survivors (7168K)
 Metaspace       used 32563K, capacity 33640K, committed 33712K, reserved 1079296K
  class space    used 4068K, capacity 4546K, committed 4608K, reserved 1048576K
}
Event: 4.550 GC heap after
{Heap after GC invocations=9 (full 0):
 garbage-first heap   total 157696K, used 16558K [0x0000000080000000, 0x0000000100000000)
  region size 1024K, 11 young (11264K), 11 survivors (11264K)
 Metaspace       used 32563K, capacity 33640K, committed 33712K, reserved 1079296K
  class space    used 4068K, capacity 4546K, committed 4608K, reserved 1048576K
}
Event: 4.865 GC heap before
{Heap before GC invocations=9 (full 0):
 garbage-first heap   total 157696K, used 44206K [0x0000000080000000, 0x0000000100000000)
  region size 1024K, 39 young (39936K), 11 survivors (11264K)
 Metaspace       used 34546K, capacity 35736K, committed 35888K, reserved 1081344K
  class space    used 4373K, capacity 4901K, committed 4992K, reserved 1048576K
}
Event: 4.896 GC heap after
{Heap after GC invocations=10 (full 0):
 garbage-first heap   total 233472K, used 17343K [0x0000000080000000, 0x0000000100000000)
  region size 1024K, 6 young (6144K), 6 survivors (6144K)
 Metaspace       used 34546K, capacity 35736K, committed 35888K, reserved 1081344K
  class space    used 4373K, capacity 4901K, committed 4992K, reserved 1048576K
}
Event: 6.579 GC heap before
{Heap before GC invocations=11 (full 0):
 garbage-first heap   total 233472K, used 126911K [0x0000000080000000, 0x0000000100000000)
  region size 1024K, 113 young (115712K), 6 survivors (6144K)
 Metaspace       used 43088K, capacity 44515K, committed 44592K, reserved 1087488K
  class space    used 5618K, capacity 6245K, committed 6272K, reserved 1048576K
}
Event: 6.609 GC heap after
{Heap after GC invocations=12 (full 0):
 garbage-first heap   total 233472K, used 22463K [0x0000000080000000, 0x0000000100000000)
  region size 1024K, 11 young (11264K), 11 survivors (11264K)
 Metaspace       used 43088K, capacity 44515K, committed 44592K, reserved 1087488K
  class space    used 5618K, capacity 6245K, committed 6272K, reserved 1048576K
}

