# JRE version: Java(TM) SE Runtime Environment 18.9 (11.0.16+11) (build 11.0.16+11-LTS-199)
# Java VM: Java HotSpot(TM) 64-Bit Server VM 18.9 (11.0.16+11-LTS-199, mixed mode, tiered, compressed oops, g1 gc, windows-amd64)
Heap:
 garbage-first heap   total 157696K, used 29620K [0x0000000080000000, 0x0000000100000000)
  region size 1024K, 10 young (10240K), 10 survivors (10240K)
 Metaspace       used 32743K, capacity 33407K, committed 33584K, reserved 1079296K
  class space    used 3441K, capacity 3655K, committed 3712K, reserved 1048576K
GC Heap History (10 events):
Event: 4.518 GC heap after
{Heap after GC invocations=4 (full 0):
 garbage-first heap   total 131072K, used 4514K [0x0000000080000000, 0x0000000100000000)
  region size 1024K, 2 young (2048K), 2 survivors (2048K)
 Metaspace       used 14837K, capacity 15066K, committed 15232K, reserved 1062912K
  class space    used 1520K, capacity 1596K, committed 1664K, reserved 1048576K
}
Event: 5.580 GC heap before
{Heap before GC invocations=4 (full 0):
 garbage-first heap   total 131072K, used 29090K [0x0000000080000000, 0x0000000100000000)
  region size 1024K, 27 young (27648K), 2 survivors (2048K)
 Metaspace       used 18822K, capacity 19123K, committed 19328K, reserved 1067008K
  class space    used 2040K, capacity 2154K, committed 2176K, reserved 1048576K
}
Event: 5.590 GC heap after
{Heap after GC invocations=5 (full 0):
 garbage-first heap   total 131072K, used 5941K [0x0000000080000000, 0x0000000100000000)
  region size 1024K, 3 young (3072K), 3 survivors (3072K)
 Metaspace       used 18822K, capacity 19123K, committed 19328K, reserved 1067008K
  class space    used 2040K, capacity 2154K, committed 2176K, reserved 1048576K
}
Event: 7.305 GC heap before
{Heap before GC invocations=5 (full 0):
 garbage-first heap   total 131072K, used 23349K [0x0000000080000000, 0x0000000100000000)
  region size 1024K, 21 young (21504K), 3 survivors (3072K)
 Metaspace       used 20792K, capacity 21083K, committed 21296K, reserved 1069056K
  class space    used 2204K, capacity 2328K, committed 2432K, reserved 1048576K
}
Event: 7.318 GC heap after
{Heap after GC invocations=6 (full 0):
 garbage-first heap   total 131072K, used 7890K [0x0000000080000000, 0x0000000100000000)
  region size 1024K, 5 young (5120K), 5 survivors (5120K)
 Metaspace       used 20792K, capacity 21083K, committed 21296K, reserved 1069056K
  class space    used 2204K, capacity 2328K, committed 2432K, reserved 1048576K
}
Event: 9.523 GC heap before
{Heap before GC invocations=7 (full 0):
 garbage-first heap   total 131072K, used 50898K [0x0000000080000000, 0x0000000100000000)
  region size 1024K, 47 young (48128K), 5 survivors (5120K)
 Metaspace       used 21555K, capacity 21931K, committed 22064K, reserved 1069056K
  class space    used 2240K, capacity 2395K, committed 2432K, reserved 1048576K
}
Event: 9.554 GC heap after
{Heap after GC invocations=8 (full 0):
 garbage-first heap   total 131072K, used 11769K [0x0000000080000000, 0x0000000100000000)
  region size 1024K, 6 young (6144K), 6 survivors (6144K)
 Metaspace       used 21555K, capacity 21931K, committed 22064K, reserved 1069056K
  class space    used 2240K, capacity 2395K, committed 2432K, reserved 1048576K
}
Event: 13.323 GC heap before
{Heap before GC invocations=8 (full 0):
 garbage-first heap   total 131072K, used 66041K [0x0000000080000000, 0x0000000100000000)
  region size 1024K, 59 young (60416K), 6 survivors (6144K)
 Metaspace       used 25934K, capacity 26467K, committed 26672K, reserved 1073152K
  class space    used 2694K, capacity 2849K, committed 2944K, reserved 1048576K
}
Event: 13.344 GC heap after
{Heap after GC invocations=9 (full 0):
 garbage-first heap   total 131072K, used 14451K [0x0000000080000000, 0x0000000100000000)
  region size 1024K, 7 young (7168K), 7 survivors (7168K)
 Metaspace       used 25934K, capacity 26467K, committed 26672K, reserved 1073152K
  class space    used 2694K, capacity 2849K, committed 2944K, reserved 1048576K
}
Event: 16.154 GC heap before
{Heap before GC invocations=9 (full 0):
 garbage-first heap   total 131072K, used 84083K [0x0000000080000000, 0x0000000100000000)
  region size 1024K, 76 young (77824K), 7 survivors (7168K)
 Metaspace       used 32743K, capacity 33407K, committed 33584K, reserved 1079296K
  class space    used 3441K, capacity 3655K, committed 3712K, reserved 1048576K
}

