# JRE version: Java(TM) SE Runtime Environment 18.9 (11.0.16+11) (build 11.0.16+11-LTS-199)
# Java VM: Java HotSpot(TM) 64-Bit Server VM 18.9 (11.0.16+11-LTS-199, mixed mode, tiered, compressed oops, g1 gc, windows-amd64)
Heap:
 garbage-first heap   total 211968K, used 18432K [0x0000000080000000, 0x0000000100000000)
  region size 1024K, 4 young (4096K), 4 survivors (4096K)
 Metaspace       used 40986K, capacity 42174K, committed 42268K, reserved 1093632K
  class space    used 5283K, capacity 5799K, committed 5836K, reserved 1048576K
GC Heap History (10 events):
Event: 1.664 GC heap before
{Heap before GC invocations=5 (full 0):
 garbage-first heap   total 157696K, used 15015K [0x0000000080000000, 0x0000000100000000)
  region size 1024K, 11 young (11264K), 3 survivors (3072K)
 Metaspace       used 20614K, capacity 21113K, committed 21296K, reserved 1069056K
  class space    used 2380K, capacity 2605K, committed 2688K, reserved 1048576K
}
Event: 1.672 GC heap after
{Heap after GC invocations=6 (full 0):
 garbage-first heap   total 157696K, used 9528K [0x0000000080000000, 0x0000000100000000)
  region size 1024K, 3 young (3072K), 3 survivors (3072K)
 Metaspace       used 20614K, capacity 21113K, committed 21296K, reserved 1069056K
  class space    used 2380K, capacity 2605K, committed 2688K, reserved 1048576K
}
Event: 2.381 GC heap before
{Heap before GC invocations=7 (full 0):
 garbage-first heap   total 157696K, used 47416K [0x0000000080000000, 0x0000000100000000)
  region size 1024K, 40 young (40960K), 3 survivors (3072K)
 Metaspace       used 23047K, capacity 23689K, committed 23984K, reserved 1071104K
  class space    used 2747K, capacity 3012K, committed 3072K, reserved 1048576K
}
Event: 2.391 GC heap after
{Heap after GC invocations=8 (full 0):
 garbage-first heap   total 157696K, used 10814K [0x0000000080000000, 0x0000000100000000)
  region size 1024K, 4 young (4096K), 4 survivors (4096K)
 Metaspace       used 23047K, capacity 23689K, committed 23984K, reserved 1071104K
  class space    used 2747K, capacity 3012K, committed 3072K, reserved 1048576K
}
Event: 3.777 GC heap before
{Heap before GC invocations=8 (full 0):
 garbage-first heap   total 157696K, used 66110K [0x0000000080000000, 0x0000000100000000)
  region size 1024K, 58 young (59392K), 4 survivors (4096K)
 Metaspace       used 30030K, capacity 31000K, committed 31280K, reserved 1077248K
  class space    used 3711K, capacity 4108K, committed 4224K, reserved 1048576K
}
Event: 3.796 GC heap after
{Heap after GC invocations=9 (full 0):
 garbage-first heap   total 157696K, used 14619K [0x0000000080000000, 0x0000000100000000)
  region size 1024K, 8 young (8192K), 8 survivors (8192K)
 Metaspace       used 30030K, capacity 31000K, committed 31280K, reserved 1077248K
  class space    used 3711K, capacity 4108K, committed 4224K, reserved 1048576K
}
Event: 4.272 GC heap before
{Heap before GC invocations=9 (full 0):
 garbage-first heap   total 157696K, used 52507K [0x0000000080000000, 0x0000000100000000)
  region size 1024K, 46 young (47104K), 8 survivors (8192K)
 Metaspace       used 34766K, capacity 35822K, committed 35920K, reserved 1081344K
  class space    used 4378K, capacity 4823K, committed 4864K, reserved 1048576K
}
Event: 4.295 GC heap after
{Heap after GC invocations=10 (full 0):
 garbage-first heap   total 211968K, used 16077K [0x0000000080000000, 0x0000000100000000)
  region size 1024K, 6 young (6144K), 6 survivors (6144K)
 Metaspace       used 34766K, capacity 35822K, committed 35920K, reserved 1081344K
  class space    used 4378K, capacity 4823K, committed 4864K, reserved 1048576K
}
Event: 4.788 GC heap before
{Heap before GC invocations=11 (full 0):
 garbage-first heap   total 211968K, used 42701K [0x0000000080000000, 0x0000000100000000)
  region size 1024K, 33 young (33792K), 6 survivors (6144K)
 Metaspace       used 40986K, capacity 42174K, committed 42268K, reserved 1091584K
  class space    used 5283K, capacity 5799K, committed 5836K, reserved 1048576K
}
Event: 4.808 GC heap after
{Heap after GC invocations=12 (full 0):
 garbage-first heap   total 211968K, used 18432K [0x0000000080000000, 0x0000000100000000)
  region size 1024K, 4 young (4096K), 4 survivors (4096K)
 Metaspace       used 40986K, capacity 42174K, committed 42268K, reserved 1091584K
  class space    used 5283K, capacity 5799K, committed 5836K, reserved 1048576K
}

