# JRE version: Java(TM) SE Runtime Environment 18.9 (11.0.16+11) (build 11.0.16+11-LTS-199)
# Java VM: Java HotSpot(TM) 64-Bit Server VM 18.9 (11.0.16+11-LTS-199, mixed mode, tiered, compressed oops, g1 gc, windows-amd64)
Heap:
 garbage-first heap   total 161792K, used 8029K [0x0000000080000000, 0x0000000100000000)
  region size 1024K, 4 young (4096K), 3 survivors (3072K)
 Metaspace       used 22427K, capacity 23105K, committed 23216K, reserved 1077248K
  class space    used 2687K, capacity 2963K, committed 3072K, reserved 1048576K
GC Heap History (10 events):
Event: 0.809 GC heap before
{Heap before GC invocations=1 (full 0):
 garbage-first heap   total 131072K, used 8671K [0x0000000080000000, 0x0000000100000000)
  region size 1024K, 6 young (6144K), 1 survivors (1024K)
 Metaspace       used 9641K, capacity 9794K, committed 9984K, reserved 1058816K
  class space    used 938K, capacity 991K, committed 1024K, reserved 1048576K
}
Event: 0.813 GC heap after
{Heap after GC invocations=2 (full 0):
 garbage-first heap   total 131072K, used 4124K [0x0000000080000000, 0x0000000100000000)
  region size 1024K, 1 young (1024K), 1 survivors (1024K)
 Metaspace       used 9641K, capacity 9794K, committed 9984K, reserved 1058816K
  class space    used 938K, capacity 991K, committed 1024K, reserved 1048576K
}
Event: 1.219 GC heap before
{Heap before GC invocations=2 (full 0):
 garbage-first heap   total 131072K, used 15388K [0x0000000080000000, 0x0000000100000000)
  region size 1024K, 12 young (12288K), 1 survivors (1024K)
 Metaspace       used 13593K, capacity 13906K, committed 14208K, reserved 1062912K
  class space    used 1469K, capacity 1613K, committed 1664K, reserved 1048576K
}
Event: 1.224 GC heap after
{Heap after GC invocations=3 (full 0):
 garbage-first heap   total 131072K, used 5093K [0x0000000080000000, 0x0000000100000000)
  region size 1024K, 2 young (2048K), 2 survivors (2048K)
 Metaspace       used 13593K, capacity 13906K, committed 14208K, reserved 1062912K
  class space    used 1469K, capacity 1613K, committed 1664K, reserved 1048576K
}
Event: 1.608 GC heap before
{Heap before GC invocations=3 (full 0):
 garbage-first heap   total 131072K, used 22501K [0x0000000080000000, 0x0000000100000000)
  region size 1024K, 20 young (20480K), 2 survivors (2048K)
 Metaspace       used 17833K, capacity 18296K, committed 18432K, reserved 1064960K
  class space    used 2016K, capacity 2235K, committed 2304K, reserved 1048576K
}
Event: 1.625 GC heap after
{Heap after GC invocations=4 (full 0):
 garbage-first heap   total 131072K, used 6034K [0x0000000080000000, 0x0000000100000000)
  region size 1024K, 3 young (3072K), 3 survivors (3072K)
 Metaspace       used 17833K, capacity 18296K, committed 18432K, reserved 1064960K
  class space    used 2016K, capacity 2235K, committed 2304K, reserved 1048576K
}
Event: 2.224 GC heap before
{Heap before GC invocations=4 (full 0):
 garbage-first heap   total 131072K, used 24466K [0x0000000080000000, 0x0000000100000000)
  region size 1024K, 22 young (22528K), 3 survivors (3072K)
 Metaspace       used 20630K, capacity 21181K, committed 21296K, reserved 1069056K
  class space    used 2409K, capacity 2649K, committed 2688K, reserved 1048576K
}
Event: 2.236 GC heap after
{Heap after GC invocations=5 (full 0):
 garbage-first heap   total 161792K, used 7288K [0x0000000080000000, 0x0000000100000000)
  region size 1024K, 4 young (4096K), 4 survivors (4096K)
 Metaspace       used 20630K, capacity 21181K, committed 21296K, reserved 1069056K
  class space    used 2409K, capacity 2649K, committed 2688K, reserved 1048576K
}
Event: 3.013 GC heap before
{Heap before GC invocations=6 (full 0):
 garbage-first heap   total 161792K, used 29816K [0x0000000080000000, 0x0000000100000000)
  region size 1024K, 27 young (27648K), 4 survivors (4096K)
 Metaspace       used 22427K, capacity 23073K, committed 23088K, reserved 1077248K
  class space    used 2686K, capacity 2931K, committed 2944K, reserved 1048576K
}
Event: 3.025 GC heap after
{Heap after GC invocations=7 (full 0):
 garbage-first heap   total 161792K, used 8029K [0x0000000080000000, 0x0000000100000000)
  region size 1024K, 3 young (3072K), 3 survivors (3072K)
 Metaspace       used 22427K, capacity 23073K, committed 23088K, reserved 1077248K
  class space    used 2686K, capacity 2931K, committed 2944K, reserved 1048576K
}

