# JRE version: Java(TM) SE Runtime Environment 18.9 (11.0.16+11) (build 11.0.16+11-LTS-199)
# Java VM: Java HotSpot(TM) 64-Bit Server VM 18.9 (11.0.16+11-LTS-199, mixed mode, tiered, compressed oops, g1 gc, windows-amd64)
Heap:
 garbage-first heap   total 231424K, used 19819K [0x0000000080000000, 0x0000000100000000)
  region size 1024K, 11 young (11264K), 11 survivors (11264K)
 Metaspace       used 34551K, capacity 35772K, committed 35888K, reserved 1081344K
  class space    used 4388K, capacity 4891K, committed 4992K, reserved 1048576K
GC Heap History (10 events):
Event: 1.008 GC heap after
{Heap after GC invocations=4 (full 0):
 garbage-first heap   total 131072K, used 7340K [0x0000000080000000, 0x0000000100000000)
  region size 1024K, 2 young (2048K), 2 survivors (2048K)
 Metaspace       used 13545K, capacity 13817K, committed 13952K, reserved 1060864K
  class space    used 1447K, capacity 1583K, committed 1664K, reserved 1048576K
}
Event: 1.559 GC heap before
{Heap before GC invocations=4 (full 0):
 garbage-first heap   total 131072K, used 29868K [0x0000000080000000, 0x0000000100000000)
  region size 1024K, 24 young (24576K), 2 survivors (2048K)
 Metaspace       used 18165K, capacity 18668K, committed 18688K, reserved 1064960K
  class space    used 2095K, capacity 2297K, committed 2304K, reserved 1048576K
}
Event: 1.568 GC heap after
{Heap after GC invocations=5 (full 0):
 garbage-first heap   total 159744K, used 8372K [0x0000000080000000, 0x0000000100000000)
  region size 1024K, 3 young (3072K), 3 survivors (3072K)
 Metaspace       used 18165K, capacity 18668K, committed 18688K, reserved 1064960K
  class space    used 2095K, capacity 2297K, committed 2304K, reserved 1048576K
}
Event: 1.743 GC heap before
{Heap before GC invocations=5 (full 0):
 garbage-first heap   total 159744K, used 22708K [0x0000000080000000, 0x0000000100000000)
  region size 1024K, 18 young (18432K), 3 survivors (3072K)
 Metaspace       used 20574K, capacity 21163K, committed 21296K, reserved 1069056K
  class space    used 2418K, capacity 2648K, committed 2688K, reserved 1048576K
}
Event: 1.753 GC heap after
{Heap after GC invocations=6 (full 0):
 garbage-first heap   total 159744K, used 8865K [0x0000000080000000, 0x0000000100000000)
  region size 1024K, 3 young (3072K), 3 survivors (3072K)
 Metaspace       used 20574K, capacity 21163K, committed 21296K, reserved 1069056K
  class space    used 2418K, capacity 2648K, committed 2688K, reserved 1048576K
}
Event: 2.403 GC heap before
{Heap before GC invocations=7 (full 0):
 garbage-first heap   total 159744K, used 55969K [0x0000000080000000, 0x0000000100000000)
  region size 1024K, 50 young (51200K), 3 survivors (3072K)
 Metaspace       used 23307K, capacity 24082K, committed 24240K, reserved 1071104K
  class space    used 2784K, capacity 3058K, committed 3072K, reserved 1048576K
}
Event: 2.417 GC heap after
{Heap after GC invocations=8 (full 0):
 garbage-first heap   total 159744K, used 11445K [0x0000000080000000, 0x0000000100000000)
  region size 1024K, 6 young (6144K), 6 survivors (6144K)
 Metaspace       used 23307K, capacity 24082K, committed 24240K, reserved 1071104K
  class space    used 2784K, capacity 3058K, committed 3072K, reserved 1048576K
}
Event: 3.520 GC heap before
{Heap before GC invocations=8 (full 0):
 garbage-first heap   total 159744K, used 74933K [0x0000000080000000, 0x0000000100000000)
  region size 1024K, 68 young (69632K), 6 survivors (6144K)
 Metaspace       used 28895K, capacity 29860K, committed 30128K, reserved 1075200K
  class space    used 3617K, capacity 3978K, committed 4096K, reserved 1048576K
}
Event: 3.543 GC heap after
{Heap after GC invocations=9 (full 0):
 garbage-first heap   total 159744K, used 14207K [0x0000000080000000, 0x0000000100000000)
  region size 1024K, 7 young (7168K), 7 survivors (7168K)
 Metaspace       used 28895K, capacity 29860K, committed 30128K, reserved 1075200K
  class space    used 3617K, capacity 3978K, committed 4096K, reserved 1048576K
}
Event: 4.710 GC heap before
{Heap before GC invocations=9 (full 0):
 garbage-first heap   total 159744K, used 100223K [0x0000000080000000, 0x0000000100000000)
  region size 1024K, 88 young (90112K), 7 survivors (7168K)
 Metaspace       used 34551K, capacity 35772K, committed 35888K, reserved 1081344K
  class space    used 4388K, capacity 4891K, committed 4992K, reserved 1048576K
}

