# JRE version: Java(TM) SE Runtime Environment 18.9 (11.0.16+11) (build 11.0.16+11-LTS-199)
# Java VM: Java HotSpot(TM) 64-Bit Server VM 18.9 (11.0.16+11-LTS-199, mixed mode, tiered, compressed oops, g1 gc, windows-amd64)
Heap:
 garbage-first heap   total 157696K, used 13893K [0x0000000080000000, 0x0000000100000000)
  region size 1024K, 7 young (7168K), 7 survivors (7168K)
 Metaspace       used 25223K, capacity 25784K, committed 26032K, reserved 1073152K
  class space    used 2608K, capacity 2768K, committed 2816K, reserved 1048576K
GC Heap History (10 events):
Event: 2.082 GC heap after
{Heap after GC invocations=3 (full 0):
 garbage-first heap   total 131072K, used 4127K [0x0000000080000000, 0x0000000100000000)
  region size 1024K, 2 young (2048K), 2 survivors (2048K)
 Metaspace       used 13417K, capacity 13665K, committed 13824K, reserved 1060864K
  class space    used 1354K, capacity 1431K, committed 1536K, reserved 1048576K
}
Event: 2.529 GC heap before
{Heap before GC invocations=3 (full 0):
 garbage-first heap   total 131072K, used 22559K [0x0000000080000000, 0x0000000100000000)
  region size 1024K, 20 young (20480K), 2 survivors (2048K)
 Metaspace       used 15115K, capacity 15393K, committed 15488K, reserved 1062912K
  class space    used 1567K, capacity 1661K, committed 1664K, reserved 1048576K
}
Event: 2.537 GC heap after
{Heap after GC invocations=4 (full 0):
 garbage-first heap   total 131072K, used 4765K [0x0000000080000000, 0x0000000100000000)
  region size 1024K, 2 young (2048K), 2 survivors (2048K)
 Metaspace       used 15115K, capacity 15393K, committed 15488K, reserved 1062912K
  class space    used 1567K, capacity 1661K, committed 1664K, reserved 1048576K
}
Event: 4.067 GC heap before
{Heap before GC invocations=4 (full 0):
 garbage-first heap   total 131072K, used 41629K [0x0000000080000000, 0x0000000100000000)
  region size 1024K, 38 young (38912K), 2 survivors (2048K)
 Metaspace       used 20688K, capacity 21013K, committed 21120K, reserved 1069056K
  class space    used 2200K, capacity 2326K, committed 2432K, reserved 1048576K
}
Event: 4.081 GC heap after
{Heap after GC invocations=5 (full 0):
 garbage-first heap   total 131072K, used 7689K [0x0000000080000000, 0x0000000100000000)
  region size 1024K, 5 young (5120K), 5 survivors (5120K)
 Metaspace       used 20688K, capacity 21013K, committed 21120K, reserved 1069056K
  class space    used 2200K, capacity 2326K, committed 2432K, reserved 1048576K
}
Event: 4.184 GC heap before
{Heap before GC invocations=5 (full 0):
 garbage-first heap   total 131072K, used 8713K [0x0000000080000000, 0x0000000100000000)
  region size 1024K, 7 young (7168K), 5 survivors (5120K)
 Metaspace       used 20756K, capacity 21080K, committed 21296K, reserved 1069056K
  class space    used 2200K, capacity 2327K, committed 2432K, reserved 1048576K
}
Event: 4.197 GC heap after
{Heap after GC invocations=6 (full 0):
 garbage-first heap   total 131072K, used 7913K [0x0000000080000000, 0x0000000100000000)
  region size 1024K, 4 young (4096K), 4 survivors (4096K)
 Metaspace       used 20756K, capacity 21080K, committed 21296K, reserved 1069056K
  class space    used 2200K, capacity 2327K, committed 2432K, reserved 1048576K
}
Event: 5.897 GC heap before
{Heap before GC invocations=7 (full 0):
 garbage-first heap   total 131072K, used 45801K [0x0000000080000000, 0x0000000100000000)
  region size 1024K, 41 young (41984K), 4 survivors (4096K)
 Metaspace       used 21438K, capacity 21832K, committed 22064K, reserved 1069056K
  class space    used 2237K, capacity 2362K, committed 2432K, reserved 1048576K
}
Event: 5.915 GC heap after
{Heap after GC invocations=8 (full 0):
 garbage-first heap   total 131072K, used 11165K [0x0000000080000000, 0x0000000100000000)
  region size 1024K, 4 young (4096K), 4 survivors (4096K)
 Metaspace       used 21438K, capacity 21832K, committed 22064K, reserved 1069056K
  class space    used 2237K, capacity 2362K, committed 2432K, reserved 1048576K
}
Event: 8.639 GC heap before
{Heap before GC invocations=8 (full 0):
 garbage-first heap   total 131072K, used 70557K [0x0000000080000000, 0x0000000100000000)
  region size 1024K, 62 young (63488K), 4 survivors (4096K)
 Metaspace       used 25223K, capacity 25784K, committed 26032K, reserved 1073152K
  class space    used 2608K, capacity 2768K, committed 2816K, reserved 1048576K
}

